running egg_info
writing ../../build/sensors_pkg/sensors_pkg.egg-info/PKG-INFO
writing dependency_links to ../../build/sensors_pkg/sensors_pkg.egg-info/dependency_links.txt
writing entry points to ../../build/sensors_pkg/sensors_pkg.egg-info/entry_points.txt
writing requirements to ../../build/sensors_pkg/sensors_pkg.egg-info/requires.txt
writing top-level names to ../../build/sensors_pkg/sensors_pkg.egg-info/top_level.txt
reading manifest file '../../build/sensors_pkg/sensors_pkg.egg-info/SOURCES.txt'
writing manifest file '../../build/sensors_pkg/sensors_pkg.egg-info/SOURCES.txt'
running build
running build_py
copying sensors_pkg/live_camera.py -> /home/moayyed/agri_bot1/build/sensors_pkg/build/lib/sensors_pkg
running install
running install_lib
copying /home/moayyed/agri_bot1/build/sensors_pkg/build/lib/sensors_pkg/live_camera.py -> /home/moayyed/agri_bot1/install/sensors_pkg/lib/python3.10/site-packages/sensors_pkg
byte-compiling /home/moayyed/agri_bot1/install/sensors_pkg/lib/python3.10/site-packages/sensors_pkg/live_camera.py to live_camera.cpython-310.pyc
running install_data
running install_egg_info
removing '/home/moayyed/agri_bot1/install/sensors_pkg/lib/python3.10/site-packages/sensors_pkg-0.0.0-py3.10.egg-info' (and everything under it)
Copying ../../build/sensors_pkg/sensors_pkg.egg-info to /home/moayyed/agri_bot1/install/sensors_pkg/lib/python3.10/site-packages/sensors_pkg-0.0.0-py3.10.egg-info
running install_scripts
Installing live_camera script to /home/moayyed/agri_bot1/install/sensors_pkg/lib/sensors_pkg
writing list of installed files to '/home/moayyed/agri_bot1/build/sensors_pkg/install.log'
