[3.666s] DEBUG:colcon:Command line arguments: ['/usr/bin/colcon', 'build']
[3.666s] DEBUG:colcon:Parsed command line arguments: Namespace(log_base=None, log_level=None, verb_name='build', build_base='build', install_base='install', merge_install=False, symlink_install=False, test_result_base=None, continue_on_error=False, executor='parallel', parallel_workers=3, event_handlers=None, ignore_user_meta=False, metas=['./colcon.meta'], base_paths=['.'], packages_ignore=None, packages_ignore_regex=None, paths=None, packages_up_to=None, packages_up_to_regex=None, packages_above=None, packages_above_and_dependencies=None, packages_above_depth=None, packages_select_by_dep=None, packages_skip_by_dep=None, packages_skip_up_to=None, packages_select_build_failed=False, packages_skip_build_finished=False, packages_select_test_failures=False, packages_skip_test_passed=False, packages_select=None, packages_skip=None, packages_select_regex=None, packages_skip_regex=None, packages_start=None, packages_end=None, allow_overriding=[], cmake_args=None, cmake_target=None, cmake_target_skip_unavailable=False, cmake_clean_cache=False, cmake_clean_first=False, cmake_force_configure=False, ament_cmake_args=None, catkin_cmake_args=None, catkin_skip_building_tests=False, verb_parser=<colcon_defaults.argument_parser.defaults.DefaultArgumentsDecorator object at 0x7fdd69791870>, verb_extension=<colcon_core.verb.build.BuildVerb object at 0x7fdd69791360>, main=<bound method BuildVerb.main of <colcon_core.verb.build.BuildVerb object at 0x7fdd69791360>>)
[3.893s] Level 1:colcon.colcon_core.package_discovery:discover_packages(colcon_meta) check parameters
[3.893s] Level 1:colcon.colcon_core.package_discovery:discover_packages(recursive) check parameters
[3.893s] Level 1:colcon.colcon_core.package_discovery:discover_packages(ignore) check parameters
[3.893s] Level 1:colcon.colcon_core.package_discovery:discover_packages(path) check parameters
[3.894s] Level 1:colcon.colcon_core.package_discovery:discover_packages(colcon_meta) discover
[3.894s] Level 1:colcon.colcon_core.package_discovery:discover_packages(recursive) discover
[3.894s] INFO:colcon.colcon_core.package_discovery:Crawling recursively for packages in '/home/moayyed/agri_bot1'
[3.894s] Level 1:colcon.colcon_core.package_identification:_identify(.) by extensions ['ignore', 'ignore_ament_install']
[3.894s] Level 1:colcon.colcon_core.package_identification:_identify(.) by extension 'ignore'
[3.894s] Level 1:colcon.colcon_core.package_identification:_identify(.) by extension 'ignore_ament_install'
[3.895s] Level 1:colcon.colcon_core.package_identification:_identify(.) by extensions ['colcon_pkg']
[3.895s] Level 1:colcon.colcon_core.package_identification:_identify(.) by extension 'colcon_pkg'
[3.895s] Level 1:colcon.colcon_core.package_identification:_identify(.) by extensions ['colcon_meta']
[3.895s] Level 1:colcon.colcon_core.package_identification:_identify(.) by extension 'colcon_meta'
[3.895s] Level 1:colcon.colcon_core.package_identification:_identify(.) by extensions ['ros']
[3.895s] Level 1:colcon.colcon_core.package_identification:_identify(.) by extension 'ros'
[3.927s] Level 1:colcon.colcon_core.package_identification:_identify(.) by extensions ['cmake', 'python']
[3.927s] Level 1:colcon.colcon_core.package_identification:_identify(.) by extension 'cmake'
[3.927s] Level 1:colcon.colcon_core.package_identification:_identify(.) by extension 'python'
[3.928s] Level 1:colcon.colcon_core.package_identification:_identify(.) by extensions ['python_setup_py']
[3.928s] Level 1:colcon.colcon_core.package_identification:_identify(.) by extension 'python_setup_py'
[3.928s] Level 1:colcon.colcon_core.package_identification:_identify(build) by extensions ['ignore', 'ignore_ament_install']
[3.928s] Level 1:colcon.colcon_core.package_identification:_identify(build) by extension 'ignore'
[3.928s] Level 1:colcon.colcon_core.package_identification:_identify(build) ignored
[3.929s] Level 1:colcon.colcon_core.package_identification:_identify(install) by extensions ['ignore', 'ignore_ament_install']
[3.929s] Level 1:colcon.colcon_core.package_identification:_identify(install) by extension 'ignore'
[3.929s] Level 1:colcon.colcon_core.package_identification:_identify(install) ignored
[3.929s] Level 1:colcon.colcon_core.package_identification:_identify(log) by extensions ['ignore', 'ignore_ament_install']
[3.930s] Level 1:colcon.colcon_core.package_identification:_identify(log) by extension 'ignore'
[3.930s] Level 1:colcon.colcon_core.package_identification:_identify(log) ignored
[3.930s] Level 1:colcon.colcon_core.package_discovery:discover_packages(recursive) using defaults
[3.930s] Level 1:colcon.colcon_core.package_discovery:discover_packages(ignore) discover
[3.930s] Level 1:colcon.colcon_core.package_discovery:discover_packages(ignore) using defaults
[3.930s] Level 1:colcon.colcon_core.package_discovery:discover_packages(path) discover
[3.930s] Level 1:colcon.colcon_core.package_discovery:discover_packages(path) using defaults
[4.228s] Level 1:colcon.colcon_core.package_discovery:discover_packages(prefix_path) check parameters
[4.228s] Level 1:colcon.colcon_core.package_discovery:discover_packages(prefix_path) discover
[4.320s] DEBUG:colcon.colcon_installed_package_information.package_discovery:Found 2 installed packages in /home/moayyed/agri_bot/install
[4.361s] DEBUG:colcon.colcon_installed_package_information.package_discovery:Found 3 installed packages in /home/moayyed/ros_ws/install
[4.405s] DEBUG:colcon.colcon_installed_package_information.package_discovery:Found 278 installed packages in /opt/ros/humble
[4.408s] Level 1:colcon.colcon_core.package_discovery:discover_packages(prefix_path) using defaults
[4.674s] INFO:colcon.colcon_core.executor:Executing jobs using 'parallel' executor
[4.718s] DEBUG:colcon.colcon_parallel_executor.executor.parallel:run_until_complete
[4.718s] DEBUG:colcon.colcon_parallel_executor.executor.parallel:closing loop
[4.719s] DEBUG:colcon.colcon_parallel_executor.executor.parallel:loop closed
[4.719s] DEBUG:colcon.colcon_parallel_executor.executor.parallel:run_until_complete finished with '0'
[4.719s] DEBUG:colcon.colcon_core.event_reactor:joining thread
[4.795s] INFO:colcon.colcon_core.plugin_system:Skipping extension 'colcon_notification.desktop_notification.terminal_notifier': Not used on non-Darwin systems
[4.795s] INFO:colcon.colcon_core.plugin_system:Skipping extension 'colcon_notification.desktop_notification.win32': Not used on non-Windows systems
[4.795s] INFO:colcon.colcon_notification.desktop_notification:Sending desktop notification using 'notify2'
[4.834s] DEBUG:colcon.colcon_core.event_reactor:joined thread
[4.951s] INFO:colcon.colcon_core.plugin_system:Skipping extension 'colcon_core.shell.bat': Not used on non-Windows systems
[4.952s] INFO:colcon.colcon_core.shell:Creating prefix script '/home/moayyed/agri_bot1/install/local_setup.ps1'
[4.956s] INFO:colcon.colcon_core.shell:Creating prefix util module '/home/moayyed/agri_bot1/install/_local_setup_util_ps1.py'
[4.962s] INFO:colcon.colcon_core.shell:Creating prefix chain script '/home/moayyed/agri_bot1/install/setup.ps1'
[5.036s] INFO:colcon.colcon_core.shell:Creating prefix script '/home/moayyed/agri_bot1/install/local_setup.sh'
[5.039s] INFO:colcon.colcon_core.shell:Creating prefix util module '/home/moayyed/agri_bot1/install/_local_setup_util_sh.py'
[5.042s] INFO:colcon.colcon_core.shell:Creating prefix chain script '/home/moayyed/agri_bot1/install/setup.sh'
[5.115s] INFO:colcon.colcon_core.shell:Creating prefix script '/home/moayyed/agri_bot1/install/local_setup.bash'
[5.118s] INFO:colcon.colcon_core.shell:Creating prefix chain script '/home/moayyed/agri_bot1/install/setup.bash'
[5.175s] INFO:colcon.colcon_core.shell:Creating prefix script '/home/moayyed/agri_bot1/install/local_setup.zsh'
[5.177s] INFO:colcon.colcon_core.shell:Creating prefix chain script '/home/moayyed/agri_bot1/install/setup.zsh'
