running egg_info
creating ../../build/sensors_pkg/sensors_pkg.egg-info
writing ../../build/sensors_pkg/sensors_pkg.egg-info/PKG-INFO
writing dependency_links to ../../build/sensors_pkg/sensors_pkg.egg-info/dependency_links.txt
writing entry points to ../../build/sensors_pkg/sensors_pkg.egg-info/entry_points.txt
writing requirements to ../../build/sensors_pkg/sensors_pkg.egg-info/requires.txt
writing top-level names to ../../build/sensors_pkg/sensors_pkg.egg-info/top_level.txt
writing manifest file '../../build/sensors_pkg/sensors_pkg.egg-info/SOURCES.txt'
reading manifest file '../../build/sensors_pkg/sensors_pkg.egg-info/SOURCES.txt'
writing manifest file '../../build/sensors_pkg/sensors_pkg.egg-info/SOURCES.txt'
running build
running build_py
creating /home/moayyed/agri_bot1/build/sensors_pkg/build
creating /home/moayyed/agri_bot1/build/sensors_pkg/build/lib
creating /home/moayyed/agri_bot1/build/sensors_pkg/build/lib/sensors_pkg
copying sensors_pkg/live_camera.py -> /home/moayyed/agri_bot1/build/sensors_pkg/build/lib/sensors_pkg
copying sensors_pkg/__init__.py -> /home/moayyed/agri_bot1/build/sensors_pkg/build/lib/sensors_pkg
running install
running install_lib
creating /home/moayyed/agri_bot1/install/sensors_pkg/lib/python3.10/site-packages/sensors_pkg
copying /home/moayyed/agri_bot1/build/sensors_pkg/build/lib/sensors_pkg/live_camera.py -> /home/moayyed/agri_bot1/install/sensors_pkg/lib/python3.10/site-packages/sensors_pkg
copying /home/moayyed/agri_bot1/build/sensors_pkg/build/lib/sensors_pkg/__init__.py -> /home/moayyed/agri_bot1/install/sensors_pkg/lib/python3.10/site-packages/sensors_pkg
byte-compiling /home/moayyed/agri_bot1/install/sensors_pkg/lib/python3.10/site-packages/sensors_pkg/live_camera.py to live_camera.cpython-310.pyc
byte-compiling /home/moayyed/agri_bot1/install/sensors_pkg/lib/python3.10/site-packages/sensors_pkg/__init__.py to __init__.cpython-310.pyc
running install_data
creating /home/moayyed/agri_bot1/install/sensors_pkg/share/ament_index
creating /home/moayyed/agri_bot1/install/sensors_pkg/share/ament_index/resource_index
creating /home/moayyed/agri_bot1/install/sensors_pkg/share/ament_index/resource_index/packages
copying resource/sensors_pkg -> /home/moayyed/agri_bot1/install/sensors_pkg/share/ament_index/resource_index/packages
copying package.xml -> /home/moayyed/agri_bot1/install/sensors_pkg/share/sensors_pkg
running install_egg_info
Copying ../../build/sensors_pkg/sensors_pkg.egg-info to /home/moayyed/agri_bot1/install/sensors_pkg/lib/python3.10/site-packages/sensors_pkg-0.0.0-py3.10.egg-info
running install_scripts
Installing live_camera script to /home/moayyed/agri_bot1/install/sensors_pkg/lib/sensors_pkg
writing list of installed files to '/home/moayyed/agri_bot1/build/sensors_pkg/install.log'
