running egg_info
creating ../../build/AI_pkg/AI_pkg.egg-info
writing ../../build/AI_pkg/AI_pkg.egg-info/PKG-INFO
writing dependency_links to ../../build/AI_pkg/AI_pkg.egg-info/dependency_links.txt
writing entry points to ../../build/AI_pkg/AI_pkg.egg-info/entry_points.txt
writing requirements to ../../build/AI_pkg/AI_pkg.egg-info/requires.txt
writing top-level names to ../../build/AI_pkg/AI_pkg.egg-info/top_level.txt
writing manifest file '../../build/AI_pkg/AI_pkg.egg-info/SOURCES.txt'
reading manifest file '../../build/AI_pkg/AI_pkg.egg-info/SOURCES.txt'
writing manifest file '../../build/AI_pkg/AI_pkg.egg-info/SOURCES.txt'
running build
running build_py
creating /home/moayyed/agri_bot1/build/AI_pkg/build
creating /home/moayyed/agri_bot1/build/AI_pkg/build/lib
creating /home/moayyed/agri_bot1/build/AI_pkg/build/lib/AI_pkg
copying AI_pkg/detection_model.py -> /home/moayyed/agri_bot1/build/AI_pkg/build/lib/AI_pkg
copying AI_pkg/__init__.py -> /home/moayyed/agri_bot1/build/AI_pkg/build/lib/AI_pkg
running install
running install_lib
creating /home/moayyed/agri_bot1/install/AI_pkg/lib/python3.10/site-packages/AI_pkg
copying /home/moayyed/agri_bot1/build/AI_pkg/build/lib/AI_pkg/detection_model.py -> /home/moayyed/agri_bot1/install/AI_pkg/lib/python3.10/site-packages/AI_pkg
copying /home/moayyed/agri_bot1/build/AI_pkg/build/lib/AI_pkg/__init__.py -> /home/moayyed/agri_bot1/install/AI_pkg/lib/python3.10/site-packages/AI_pkg
byte-compiling /home/moayyed/agri_bot1/install/AI_pkg/lib/python3.10/site-packages/AI_pkg/detection_model.py to detection_model.cpython-310.pyc
byte-compiling /home/moayyed/agri_bot1/install/AI_pkg/lib/python3.10/site-packages/AI_pkg/__init__.py to __init__.cpython-310.pyc
running install_data
creating /home/moayyed/agri_bot1/install/AI_pkg/share/ament_index
creating /home/moayyed/agri_bot1/install/AI_pkg/share/ament_index/resource_index
creating /home/moayyed/agri_bot1/install/AI_pkg/share/ament_index/resource_index/packages
copying resource/AI_pkg -> /home/moayyed/agri_bot1/install/AI_pkg/share/ament_index/resource_index/packages
copying package.xml -> /home/moayyed/agri_bot1/install/AI_pkg/share/AI_pkg
running install_egg_info
Copying ../../build/AI_pkg/AI_pkg.egg-info to /home/moayyed/agri_bot1/install/AI_pkg/lib/python3.10/site-packages/AI_pkg-0.0.0-py3.10.egg-info
running install_scripts
writing list of installed files to '/home/moayyed/agri_bot1/build/AI_pkg/install.log'
