[0.749s] Invoking command in '/home/moayyed/agri_bot1/src/AI_pkg': PYTHONPATH=/home/moayyed/agri_bot1/build/AI_pkg/prefix_override:/home/moayyed/agri_bot1/install/AI_pkg/lib/python3.10/site-packages:${PYTHONPATH} /usr/bin/python3 setup.py egg_info --egg-base ../../build/AI_pkg build --build-base /home/moayyed/agri_bot1/build/AI_pkg/build install --record /home/moayyed/agri_bot1/build/AI_pkg/install.log --single-version-externally-managed
[0.983s] running egg_info
[0.984s] creating ../../build/AI_pkg/AI_pkg.egg-info
[0.984s] writing ../../build/AI_pkg/AI_pkg.egg-info/PKG-INFO
[0.984s] writing dependency_links to ../../build/AI_pkg/AI_pkg.egg-info/dependency_links.txt
[0.984s] writing entry points to ../../build/AI_pkg/AI_pkg.egg-info/entry_points.txt
[0.984s] writing requirements to ../../build/AI_pkg/AI_pkg.egg-info/requires.txt
[0.984s] writing top-level names to ../../build/AI_pkg/AI_pkg.egg-info/top_level.txt
[0.985s] writing manifest file '../../build/AI_pkg/AI_pkg.egg-info/SOURCES.txt'
[0.986s] reading manifest file '../../build/AI_pkg/AI_pkg.egg-info/SOURCES.txt'
[0.986s] writing manifest file '../../build/AI_pkg/AI_pkg.egg-info/SOURCES.txt'
[0.987s] running build
[0.987s] running build_py
[0.987s] creating /home/moayyed/agri_bot1/build/AI_pkg/build
[0.987s] creating /home/moayyed/agri_bot1/build/AI_pkg/build/lib
[0.987s] creating /home/moayyed/agri_bot1/build/AI_pkg/build/lib/AI_pkg
[0.987s] copying AI_pkg/detection_model.py -> /home/moayyed/agri_bot1/build/AI_pkg/build/lib/AI_pkg
[0.987s] copying AI_pkg/__init__.py -> /home/moayyed/agri_bot1/build/AI_pkg/build/lib/AI_pkg
[0.987s] running install
[0.987s] running install_lib
[0.988s] creating /home/moayyed/agri_bot1/install/AI_pkg/lib/python3.10/site-packages/AI_pkg
[0.988s] copying /home/moayyed/agri_bot1/build/AI_pkg/build/lib/AI_pkg/detection_model.py -> /home/moayyed/agri_bot1/install/AI_pkg/lib/python3.10/site-packages/AI_pkg
[0.988s] copying /home/moayyed/agri_bot1/build/AI_pkg/build/lib/AI_pkg/__init__.py -> /home/moayyed/agri_bot1/install/AI_pkg/lib/python3.10/site-packages/AI_pkg
[0.988s] byte-compiling /home/moayyed/agri_bot1/install/AI_pkg/lib/python3.10/site-packages/AI_pkg/detection_model.py to detection_model.cpython-310.pyc
[0.989s] byte-compiling /home/moayyed/agri_bot1/install/AI_pkg/lib/python3.10/site-packages/AI_pkg/__init__.py to __init__.cpython-310.pyc
[0.989s] running install_data
[0.990s] creating /home/moayyed/agri_bot1/install/AI_pkg/share/ament_index
[0.990s] creating /home/moayyed/agri_bot1/install/AI_pkg/share/ament_index/resource_index
[0.990s] creating /home/moayyed/agri_bot1/install/AI_pkg/share/ament_index/resource_index/packages
[0.990s] copying resource/AI_pkg -> /home/moayyed/agri_bot1/install/AI_pkg/share/ament_index/resource_index/packages
[0.990s] copying package.xml -> /home/moayyed/agri_bot1/install/AI_pkg/share/AI_pkg
[0.990s] running install_egg_info
[0.991s] Copying ../../build/AI_pkg/AI_pkg.egg-info to /home/moayyed/agri_bot1/install/AI_pkg/lib/python3.10/site-packages/AI_pkg-0.0.0-py3.10.egg-info
[0.992s] running install_scripts
[1.009s] writing list of installed files to '/home/moayyed/agri_bot1/build/AI_pkg/install.log'
[1.029s] Invoked command in '/home/moayyed/agri_bot1/src/AI_pkg' returned '0': PYTHONPATH=/home/moayyed/agri_bot1/build/AI_pkg/prefix_override:/home/moayyed/agri_bot1/install/AI_pkg/lib/python3.10/site-packages:${PYTHONPATH} /usr/bin/python3 setup.py egg_info --egg-base ../../build/AI_pkg build --build-base /home/moayyed/agri_bot1/build/AI_pkg/build install --record /home/moayyed/agri_bot1/build/AI_pkg/install.log --single-version-externally-managed
