-- Found ament_cmake: 1.3.5 (/opt/ros/humble/share/ament_cmake/cmake)
-- Found rosidl_default_generators: 1.2.0 (/opt/ros/humble/share/rosidl_default_generators/cmake)
-- Using all available rosidl_typesupport_c: rosidl_typesupport_fastrtps_c;rosidl_typesupport_introspection_c
-- Found rosidl_adapter: 3.1.5 (/opt/ros/humble/share/rosidl_adapter/cmake)
-- Using all available rosidl_typesupport_cpp: rosidl_typesupport_fastrtps_cpp;rosidl_typesupport_introspection_cpp
-- Found ament_cmake_ros: 0.10.0 (/opt/ros/humble/share/ament_cmake_ros/cmake)
-- Using all available rosidl_typesupport_c: rosidl_typesupport_fastrtps_c;rosidl_typesupport_introspection_c
-- Using all available rosidl_typesupport_cpp: rosidl_typesupport_fastrtps_cpp;rosidl_typesupport_introspection_cpp
-- Found python_cmake_module: 0.10.0 (/opt/ros/humble/share/python_cmake_module/cmake)
-- Using PYTHON_EXECUTABLE: /usr/bin/python3
-- Using PYTHON_INCLUDE_DIRS: /usr/include/python3.10
-- Using PYTHON_LIBRARIES: /usr/lib/x86_64-linux-gnu/libpython3.10.so
-- Configuring done
-- Generating done
-- Build files have been written to: /home/moayyed/agri_bot1/build/interface_pkg
[  3%] [34m[1mGenerating C code for ROS interfaces[0m
[  6%] [34m[1mGenerating C++ code for ROS interfaces[0m
[  6%] Built target ament_cmake_python_copy_interface_pkg
[35m[1mConsolidate compiler generated dependencies of target interface_pkg__rosidl_generator_c[0m
[  6%] Built target interface_pkg__cpp
[  9%] [32mBuilding C object CMakeFiles/interface_pkg__rosidl_generator_c.dir/rosidl_generator_c/interface_pkg/msg/detail/detection__functions.c.o[0m
[ 12%] [34m[1mGenerating C++ type support dispatch for ROS interfaces[0m
running egg_info
writing interface_pkg.egg-info/PKG-INFO
writing dependency_links to interface_pkg.egg-info/dependency_links.txt
writing top-level names to interface_pkg.egg-info/top_level.txt
In file included from [01m[K/home/moayyed/agri_bot1/build/interface_pkg/rosidl_generator_c/interface_pkg/msg/detail/detection__functions.h:19[m[K,
                 from [01m[K/home/moayyed/agri_bot1/build/interface_pkg/rosidl_generator_c/interface_pkg/msg/detail/detection__functions.c:4[m[K:
[01m[K/home/moayyed/agri_bot1/build/interface_pkg/rosidl_generator_c/interface_pkg/msg/detail/detection__struct.h:24:10:[m[K [01;31m[Kfatal error: [m[Kinterface_pkg/msg/detail/point2_d__struct.h: No such file or directory
   24 | #include [01;31m[K"interface_pkg/msg/detail/point2_d__struct.h"[m[K
      |          [01;31m[K^~~~~~~~~~~~~~~~~~~~~~~~~~~~~~~~~~~~~~~~~~~~~[m[K
compilation terminated.
gmake[2]: *** [CMakeFiles/interface_pkg__rosidl_generator_c.dir/build.make:105: CMakeFiles/interface_pkg__rosidl_generator_c.dir/rosidl_generator_c/interface_pkg/msg/detail/detection__functions.c.o] Error 1
gmake[1]: *** [CMakeFiles/Makefile2:213: CMakeFiles/interface_pkg__rosidl_generator_c.dir/all] Error 2
gmake[1]: *** Waiting for unfinished jobs....
reading manifest file 'interface_pkg.egg-info/SOURCES.txt'
writing manifest file 'interface_pkg.egg-info/SOURCES.txt'
[ 12%] Built target ament_cmake_python_build_interface_pkg_egg
[35m[1mConsolidate compiler generated dependencies of target interface_pkg__rosidl_typesupport_cpp[0m
[ 16%] [32mBuilding CXX object CMakeFiles/interface_pkg__rosidl_typesupport_cpp.dir/rosidl_typesupport_cpp/interface_pkg/msg/detection__type_support.cpp.o[0m
In file included from [01m[K/home/moayyed/agri_bot1/build/interface_pkg/rosidl_typesupport_cpp/interface_pkg/msg/detection__type_support.cpp:7[m[K:
[01m[K/home/moayyed/agri_bot1/build/interface_pkg/rosidl_generator_cpp/interface_pkg/msg/detail/detection__struct.hpp:20:10:[m[K [01;31m[Kfatal error: [m[Kinterface_pkg/msg/detail/point2_d__struct.hpp: No such file or directory
   20 | #include [01;31m[K"interface_pkg/msg/detail/point2_d__struct.hpp"[m[K
      |          [01;31m[K^~~~~~~~~~~~~~~~~~~~~~~~~~~~~~~~~~~~~~~~~~~~~~~[m[K
compilation terminated.
gmake[2]: *** [CMakeFiles/interface_pkg__rosidl_typesupport_cpp.dir/build.make:86: CMakeFiles/interface_pkg__rosidl_typesupport_cpp.dir/rosidl_typesupport_cpp/interface_pkg/msg/detection__type_support.cpp.o] Error 1
gmake[1]: *** [CMakeFiles/Makefile2:395: CMakeFiles/interface_pkg__rosidl_typesupport_cpp.dir/all] Error 2
gmake: *** [Makefile:146: all] Error 2
