[0.084s] Invoking command in '/home/moayyed/agri_bot1/build/interface_pkg': CMAKE_PREFIX_PATH=${CMAKE_PREFIX_PATH}:/home/moayyed/agri_bot1/install/sensors_pkg:/home/moayyed/ros_ws/install/my_py_pkg:/opt/ros/humble /usr/bin/cmake --build /home/moayyed/agri_bot1/build/interface_pkg -- -j3 -l3
[0.115s] -- Found ament_cmake: 1.3.5 (/opt/ros/humble/share/ament_cmake/cmake)
[0.250s] -- Found rosidl_default_generators: 1.2.0 (/opt/ros/humble/share/rosidl_default_generators/cmake)
[0.252s] -- Using all available rosidl_typesupport_c: rosidl_typesupport_fastrtps_c;rosidl_typesupport_introspection_c
[0.255s] -- Found rosidl_adapter: 3.1.5 (/opt/ros/humble/share/rosidl_adapter/cmake)
[0.282s] -- Using all available rosidl_typesupport_cpp: rosidl_typesupport_fastrtps_cpp;rosidl_typesupport_introspection_cpp
[0.525s] -- Found ament_cmake_ros: 0.10.0 (/opt/ros/humble/share/ament_cmake_ros/cmake)
[0.692s] -- Using all available rosidl_typesupport_c: rosidl_typesupport_fastrtps_c;rosidl_typesupport_introspection_c
[0.912s] -- Using all available rosidl_typesupport_cpp: rosidl_typesupport_fastrtps_cpp;rosidl_typesupport_introspection_cpp
[0.934s] -- Found python_cmake_module: 0.10.0 (/opt/ros/humble/share/python_cmake_module/cmake)
[0.955s] -- Using PYTHON_EXECUTABLE: /usr/bin/python3
[0.955s] -- Using PYTHON_INCLUDE_DIRS: /usr/include/python3.10
[0.956s] -- Using PYTHON_LIBRARIES: /usr/lib/x86_64-linux-gnu/libpython3.10.so
[0.971s] -- Configuring done
[1.002s] -- Generating done
[1.007s] -- Build files have been written to: /home/moayyed/agri_bot1/build/interface_pkg
[1.036s] [  3%] [34m[1mGenerating C code for ROS interfaces[0m
[1.049s] [  6%] [34m[1mGenerating C++ code for ROS interfaces[0m
[1.060s] [  6%] Built target ament_cmake_python_copy_interface_pkg
[1.292s] [35m[1mConsolidate compiler generated dependencies of target interface_pkg__rosidl_generator_c[0m
[1.303s] [  6%] Built target interface_pkg__cpp
[1.307s] [  9%] [32mBuilding C object CMakeFiles/interface_pkg__rosidl_generator_c.dir/rosidl_generator_c/interface_pkg/msg/detail/detection__functions.c.o[0m
[1.317s] [ 12%] [34m[1mGenerating C++ type support dispatch for ROS interfaces[0m
[1.320s] running egg_info
[1.321s] writing interface_pkg.egg-info/PKG-INFO
[1.322s] writing dependency_links to interface_pkg.egg-info/dependency_links.txt
[1.322s] writing top-level names to interface_pkg.egg-info/top_level.txt
[1.323s] In file included from [01m[K/home/moayyed/agri_bot1/build/interface_pkg/rosidl_generator_c/interface_pkg/msg/detail/detection__functions.h:19[m[K,
[1.323s]                  from [01m[K/home/moayyed/agri_bot1/build/interface_pkg/rosidl_generator_c/interface_pkg/msg/detail/detection__functions.c:4[m[K:
[1.324s] [01m[K/home/moayyed/agri_bot1/build/interface_pkg/rosidl_generator_c/interface_pkg/msg/detail/detection__struct.h:24:10:[m[K [01;31m[Kfatal error: [m[Kinterface_pkg/msg/detail/point2_d__struct.h: No such file or directory
[1.324s]    24 | #include [01;31m[K"interface_pkg/msg/detail/point2_d__struct.h"[m[K
[1.324s]       |          [01;31m[K^~~~~~~~~~~~~~~~~~~~~~~~~~~~~~~~~~~~~~~~~~~~~[m[K
[1.324s] compilation terminated.
[1.324s] gmake[2]: *** [CMakeFiles/interface_pkg__rosidl_generator_c.dir/build.make:105: CMakeFiles/interface_pkg__rosidl_generator_c.dir/rosidl_generator_c/interface_pkg/msg/detail/detection__functions.c.o] Error 1
[1.325s] gmake[1]: *** [CMakeFiles/Makefile2:213: CMakeFiles/interface_pkg__rosidl_generator_c.dir/all] Error 2
[1.325s] gmake[1]: *** Waiting for unfinished jobs....
[1.325s] reading manifest file 'interface_pkg.egg-info/SOURCES.txt'
[1.326s] writing manifest file 'interface_pkg.egg-info/SOURCES.txt'
[1.354s] [ 12%] Built target ament_cmake_python_build_interface_pkg_egg
[1.497s] [35m[1mConsolidate compiler generated dependencies of target interface_pkg__rosidl_typesupport_cpp[0m
[1.516s] [ 16%] [32mBuilding CXX object CMakeFiles/interface_pkg__rosidl_typesupport_cpp.dir/rosidl_typesupport_cpp/interface_pkg/msg/detection__type_support.cpp.o[0m
[1.570s] In file included from [01m[K/home/moayyed/agri_bot1/build/interface_pkg/rosidl_typesupport_cpp/interface_pkg/msg/detection__type_support.cpp:7[m[K:
[1.570s] [01m[K/home/moayyed/agri_bot1/build/interface_pkg/rosidl_generator_cpp/interface_pkg/msg/detail/detection__struct.hpp:20:10:[m[K [01;31m[Kfatal error: [m[Kinterface_pkg/msg/detail/point2_d__struct.hpp: No such file or directory
[1.570s]    20 | #include [01;31m[K"interface_pkg/msg/detail/point2_d__struct.hpp"[m[K
[1.570s]       |          [01;31m[K^~~~~~~~~~~~~~~~~~~~~~~~~~~~~~~~~~~~~~~~~~~~~~~[m[K
[1.570s] compilation terminated.
[1.572s] gmake[2]: *** [CMakeFiles/interface_pkg__rosidl_typesupport_cpp.dir/build.make:86: CMakeFiles/interface_pkg__rosidl_typesupport_cpp.dir/rosidl_typesupport_cpp/interface_pkg/msg/detection__type_support.cpp.o] Error 1
[1.572s] gmake[1]: *** [CMakeFiles/Makefile2:395: CMakeFiles/interface_pkg__rosidl_typesupport_cpp.dir/all] Error 2
[1.572s] gmake: *** [Makefile:146: all] Error 2
[1.575s] Invoked command in '/home/moayyed/agri_bot1/build/interface_pkg' returned '2': CMAKE_PREFIX_PATH=${CMAKE_PREFIX_PATH}:/home/moayyed/agri_bot1/install/sensors_pkg:/home/moayyed/ros_ws/install/my_py_pkg:/opt/ros/humble /usr/bin/cmake --build /home/moayyed/agri_bot1/build/interface_pkg -- -j3 -l3
