[1.237s] DEBUG:colcon:Command line arguments: ['/usr/bin/colcon', 'build']
[1.237s] DEBUG:colcon:Parsed command line arguments: Namespace(log_base=None, log_level=None, verb_name='build', build_base='build', install_base='install', merge_install=False, symlink_install=False, test_result_base=None, continue_on_error=False, executor='parallel', parallel_workers=3, event_handlers=None, ignore_user_meta=False, metas=['./colcon.meta'], base_paths=['.'], packages_ignore=None, packages_ignore_regex=None, paths=None, packages_up_to=None, packages_up_to_regex=None, packages_above=None, packages_above_and_dependencies=None, packages_above_depth=None, packages_select_by_dep=None, packages_skip_by_dep=None, packages_skip_up_to=None, packages_select_build_failed=False, packages_skip_build_finished=False, packages_select_test_failures=False, packages_skip_test_passed=False, packages_select=None, packages_skip=None, packages_select_regex=None, packages_skip_regex=None, packages_start=None, packages_end=None, allow_overriding=[], cmake_args=None, cmake_target=None, cmake_target_skip_unavailable=False, cmake_clean_cache=False, cmake_clean_first=False, cmake_force_configure=False, ament_cmake_args=None, catkin_cmake_args=None, catkin_skip_building_tests=False, verb_parser=<colcon_defaults.argument_parser.defaults.DefaultArgumentsDecorator object at 0x7f069fb19930>, verb_extension=<colcon_core.verb.build.BuildVerb object at 0x7f069fb19420>, main=<bound method BuildVerb.main of <colcon_core.verb.build.BuildVerb object at 0x7f069fb19420>>)
[1.284s] Level 1:colcon.colcon_core.package_discovery:discover_packages(colcon_meta) check parameters
[1.284s] Level 1:colcon.colcon_core.package_discovery:discover_packages(recursive) check parameters
[1.284s] Level 1:colcon.colcon_core.package_discovery:discover_packages(ignore) check parameters
[1.284s] Level 1:colcon.colcon_core.package_discovery:discover_packages(path) check parameters
[1.284s] Level 1:colcon.colcon_core.package_discovery:discover_packages(colcon_meta) discover
[1.285s] Level 1:colcon.colcon_core.package_discovery:discover_packages(recursive) discover
[1.285s] INFO:colcon.colcon_core.package_discovery:Crawling recursively for packages in '/home/moayyed/agri_bot1'
[1.285s] Level 1:colcon.colcon_core.package_identification:_identify(.) by extensions ['ignore', 'ignore_ament_install']
[1.285s] Level 1:colcon.colcon_core.package_identification:_identify(.) by extension 'ignore'
[1.285s] Level 1:colcon.colcon_core.package_identification:_identify(.) by extension 'ignore_ament_install'
[1.285s] Level 1:colcon.colcon_core.package_identification:_identify(.) by extensions ['colcon_pkg']
[1.285s] Level 1:colcon.colcon_core.package_identification:_identify(.) by extension 'colcon_pkg'
[1.285s] Level 1:colcon.colcon_core.package_identification:_identify(.) by extensions ['colcon_meta']
[1.285s] Level 1:colcon.colcon_core.package_identification:_identify(.) by extension 'colcon_meta'
[1.285s] Level 1:colcon.colcon_core.package_identification:_identify(.) by extensions ['ros']
[1.285s] Level 1:colcon.colcon_core.package_identification:_identify(.) by extension 'ros'
[1.296s] Level 1:colcon.colcon_core.package_identification:_identify(.) by extensions ['cmake', 'python']
[1.296s] Level 1:colcon.colcon_core.package_identification:_identify(.) by extension 'cmake'
[1.296s] Level 1:colcon.colcon_core.package_identification:_identify(.) by extension 'python'
[1.296s] Level 1:colcon.colcon_core.package_identification:_identify(.) by extensions ['python_setup_py']
[1.296s] Level 1:colcon.colcon_core.package_identification:_identify(.) by extension 'python_setup_py'
[1.296s] Level 1:colcon.colcon_core.package_identification:_identify(build) by extensions ['ignore', 'ignore_ament_install']
[1.296s] Level 1:colcon.colcon_core.package_identification:_identify(build) by extension 'ignore'
[1.296s] Level 1:colcon.colcon_core.package_identification:_identify(build) ignored
[1.296s] Level 1:colcon.colcon_core.package_identification:_identify(install) by extensions ['ignore', 'ignore_ament_install']
[1.296s] Level 1:colcon.colcon_core.package_identification:_identify(install) by extension 'ignore'
[1.296s] Level 1:colcon.colcon_core.package_identification:_identify(install) ignored
[1.296s] Level 1:colcon.colcon_core.package_identification:_identify(log) by extensions ['ignore', 'ignore_ament_install']
[1.296s] Level 1:colcon.colcon_core.package_identification:_identify(log) by extension 'ignore'
[1.297s] Level 1:colcon.colcon_core.package_identification:_identify(log) ignored
[1.297s] Level 1:colcon.colcon_core.package_identification:_identify(src) by extensions ['ignore', 'ignore_ament_install']
[1.297s] Level 1:colcon.colcon_core.package_identification:_identify(src) by extension 'ignore'
[1.297s] Level 1:colcon.colcon_core.package_identification:_identify(src) by extension 'ignore_ament_install'
[1.297s] Level 1:colcon.colcon_core.package_identification:_identify(src) by extensions ['colcon_pkg']
[1.297s] Level 1:colcon.colcon_core.package_identification:_identify(src) by extension 'colcon_pkg'
[1.297s] Level 1:colcon.colcon_core.package_identification:_identify(src) by extensions ['colcon_meta']
[1.297s] Level 1:colcon.colcon_core.package_identification:_identify(src) by extension 'colcon_meta'
[1.297s] Level 1:colcon.colcon_core.package_identification:_identify(src) by extensions ['ros']
[1.297s] Level 1:colcon.colcon_core.package_identification:_identify(src) by extension 'ros'
[1.297s] Level 1:colcon.colcon_core.package_identification:_identify(src) by extensions ['cmake', 'python']
[1.297s] Level 1:colcon.colcon_core.package_identification:_identify(src) by extension 'cmake'
[1.297s] Level 1:colcon.colcon_core.package_identification:_identify(src) by extension 'python'
[1.297s] Level 1:colcon.colcon_core.package_identification:_identify(src) by extensions ['python_setup_py']
[1.297s] Level 1:colcon.colcon_core.package_identification:_identify(src) by extension 'python_setup_py'
[1.297s] Level 1:colcon.colcon_core.package_identification:_identify(src/AI_pkg) by extensions ['ignore', 'ignore_ament_install']
[1.297s] Level 1:colcon.colcon_core.package_identification:_identify(src/AI_pkg) by extension 'ignore'
[1.297s] Level 1:colcon.colcon_core.package_identification:_identify(src/AI_pkg) by extension 'ignore_ament_install'
[1.298s] Level 1:colcon.colcon_core.package_identification:_identify(src/AI_pkg) by extensions ['colcon_pkg']
[1.298s] Level 1:colcon.colcon_core.package_identification:_identify(src/AI_pkg) by extension 'colcon_pkg'
[1.298s] Level 1:colcon.colcon_core.package_identification:_identify(src/AI_pkg) by extensions ['colcon_meta']
[1.298s] Level 1:colcon.colcon_core.package_identification:_identify(src/AI_pkg) by extension 'colcon_meta'
[1.298s] Level 1:colcon.colcon_core.package_identification:_identify(src/AI_pkg) by extensions ['ros']
[1.298s] Level 1:colcon.colcon_core.package_identification:_identify(src/AI_pkg) by extension 'ros'
[1.300s] DEBUG:colcon.colcon_core.package_identification:Package 'src/AI_pkg' with type 'ros.ament_python' and name 'AI_pkg'
[1.301s] Level 1:colcon.colcon_core.package_identification:_identify(src/interface_pkg) by extensions ['ignore', 'ignore_ament_install']
[1.301s] Level 1:colcon.colcon_core.package_identification:_identify(src/interface_pkg) by extension 'ignore'
[1.301s] Level 1:colcon.colcon_core.package_identification:_identify(src/interface_pkg) by extension 'ignore_ament_install'
[1.301s] Level 1:colcon.colcon_core.package_identification:_identify(src/interface_pkg) by extensions ['colcon_pkg']
[1.301s] Level 1:colcon.colcon_core.package_identification:_identify(src/interface_pkg) by extension 'colcon_pkg'
[1.301s] Level 1:colcon.colcon_core.package_identification:_identify(src/interface_pkg) by extensions ['colcon_meta']
[1.301s] Level 1:colcon.colcon_core.package_identification:_identify(src/interface_pkg) by extension 'colcon_meta'
[1.301s] Level 1:colcon.colcon_core.package_identification:_identify(src/interface_pkg) by extensions ['ros']
[1.301s] Level 1:colcon.colcon_core.package_identification:_identify(src/interface_pkg) by extension 'ros'
[1.301s] DEBUG:colcon.colcon_core.package_identification:Package 'src/interface_pkg' with type 'ros.ament_cmake' and name 'interface_pkg'
[1.301s] Level 1:colcon.colcon_core.package_identification:_identify(src/sensors_pkg) by extensions ['ignore', 'ignore_ament_install']
[1.302s] Level 1:colcon.colcon_core.package_identification:_identify(src/sensors_pkg) by extension 'ignore'
[1.302s] Level 1:colcon.colcon_core.package_identification:_identify(src/sensors_pkg) by extension 'ignore_ament_install'
[1.302s] Level 1:colcon.colcon_core.package_identification:_identify(src/sensors_pkg) by extensions ['colcon_pkg']
[1.302s] Level 1:colcon.colcon_core.package_identification:_identify(src/sensors_pkg) by extension 'colcon_pkg'
[1.302s] Level 1:colcon.colcon_core.package_identification:_identify(src/sensors_pkg) by extensions ['colcon_meta']
[1.302s] Level 1:colcon.colcon_core.package_identification:_identify(src/sensors_pkg) by extension 'colcon_meta'
[1.302s] Level 1:colcon.colcon_core.package_identification:_identify(src/sensors_pkg) by extensions ['ros']
[1.302s] Level 1:colcon.colcon_core.package_identification:_identify(src/sensors_pkg) by extension 'ros'
[1.302s] DEBUG:colcon.colcon_core.package_identification:Package 'src/sensors_pkg' with type 'ros.ament_python' and name 'sensors_pkg'
[1.302s] Level 1:colcon.colcon_core.package_discovery:discover_packages(recursive) using defaults
[1.302s] Level 1:colcon.colcon_core.package_discovery:discover_packages(ignore) discover
[1.302s] Level 1:colcon.colcon_core.package_discovery:discover_packages(ignore) using defaults
[1.302s] Level 1:colcon.colcon_core.package_discovery:discover_packages(path) discover
[1.303s] Level 1:colcon.colcon_core.package_discovery:discover_packages(path) using defaults
[1.397s] Level 1:colcon.colcon_core.package_discovery:discover_packages(prefix_path) check parameters
[1.397s] Level 1:colcon.colcon_core.package_discovery:discover_packages(prefix_path) discover
[1.428s] DEBUG:colcon.colcon_installed_package_information.package_discovery:Found 3 installed packages in /home/moayyed/agri_bot1/install
[1.443s] DEBUG:colcon.colcon_installed_package_information.package_discovery:Found 3 installed packages in /home/moayyed/ros_ws/install
[1.459s] DEBUG:colcon.colcon_installed_package_information.package_discovery:Found 278 installed packages in /opt/ros/humble
[1.460s] Level 1:colcon.colcon_core.package_discovery:discover_packages(prefix_path) using defaults
[1.548s] Level 5:colcon.colcon_core.verb:set package 'AI_pkg' build argument 'cmake_args' from command line to 'None'
[1.548s] Level 5:colcon.colcon_core.verb:set package 'AI_pkg' build argument 'cmake_target' from command line to 'None'
[1.548s] Level 5:colcon.colcon_core.verb:set package 'AI_pkg' build argument 'cmake_target_skip_unavailable' from command line to 'False'
[1.548s] Level 5:colcon.colcon_core.verb:set package 'AI_pkg' build argument 'cmake_clean_cache' from command line to 'False'
[1.548s] Level 5:colcon.colcon_core.verb:set package 'AI_pkg' build argument 'cmake_clean_first' from command line to 'False'
[1.548s] Level 5:colcon.colcon_core.verb:set package 'AI_pkg' build argument 'cmake_force_configure' from command line to 'False'
[1.548s] Level 5:colcon.colcon_core.verb:set package 'AI_pkg' build argument 'ament_cmake_args' from command line to 'None'
[1.548s] Level 5:colcon.colcon_core.verb:set package 'AI_pkg' build argument 'catkin_cmake_args' from command line to 'None'
[1.548s] Level 5:colcon.colcon_core.verb:set package 'AI_pkg' build argument 'catkin_skip_building_tests' from command line to 'False'
[1.548s] DEBUG:colcon.colcon_core.verb:Building package 'AI_pkg' with the following arguments: {'ament_cmake_args': None, 'build_base': '/home/moayyed/agri_bot1/build/AI_pkg', 'catkin_cmake_args': None, 'catkin_skip_building_tests': False, 'cmake_args': None, 'cmake_clean_cache': False, 'cmake_clean_first': False, 'cmake_force_configure': False, 'cmake_target': None, 'cmake_target_skip_unavailable': False, 'install_base': '/home/moayyed/agri_bot1/install/AI_pkg', 'merge_install': False, 'path': '/home/moayyed/agri_bot1/src/AI_pkg', 'symlink_install': False, 'test_result_base': None}
[1.564s] Level 5:colcon.colcon_core.verb:set package 'interface_pkg' build argument 'cmake_args' from command line to 'None'
[1.564s] Level 5:colcon.colcon_core.verb:set package 'interface_pkg' build argument 'cmake_target' from command line to 'None'
[1.564s] Level 5:colcon.colcon_core.verb:set package 'interface_pkg' build argument 'cmake_target_skip_unavailable' from command line to 'False'
[1.564s] Level 5:colcon.colcon_core.verb:set package 'interface_pkg' build argument 'cmake_clean_cache' from command line to 'False'
[1.564s] Level 5:colcon.colcon_core.verb:set package 'interface_pkg' build argument 'cmake_clean_first' from command line to 'False'
[1.564s] Level 5:colcon.colcon_core.verb:set package 'interface_pkg' build argument 'cmake_force_configure' from command line to 'False'
[1.564s] Level 5:colcon.colcon_core.verb:set package 'interface_pkg' build argument 'ament_cmake_args' from command line to 'None'
[1.564s] Level 5:colcon.colcon_core.verb:set package 'interface_pkg' build argument 'catkin_cmake_args' from command line to 'None'
[1.564s] Level 5:colcon.colcon_core.verb:set package 'interface_pkg' build argument 'catkin_skip_building_tests' from command line to 'False'
[1.564s] DEBUG:colcon.colcon_core.verb:Building package 'interface_pkg' with the following arguments: {'ament_cmake_args': None, 'build_base': '/home/moayyed/agri_bot1/build/interface_pkg', 'catkin_cmake_args': None, 'catkin_skip_building_tests': False, 'cmake_args': None, 'cmake_clean_cache': False, 'cmake_clean_first': False, 'cmake_force_configure': False, 'cmake_target': None, 'cmake_target_skip_unavailable': False, 'install_base': '/home/moayyed/agri_bot1/install/interface_pkg', 'merge_install': False, 'path': '/home/moayyed/agri_bot1/src/interface_pkg', 'symlink_install': False, 'test_result_base': None}
[1.579s] Level 5:colcon.colcon_core.verb:set package 'sensors_pkg' build argument 'cmake_args' from command line to 'None'
[1.579s] Level 5:colcon.colcon_core.verb:set package 'sensors_pkg' build argument 'cmake_target' from command line to 'None'
[1.579s] Level 5:colcon.colcon_core.verb:set package 'sensors_pkg' build argument 'cmake_target_skip_unavailable' from command line to 'False'
[1.579s] Level 5:colcon.colcon_core.verb:set package 'sensors_pkg' build argument 'cmake_clean_cache' from command line to 'False'
[1.579s] Level 5:colcon.colcon_core.verb:set package 'sensors_pkg' build argument 'cmake_clean_first' from command line to 'False'
[1.579s] Level 5:colcon.colcon_core.verb:set package 'sensors_pkg' build argument 'cmake_force_configure' from command line to 'False'
[1.579s] Level 5:colcon.colcon_core.verb:set package 'sensors_pkg' build argument 'ament_cmake_args' from command line to 'None'
[1.579s] Level 5:colcon.colcon_core.verb:set package 'sensors_pkg' build argument 'catkin_cmake_args' from command line to 'None'
[1.579s] Level 5:colcon.colcon_core.verb:set package 'sensors_pkg' build argument 'catkin_skip_building_tests' from command line to 'False'
[1.579s] DEBUG:colcon.colcon_core.verb:Building package 'sensors_pkg' with the following arguments: {'ament_cmake_args': None, 'build_base': '/home/moayyed/agri_bot1/build/sensors_pkg', 'catkin_cmake_args': None, 'catkin_skip_building_tests': False, 'cmake_args': None, 'cmake_clean_cache': False, 'cmake_clean_first': False, 'cmake_force_configure': False, 'cmake_target': None, 'cmake_target_skip_unavailable': False, 'install_base': '/home/moayyed/agri_bot1/install/sensors_pkg', 'merge_install': False, 'path': '/home/moayyed/agri_bot1/src/sensors_pkg', 'symlink_install': False, 'test_result_base': None}
[1.594s] INFO:colcon.colcon_core.executor:Executing jobs using 'parallel' executor
[1.609s] DEBUG:colcon.colcon_parallel_executor.executor.parallel:run_until_complete
[1.609s] INFO:colcon.colcon_ros.task.ament_python.build:Building ROS package in '/home/moayyed/agri_bot1/src/AI_pkg' with build type 'ament_python'
[1.609s] Level 1:colcon.colcon_core.shell:create_environment_hook('AI_pkg', 'ament_prefix_path')
[1.626s] INFO:colcon.colcon_core.plugin_system:Skipping extension 'colcon_core.shell.bat': Not used on non-Windows systems
[1.626s] INFO:colcon.colcon_core.shell:Creating environment hook '/home/moayyed/agri_bot1/install/AI_pkg/share/AI_pkg/hook/ament_prefix_path.ps1'
[1.627s] INFO:colcon.colcon_core.shell:Creating environment descriptor '/home/moayyed/agri_bot1/install/AI_pkg/share/AI_pkg/hook/ament_prefix_path.dsv'
[1.628s] INFO:colcon.colcon_core.shell:Creating environment hook '/home/moayyed/agri_bot1/install/AI_pkg/share/AI_pkg/hook/ament_prefix_path.sh'
[1.643s] INFO:colcon.colcon_core.shell:Skip shell extension 'powershell' for command environment: Not usable outside of PowerShell
[1.643s] DEBUG:colcon.colcon_core.shell:Skip shell extension 'dsv' for command environment
[1.704s] INFO:colcon.colcon_ros.task.ament_cmake.build:Building ROS package in '/home/moayyed/agri_bot1/src/interface_pkg' with build type 'ament_cmake'
[1.704s] INFO:colcon.colcon_cmake.task.cmake.build:Building CMake package in '/home/moayyed/agri_bot1/src/interface_pkg'
[1.729s] INFO:colcon.colcon_core.shell:Skip shell extension 'powershell' for command environment: Not usable outside of PowerShell
[1.729s] DEBUG:colcon.colcon_core.shell:Skip shell extension 'dsv' for command environment
[1.793s] INFO:colcon.colcon_ros.task.ament_python.build:Building ROS package in '/home/moayyed/agri_bot1/src/sensors_pkg' with build type 'ament_python'
[1.793s] Level 1:colcon.colcon_core.shell:create_environment_hook('sensors_pkg', 'ament_prefix_path')
[1.808s] INFO:colcon.colcon_core.shell:Creating environment hook '/home/moayyed/agri_bot1/install/sensors_pkg/share/sensors_pkg/hook/ament_prefix_path.ps1'
[1.808s] INFO:colcon.colcon_core.shell:Creating environment descriptor '/home/moayyed/agri_bot1/install/sensors_pkg/share/sensors_pkg/hook/ament_prefix_path.dsv'
[1.809s] INFO:colcon.colcon_core.shell:Creating environment hook '/home/moayyed/agri_bot1/install/sensors_pkg/share/sensors_pkg/hook/ament_prefix_path.sh'
[1.825s] INFO:colcon.colcon_core.shell:Skip shell extension 'powershell' for command environment: Not usable outside of PowerShell
[1.825s] DEBUG:colcon.colcon_core.shell:Skip shell extension 'dsv' for command environment
[2.152s] INFO:colcon.colcon_core.task.python.build:Building Python package in '/home/moayyed/agri_bot1/src/AI_pkg'
[2.167s] INFO:colcon.colcon_core.shell:Skip shell extension 'powershell' for command environment: Not usable outside of PowerShell
[2.167s] DEBUG:colcon.colcon_core.shell:Skip shell extension 'dsv' for command environment
[2.246s] DEBUG:colcon.colcon_core.event_handler.log_command:Invoking command in '/home/moayyed/agri_bot1/build/interface_pkg': CMAKE_PREFIX_PATH=${CMAKE_PREFIX_PATH}:/home/moayyed/agri_bot1/install/sensors_pkg:/home/moayyed/ros_ws/install/my_py_pkg:/opt/ros/humble /usr/bin/cmake --build /home/moayyed/agri_bot1/build/interface_pkg -- -j3 -l3
[2.555s] INFO:colcon.colcon_core.task.python.build:Building Python package in '/home/moayyed/agri_bot1/src/sensors_pkg'
[2.574s] INFO:colcon.colcon_core.shell:Skip shell extension 'powershell' for command environment: Not usable outside of PowerShell
[2.574s] DEBUG:colcon.colcon_core.shell:Skip shell extension 'dsv' for command environment
[2.768s] DEBUG:colcon.colcon_core.event_handler.log_command:Invoked command in '/home/moayyed/agri_bot1/build/interface_pkg' returned '0': CMAKE_PREFIX_PATH=${CMAKE_PREFIX_PATH}:/home/moayyed/agri_bot1/install/sensors_pkg:/home/moayyed/ros_ws/install/my_py_pkg:/opt/ros/humble /usr/bin/cmake --build /home/moayyed/agri_bot1/build/interface_pkg -- -j3 -l3
[2.929s] DEBUG:colcon.colcon_core.event_handler.log_command:Invoking command in '/home/moayyed/agri_bot1/build/interface_pkg': CMAKE_PREFIX_PATH=${CMAKE_PREFIX_PATH}:/home/moayyed/agri_bot1/install/sensors_pkg:/home/moayyed/ros_ws/install/my_py_pkg:/opt/ros/humble /usr/bin/cmake --install /home/moayyed/agri_bot1/build/interface_pkg
[3.008s] Level 1:colcon.colcon_core.environment:create_environment_scripts_only(interface_pkg)
[3.018s] DEBUG:colcon.colcon_core.event_handler.log_command:Invoked command in '/home/moayyed/agri_bot1/build/interface_pkg' returned '0': CMAKE_PREFIX_PATH=${CMAKE_PREFIX_PATH}:/home/moayyed/agri_bot1/install/sensors_pkg:/home/moayyed/ros_ws/install/my_py_pkg:/opt/ros/humble /usr/bin/cmake --install /home/moayyed/agri_bot1/build/interface_pkg
[3.027s] Level 1:colcon.colcon_core.environment:checking '/home/moayyed/agri_bot1/install/interface_pkg' for CMake module files
[3.028s] Level 1:colcon.colcon_core.environment:checking '/home/moayyed/agri_bot1/install/interface_pkg' for CMake config files
[3.029s] Level 1:colcon.colcon_core.shell:create_environment_hook('interface_pkg', 'cmake_prefix_path')
[3.048s] INFO:colcon.colcon_core.shell:Creating environment hook '/home/moayyed/agri_bot1/install/interface_pkg/share/interface_pkg/hook/cmake_prefix_path.ps1'
[3.050s] INFO:colcon.colcon_core.shell:Creating environment descriptor '/home/moayyed/agri_bot1/install/interface_pkg/share/interface_pkg/hook/cmake_prefix_path.dsv'
[3.051s] INFO:colcon.colcon_core.shell:Creating environment hook '/home/moayyed/agri_bot1/install/interface_pkg/share/interface_pkg/hook/cmake_prefix_path.sh'
[3.052s] Level 1:colcon.colcon_core.environment:checking '/home/moayyed/agri_bot1/install/interface_pkg/lib'
[3.053s] Level 1:colcon.colcon_core.shell:create_environment_hook('interface_pkg', 'ld_library_path_lib')
[3.076s] INFO:colcon.colcon_core.shell:Creating environment hook '/home/moayyed/agri_bot1/install/interface_pkg/share/interface_pkg/hook/ld_library_path_lib.ps1'
[3.076s] INFO:colcon.colcon_core.shell:Creating environment descriptor '/home/moayyed/agri_bot1/install/interface_pkg/share/interface_pkg/hook/ld_library_path_lib.dsv'
[3.077s] INFO:colcon.colcon_core.shell:Creating environment hook '/home/moayyed/agri_bot1/install/interface_pkg/share/interface_pkg/hook/ld_library_path_lib.sh'
[3.077s] Level 1:colcon.colcon_core.environment:checking '/home/moayyed/agri_bot1/install/interface_pkg/bin'
[3.077s] Level 1:colcon.colcon_core.environment:checking '/home/moayyed/agri_bot1/install/interface_pkg/lib/pkgconfig/interface_pkg.pc'
[3.077s] Level 1:colcon.colcon_core.environment:checking '/home/moayyed/agri_bot1/install/interface_pkg/lib/python3.10/site-packages'
[3.078s] Level 1:colcon.colcon_core.environment:checking '/home/moayyed/agri_bot1/install/interface_pkg/bin'
[3.094s] INFO:colcon.colcon_core.shell:Creating package script '/home/moayyed/agri_bot1/install/interface_pkg/share/interface_pkg/package.ps1'
[3.095s] INFO:colcon.colcon_core.shell:Creating package descriptor '/home/moayyed/agri_bot1/install/interface_pkg/share/interface_pkg/package.dsv'
[3.096s] INFO:colcon.colcon_core.shell:Creating package script '/home/moayyed/agri_bot1/install/interface_pkg/share/interface_pkg/package.sh'
[3.097s] INFO:colcon.colcon_core.shell:Creating package script '/home/moayyed/agri_bot1/install/interface_pkg/share/interface_pkg/package.bash'
[3.097s] INFO:colcon.colcon_core.shell:Creating package script '/home/moayyed/agri_bot1/install/interface_pkg/share/interface_pkg/package.zsh'
[3.098s] Level 1:colcon.colcon_core.environment:create_file_with_runtime_dependencies(/home/moayyed/agri_bot1/install/interface_pkg/share/colcon-core/packages/interface_pkg)
[3.102s] DEBUG:colcon.colcon_core.event_handler.log_command:Invoking command in '/home/moayyed/agri_bot1/src/sensors_pkg': PYTHONPATH=/home/moayyed/agri_bot1/build/sensors_pkg/prefix_override:/home/moayyed/agri_bot1/install/sensors_pkg/lib/python3.10/site-packages:${PYTHONPATH} /usr/bin/python3 setup.py egg_info --egg-base ../../build/sensors_pkg build --build-base /home/moayyed/agri_bot1/build/sensors_pkg/build install --record /home/moayyed/agri_bot1/build/sensors_pkg/install.log --single-version-externally-managed
[3.104s] DEBUG:colcon.colcon_core.event_handler.log_command:Invoking command in '/home/moayyed/agri_bot1/src/AI_pkg': PYTHONPATH=/home/moayyed/agri_bot1/build/AI_pkg/prefix_override:/home/moayyed/agri_bot1/install/AI_pkg/lib/python3.10/site-packages:${PYTHONPATH} /usr/bin/python3 setup.py egg_info --egg-base ../../build/AI_pkg build --build-base /home/moayyed/agri_bot1/build/AI_pkg/build install --record /home/moayyed/agri_bot1/build/AI_pkg/install.log --single-version-externally-managed
[3.246s] Level 1:colcon.colcon_core.environment:create_environment_scripts_only(interface_pkg)
[3.264s] Level 1:colcon.colcon_core.environment:checking '/home/moayyed/agri_bot1/install/interface_pkg' for CMake module files
[3.265s] Level 1:colcon.colcon_core.environment:checking '/home/moayyed/agri_bot1/install/interface_pkg' for CMake config files
[3.265s] Level 1:colcon.colcon_core.shell:create_environment_hook('interface_pkg', 'cmake_prefix_path')
[3.282s] INFO:colcon.colcon_core.shell:Creating environment hook '/home/moayyed/agri_bot1/install/interface_pkg/share/interface_pkg/hook/cmake_prefix_path.ps1'
[3.282s] INFO:colcon.colcon_core.shell:Creating environment descriptor '/home/moayyed/agri_bot1/install/interface_pkg/share/interface_pkg/hook/cmake_prefix_path.dsv'
[3.282s] INFO:colcon.colcon_core.shell:Creating environment hook '/home/moayyed/agri_bot1/install/interface_pkg/share/interface_pkg/hook/cmake_prefix_path.sh'
[3.283s] Level 1:colcon.colcon_core.environment:checking '/home/moayyed/agri_bot1/install/interface_pkg/lib'
[3.283s] Level 1:colcon.colcon_core.shell:create_environment_hook('interface_pkg', 'ld_library_path_lib')
[3.302s] INFO:colcon.colcon_core.shell:Creating environment hook '/home/moayyed/agri_bot1/install/interface_pkg/share/interface_pkg/hook/ld_library_path_lib.ps1'
[3.302s] INFO:colcon.colcon_core.shell:Creating environment descriptor '/home/moayyed/agri_bot1/install/interface_pkg/share/interface_pkg/hook/ld_library_path_lib.dsv'
[3.303s] INFO:colcon.colcon_core.shell:Creating environment hook '/home/moayyed/agri_bot1/install/interface_pkg/share/interface_pkg/hook/ld_library_path_lib.sh'
[3.304s] Level 1:colcon.colcon_core.environment:checking '/home/moayyed/agri_bot1/install/interface_pkg/bin'
[3.304s] Level 1:colcon.colcon_core.environment:checking '/home/moayyed/agri_bot1/install/interface_pkg/lib/pkgconfig/interface_pkg.pc'
[3.304s] Level 1:colcon.colcon_core.environment:checking '/home/moayyed/agri_bot1/install/interface_pkg/lib/python3.10/site-packages'
[3.304s] Level 1:colcon.colcon_core.environment:checking '/home/moayyed/agri_bot1/install/interface_pkg/bin'
[3.332s] INFO:colcon.colcon_core.shell:Creating package script '/home/moayyed/agri_bot1/install/interface_pkg/share/interface_pkg/package.ps1'
[3.332s] INFO:colcon.colcon_core.shell:Creating package descriptor '/home/moayyed/agri_bot1/install/interface_pkg/share/interface_pkg/package.dsv'
[3.333s] INFO:colcon.colcon_core.shell:Creating package script '/home/moayyed/agri_bot1/install/interface_pkg/share/interface_pkg/package.sh'
[3.333s] INFO:colcon.colcon_core.shell:Creating package script '/home/moayyed/agri_bot1/install/interface_pkg/share/interface_pkg/package.bash'
[3.334s] INFO:colcon.colcon_core.shell:Creating package script '/home/moayyed/agri_bot1/install/interface_pkg/share/interface_pkg/package.zsh'
[3.334s] Level 1:colcon.colcon_core.environment:create_file_with_runtime_dependencies(/home/moayyed/agri_bot1/install/interface_pkg/share/colcon-core/packages/interface_pkg)
[3.434s] DEBUG:colcon.colcon_core.event_handler.log_command:Invoked command in '/home/moayyed/agri_bot1/src/sensors_pkg' returned '0': PYTHONPATH=/home/moayyed/agri_bot1/build/sensors_pkg/prefix_override:/home/moayyed/agri_bot1/install/sensors_pkg/lib/python3.10/site-packages:${PYTHONPATH} /usr/bin/python3 setup.py egg_info --egg-base ../../build/sensors_pkg build --build-base /home/moayyed/agri_bot1/build/sensors_pkg/build install --record /home/moayyed/agri_bot1/build/sensors_pkg/install.log --single-version-externally-managed
[3.453s] Level 1:colcon.colcon_core.environment:checking '/home/moayyed/agri_bot1/install/sensors_pkg' for CMake module files
[3.454s] Level 1:colcon.colcon_core.environment:checking '/home/moayyed/agri_bot1/install/sensors_pkg' for CMake config files
[3.454s] Level 1:colcon.colcon_core.environment:checking '/home/moayyed/agri_bot1/install/sensors_pkg/lib'
[3.454s] Level 1:colcon.colcon_core.environment:checking '/home/moayyed/agri_bot1/install/sensors_pkg/bin'
[3.454s] Level 1:colcon.colcon_core.environment:checking '/home/moayyed/agri_bot1/install/sensors_pkg/lib/pkgconfig/sensors_pkg.pc'
[3.455s] Level 1:colcon.colcon_core.environment:checking '/home/moayyed/agri_bot1/install/sensors_pkg/lib/python3.10/site-packages'
[3.455s] Level 1:colcon.colcon_core.shell:create_environment_hook('sensors_pkg', 'pythonpath')
[3.472s] INFO:colcon.colcon_core.shell:Creating environment hook '/home/moayyed/agri_bot1/install/sensors_pkg/share/sensors_pkg/hook/pythonpath.ps1'
[3.472s] INFO:colcon.colcon_core.shell:Creating environment descriptor '/home/moayyed/agri_bot1/install/sensors_pkg/share/sensors_pkg/hook/pythonpath.dsv'
[3.473s] INFO:colcon.colcon_core.shell:Creating environment hook '/home/moayyed/agri_bot1/install/sensors_pkg/share/sensors_pkg/hook/pythonpath.sh'
[3.473s] Level 1:colcon.colcon_core.environment:checking '/home/moayyed/agri_bot1/install/sensors_pkg/bin'
[3.473s] Level 1:colcon.colcon_core.environment:create_environment_scripts_only(sensors_pkg)
[3.488s] INFO:colcon.colcon_core.shell:Creating package script '/home/moayyed/agri_bot1/install/sensors_pkg/share/sensors_pkg/package.ps1'
[3.489s] INFO:colcon.colcon_core.shell:Creating package descriptor '/home/moayyed/agri_bot1/install/sensors_pkg/share/sensors_pkg/package.dsv'
[3.490s] INFO:colcon.colcon_core.shell:Creating package script '/home/moayyed/agri_bot1/install/sensors_pkg/share/sensors_pkg/package.sh'
[3.491s] INFO:colcon.colcon_core.shell:Creating package script '/home/moayyed/agri_bot1/install/sensors_pkg/share/sensors_pkg/package.bash'
[3.491s] INFO:colcon.colcon_core.shell:Creating package script '/home/moayyed/agri_bot1/install/sensors_pkg/share/sensors_pkg/package.zsh'
[3.492s] Level 1:colcon.colcon_core.environment:create_file_with_runtime_dependencies(/home/moayyed/agri_bot1/install/sensors_pkg/share/colcon-core/packages/sensors_pkg)
[3.495s] DEBUG:colcon.colcon_core.event_handler.log_command:Invoked command in '/home/moayyed/agri_bot1/src/AI_pkg' returned '0': PYTHONPATH=/home/moayyed/agri_bot1/build/AI_pkg/prefix_override:/home/moayyed/agri_bot1/install/AI_pkg/lib/python3.10/site-packages:${PYTHONPATH} /usr/bin/python3 setup.py egg_info --egg-base ../../build/AI_pkg build --build-base /home/moayyed/agri_bot1/build/AI_pkg/build install --record /home/moayyed/agri_bot1/build/AI_pkg/install.log --single-version-externally-managed
[3.510s] Level 1:colcon.colcon_core.environment:checking '/home/moayyed/agri_bot1/install/AI_pkg' for CMake module files
[3.510s] Level 1:colcon.colcon_core.environment:checking '/home/moayyed/agri_bot1/install/AI_pkg' for CMake config files
[3.511s] Level 1:colcon.colcon_core.environment:checking '/home/moayyed/agri_bot1/install/AI_pkg/lib'
[3.511s] Level 1:colcon.colcon_core.environment:checking '/home/moayyed/agri_bot1/install/AI_pkg/bin'
[3.511s] Level 1:colcon.colcon_core.environment:checking '/home/moayyed/agri_bot1/install/AI_pkg/lib/pkgconfig/AI_pkg.pc'
[3.511s] Level 1:colcon.colcon_core.environment:checking '/home/moayyed/agri_bot1/install/AI_pkg/lib/python3.10/site-packages'
[3.511s] Level 1:colcon.colcon_core.shell:create_environment_hook('AI_pkg', 'pythonpath')
[3.527s] INFO:colcon.colcon_core.shell:Creating environment hook '/home/moayyed/agri_bot1/install/AI_pkg/share/AI_pkg/hook/pythonpath.ps1'
[3.528s] INFO:colcon.colcon_core.shell:Creating environment descriptor '/home/moayyed/agri_bot1/install/AI_pkg/share/AI_pkg/hook/pythonpath.dsv'
[3.528s] INFO:colcon.colcon_core.shell:Creating environment hook '/home/moayyed/agri_bot1/install/AI_pkg/share/AI_pkg/hook/pythonpath.sh'
[3.529s] Level 1:colcon.colcon_core.environment:checking '/home/moayyed/agri_bot1/install/AI_pkg/bin'
[3.529s] Level 1:colcon.colcon_core.environment:create_environment_scripts_only(AI_pkg)
[3.544s] INFO:colcon.colcon_core.shell:Creating package script '/home/moayyed/agri_bot1/install/AI_pkg/share/AI_pkg/package.ps1'
[3.544s] INFO:colcon.colcon_core.shell:Creating package descriptor '/home/moayyed/agri_bot1/install/AI_pkg/share/AI_pkg/package.dsv'
[3.545s] INFO:colcon.colcon_core.shell:Creating package script '/home/moayyed/agri_bot1/install/AI_pkg/share/AI_pkg/package.sh'
[3.545s] INFO:colcon.colcon_core.shell:Creating package script '/home/moayyed/agri_bot1/install/AI_pkg/share/AI_pkg/package.bash'
[3.546s] INFO:colcon.colcon_core.shell:Creating package script '/home/moayyed/agri_bot1/install/AI_pkg/share/AI_pkg/package.zsh'
[3.546s] Level 1:colcon.colcon_core.environment:create_file_with_runtime_dependencies(/home/moayyed/agri_bot1/install/AI_pkg/share/colcon-core/packages/AI_pkg)
[3.547s] DEBUG:colcon.colcon_parallel_executor.executor.parallel:closing loop
[3.547s] DEBUG:colcon.colcon_parallel_executor.executor.parallel:loop closed
[3.547s] DEBUG:colcon.colcon_parallel_executor.executor.parallel:run_until_complete finished with '0'
[3.547s] DEBUG:colcon.colcon_core.event_reactor:joining thread
[3.568s] INFO:colcon.colcon_core.plugin_system:Skipping extension 'colcon_notification.desktop_notification.terminal_notifier': Not used on non-Darwin systems
[3.568s] INFO:colcon.colcon_core.plugin_system:Skipping extension 'colcon_notification.desktop_notification.win32': Not used on non-Windows systems
[3.568s] INFO:colcon.colcon_notification.desktop_notification:Sending desktop notification using 'notify2'
[3.584s] DEBUG:colcon.colcon_core.event_reactor:joined thread
[3.599s] INFO:colcon.colcon_core.shell:Creating prefix script '/home/moayyed/agri_bot1/install/local_setup.ps1'
[3.600s] INFO:colcon.colcon_core.shell:Creating prefix util module '/home/moayyed/agri_bot1/install/_local_setup_util_ps1.py'
[3.602s] INFO:colcon.colcon_core.shell:Creating prefix chain script '/home/moayyed/agri_bot1/install/setup.ps1'
[3.618s] INFO:colcon.colcon_core.shell:Creating prefix script '/home/moayyed/agri_bot1/install/local_setup.sh'
[3.619s] INFO:colcon.colcon_core.shell:Creating prefix util module '/home/moayyed/agri_bot1/install/_local_setup_util_sh.py'
[3.620s] INFO:colcon.colcon_core.shell:Creating prefix chain script '/home/moayyed/agri_bot1/install/setup.sh'
[3.637s] INFO:colcon.colcon_core.shell:Creating prefix script '/home/moayyed/agri_bot1/install/local_setup.bash'
[3.637s] INFO:colcon.colcon_core.shell:Creating prefix chain script '/home/moayyed/agri_bot1/install/setup.bash'
[3.654s] INFO:colcon.colcon_core.shell:Creating prefix script '/home/moayyed/agri_bot1/install/local_setup.zsh'
[3.654s] INFO:colcon.colcon_core.shell:Creating prefix chain script '/home/moayyed/agri_bot1/install/setup.zsh'
