-- Found ament_cmake: 1.3.5 (/opt/ros/humble/share/ament_cmake/cmake)
-- Found rosidl_default_generators: 1.2.0 (/opt/ros/humble/share/rosidl_default_generators/cmake)
-- Using all available rosidl_typesupport_c: rosidl_typesupport_fastrtps_c;rosidl_typesupport_introspection_c
-- Found rosidl_adapter: 3.1.5 (/opt/ros/humble/share/rosidl_adapter/cmake)
-- Using all available rosidl_typesupport_cpp: rosidl_typesupport_fastrtps_cpp;rosidl_typesupport_introspection_cpp
-- Found ament_cmake_ros: 0.10.0 (/opt/ros/humble/share/ament_cmake_ros/cmake)
-- Using all available rosidl_typesupport_c: rosidl_typesupport_fastrtps_c;rosidl_typesupport_introspection_c
-- Using all available rosidl_typesupport_cpp: rosidl_typesupport_fastrtps_cpp;rosidl_typesupport_introspection_cpp
-- Found python_cmake_module: 0.10.0 (/opt/ros/humble/share/python_cmake_module/cmake)
-- Using PYTHON_EXECUTABLE: /usr/bin/python3
-- Using PYTHON_INCLUDE_DIRS: /usr/include/python3.10
-- Using PYTHON_LIBRARIES: /usr/lib/x86_64-linux-gnu/libpython3.10.so
-- Configuring done
-- Generating done
-- Build files have been written to: /home/moayyed/agri_bot1/build/interface_pkg
[  2%] [34m[1mGenerating C code for ROS interfaces[0m
[  5%] [34m[1mGenerating C++ code for ROS interfaces[0m
[  5%] Built target ament_cmake_python_copy_interface_pkg
running egg_info
writing interface_pkg.egg-info/PKG-INFO
writing dependency_links to interface_pkg.egg-info/dependency_links.txt
writing top-level names to interface_pkg.egg-info/top_level.txt
reading manifest file 'interface_pkg.egg-info/SOURCES.txt'
writing manifest file 'interface_pkg.egg-info/SOURCES.txt'
[  5%] Built target ament_cmake_python_build_interface_pkg_egg
[  5%] Built target interface_pkg__cpp
[35m[1mConsolidate compiler generated dependencies of target interface_pkg__rosidl_generator_c[0m
[ 10%] [34m[1mGenerating C++ type support for eProsima Fast-RTPS[0m
[ 10%] [34m[1mGenerating C++ type support dispatch for ROS interfaces[0m
[ 12%] [32mBuilding C object CMakeFiles/interface_pkg__rosidl_generator_c.dir/rosidl_generator_c/interface_pkg/msg/detail/detection__functions.c.o[0m
[ 15%] [32mBuilding C object CMakeFiles/interface_pkg__rosidl_generator_c.dir/rosidl_generator_c/interface_pkg/msg/detail/point2_d__functions.c.o[0m
[ 17%] [32m[1mLinking C shared library libinterface_pkg__rosidl_generator_c.so[0m
[ 17%] Built target interface_pkg__rosidl_generator_c
[ 20%] [34m[1mGenerating C++ introspection for ROS interfaces[0m
[35m[1mConsolidate compiler generated dependencies of target interface_pkg__rosidl_typesupport_cpp[0m
[ 23%] [32mBuilding CXX object CMakeFiles/interface_pkg__rosidl_typesupport_cpp.dir/rosidl_typesupport_cpp/interface_pkg/msg/detection__type_support.cpp.o[0m
[35m[1mConsolidate compiler generated dependencies of target interface_pkg__rosidl_typesupport_fastrtps_cpp[0m
[ 25%] [32mBuilding CXX object CMakeFiles/interface_pkg__rosidl_typesupport_fastrtps_cpp.dir/rosidl_typesupport_fastrtps_cpp/interface_pkg/msg/detail/dds_fastrtps/detection__type_support.cpp.o[0m
[35m[1mConsolidate compiler generated dependencies of target interface_pkg__rosidl_typesupport_introspection_cpp[0m
[ 28%] [32mBuilding CXX object CMakeFiles/interface_pkg__rosidl_typesupport_introspection_cpp.dir/rosidl_typesupport_introspection_cpp/interface_pkg/msg/detail/detection__type_support.cpp.o[0m
[ 30%] [32mBuilding CXX object CMakeFiles/interface_pkg__rosidl_typesupport_cpp.dir/rosidl_typesupport_cpp/interface_pkg/msg/point2_d__type_support.cpp.o[0m
[ 33%] [32mBuilding CXX object CMakeFiles/interface_pkg__rosidl_typesupport_fastrtps_cpp.dir/rosidl_typesupport_fastrtps_cpp/interface_pkg/msg/detail/dds_fastrtps/point2_d__type_support.cpp.o[0m
[ 35%] [32m[1mLinking CXX shared library libinterface_pkg__rosidl_typesupport_cpp.so[0m
[ 38%] [32mBuilding CXX object CMakeFiles/interface_pkg__rosidl_typesupport_introspection_cpp.dir/rosidl_typesupport_introspection_cpp/interface_pkg/msg/detail/point2_d__type_support.cpp.o[0m
[ 38%] Built target interface_pkg__rosidl_typesupport_cpp
[ 41%] [34m[1mGenerating C type support for eProsima Fast-RTPS[0m
[ 43%] [32m[1mLinking CXX shared library libinterface_pkg__rosidl_typesupport_fastrtps_cpp.so[0m
[35m[1mConsolidate compiler generated dependencies of target interface_pkg__rosidl_typesupport_fastrtps_c[0m
[ 46%] [32mBuilding CXX object CMakeFiles/interface_pkg__rosidl_typesupport_fastrtps_c.dir/rosidl_typesupport_fastrtps_c/interface_pkg/msg/detail/detection__type_support_c.cpp.o[0m
[ 46%] Built target interface_pkg__rosidl_typesupport_fastrtps_cpp
[ 48%] [34m[1mGenerating C introspection for ROS interfaces[0m
[ 51%] [32m[1mLinking CXX shared library libinterface_pkg__rosidl_typesupport_introspection_cpp.so[0m
[ 51%] Built target interface_pkg__rosidl_typesupport_introspection_cpp
[ 53%] [34m[1mGenerating C type support dispatch for ROS interfaces[0m
[35m[1mConsolidate compiler generated dependencies of target interface_pkg__rosidl_typesupport_introspection_c[0m
[ 56%] [32mBuilding C object CMakeFiles/interface_pkg__rosidl_typesupport_introspection_c.dir/rosidl_typesupport_introspection_c/interface_pkg/msg/detail/detection__type_support.c.o[0m
[ 58%] [32mBuilding CXX object CMakeFiles/interface_pkg__rosidl_typesupport_fastrtps_c.dir/rosidl_typesupport_fastrtps_c/interface_pkg/msg/detail/point2_d__type_support_c.cpp.o[0m
[35m[1mConsolidate compiler generated dependencies of target interface_pkg__rosidl_typesupport_c[0m
[ 61%] [32mBuilding C object CMakeFiles/interface_pkg__rosidl_typesupport_introspection_c.dir/rosidl_typesupport_introspection_c/interface_pkg/msg/detail/point2_d__type_support.c.o[0m
[ 64%] [32mBuilding CXX object CMakeFiles/interface_pkg__rosidl_typesupport_c.dir/rosidl_typesupport_c/interface_pkg/msg/detection__type_support.cpp.o[0m
[ 66%] [32m[1mLinking C shared library libinterface_pkg__rosidl_typesupport_introspection_c.so[0m
[ 69%] [32mBuilding CXX object CMakeFiles/interface_pkg__rosidl_typesupport_c.dir/rosidl_typesupport_c/interface_pkg/msg/point2_d__type_support.cpp.o[0m
[ 69%] Built target interface_pkg__rosidl_typesupport_introspection_c
[ 71%] [32m[1mLinking CXX shared library libinterface_pkg__rosidl_typesupport_c.so[0m
[ 71%] Built target interface_pkg__rosidl_typesupport_c
[ 74%] [32m[1mLinking CXX shared library libinterface_pkg__rosidl_typesupport_fastrtps_c.so[0m
[ 74%] Built target interface_pkg__rosidl_typesupport_fastrtps_c
[ 74%] Built target interface_pkg
[ 76%] [34m[1mGenerating Python code for ROS interfaces[0m
[ 76%] Built target interface_pkg__py
[35m[1mConsolidate compiler generated dependencies of target interface_pkg__rosidl_generator_py[0m
[ 82%] [32mBuilding C object CMakeFiles/interface_pkg__rosidl_generator_py.dir/rosidl_generator_py/interface_pkg/msg/_detection_s.c.o[0m
[ 82%] [32mBuilding C object CMakeFiles/interface_pkg__rosidl_generator_py.dir/rosidl_generator_py/interface_pkg/msg/_point2_d_s.c.o[0m
[ 84%] [32m[1mLinking C shared library rosidl_generator_py/interface_pkg/libinterface_pkg__rosidl_generator_py.so[0m
[ 84%] Built target interface_pkg__rosidl_generator_py
[35m[1mConsolidate compiler generated dependencies of target interface_pkg__rosidl_typesupport_fastrtps_c__pyext[0m
[35m[1mConsolidate compiler generated dependencies of target interface_pkg__rosidl_typesupport_introspection_c__pyext[0m
[35m[1mConsolidate compiler generated dependencies of target interface_pkg__rosidl_typesupport_c__pyext[0m
[ 87%] [32mBuilding C object CMakeFiles/interface_pkg__rosidl_typesupport_introspection_c__pyext.dir/rosidl_generator_py/interface_pkg/_interface_pkg_s.ep.rosidl_typesupport_introspection_c.c.o[0m
[ 89%] [32mBuilding C object CMakeFiles/interface_pkg__rosidl_typesupport_fastrtps_c__pyext.dir/rosidl_generator_py/interface_pkg/_interface_pkg_s.ep.rosidl_typesupport_fastrtps_c.c.o[0m
[ 92%] [32mBuilding C object CMakeFiles/interface_pkg__rosidl_typesupport_c__pyext.dir/rosidl_generator_py/interface_pkg/_interface_pkg_s.ep.rosidl_typesupport_c.c.o[0m
[ 94%] [32m[1mLinking C shared library rosidl_generator_py/interface_pkg/interface_pkg_s__rosidl_typesupport_introspection_c.cpython-310-x86_64-linux-gnu.so[0m
[ 97%] [32m[1mLinking C shared library rosidl_generator_py/interface_pkg/interface_pkg_s__rosidl_typesupport_c.cpython-310-x86_64-linux-gnu.so[0m
[100%] [32m[1mLinking C shared library rosidl_generator_py/interface_pkg/interface_pkg_s__rosidl_typesupport_fastrtps_c.cpython-310-x86_64-linux-gnu.so[0m
[100%] Built target interface_pkg__rosidl_typesupport_introspection_c__pyext
[100%] Built target interface_pkg__rosidl_typesupport_c__pyext
[100%] Built target interface_pkg__rosidl_typesupport_fastrtps_c__pyext
-- Install configuration: ""
-- Installing: /home/moayyed/agri_bot1/install/interface_pkg/share/ament_index/resource_index/rosidl_interfaces/interface_pkg
-- Up-to-date: /home/moayyed/agri_bot1/install/interface_pkg/include/interface_pkg/interface_pkg
-- Up-to-date: /home/moayyed/agri_bot1/install/interface_pkg/include/interface_pkg/interface_pkg/msg
-- Up-to-date: /home/moayyed/agri_bot1/install/interface_pkg/include/interface_pkg/interface_pkg/msg/detail
-- Installing: /home/moayyed/agri_bot1/install/interface_pkg/include/interface_pkg/interface_pkg/msg/detail/detection__functions.c
-- Installing: /home/moayyed/agri_bot1/install/interface_pkg/include/interface_pkg/interface_pkg/msg/detail/detection__type_support.h
-- Installing: /home/moayyed/agri_bot1/install/interface_pkg/include/interface_pkg/interface_pkg/msg/detail/point2_d__functions.h
-- Installing: /home/moayyed/agri_bot1/install/interface_pkg/include/interface_pkg/interface_pkg/msg/detail/point2_d__struct.h
-- Installing: /home/moayyed/agri_bot1/install/interface_pkg/include/interface_pkg/interface_pkg/msg/detail/point2_d__type_support.h
-- Installing: /home/moayyed/agri_bot1/install/interface_pkg/include/interface_pkg/interface_pkg/msg/detail/point2_d__functions.c
-- Installing: /home/moayyed/agri_bot1/install/interface_pkg/include/interface_pkg/interface_pkg/msg/detail/detection__struct.h
-- Installing: /home/moayyed/agri_bot1/install/interface_pkg/include/interface_pkg/interface_pkg/msg/detail/detection__functions.h
-- Installing: /home/moayyed/agri_bot1/install/interface_pkg/include/interface_pkg/interface_pkg/msg/point2_d.h
-- Installing: /home/moayyed/agri_bot1/install/interface_pkg/include/interface_pkg/interface_pkg/msg/detection.h
-- Up-to-date: /home/moayyed/agri_bot1/install/interface_pkg/include/interface_pkg/interface_pkg/msg/rosidl_generator_c__visibility_control.h
-- Up-to-date: /home/moayyed/agri_bot1/install/interface_pkg/share/interface_pkg/environment/library_path.sh
-- Installing: /home/moayyed/agri_bot1/install/interface_pkg/share/interface_pkg/environment/library_path.dsv
-- Installing: /home/moayyed/agri_bot1/install/interface_pkg/lib/libinterface_pkg__rosidl_generator_c.so
-- Set runtime path of "/home/moayyed/agri_bot1/install/interface_pkg/lib/libinterface_pkg__rosidl_generator_c.so" to ""
-- Up-to-date: /home/moayyed/agri_bot1/install/interface_pkg/include/interface_pkg/interface_pkg
-- Up-to-date: /home/moayyed/agri_bot1/install/interface_pkg/include/interface_pkg/interface_pkg/msg
-- Up-to-date: /home/moayyed/agri_bot1/install/interface_pkg/include/interface_pkg/interface_pkg/msg/detail
-- Installing: /home/moayyed/agri_bot1/install/interface_pkg/include/interface_pkg/interface_pkg/msg/detail/detection__rosidl_typesupport_fastrtps_c.h
-- Installing: /home/moayyed/agri_bot1/install/interface_pkg/include/interface_pkg/interface_pkg/msg/detail/point2_d__rosidl_typesupport_fastrtps_c.h
-- Up-to-date: /home/moayyed/agri_bot1/install/interface_pkg/include/interface_pkg/interface_pkg/msg/rosidl_typesupport_fastrtps_c__visibility_control.h
-- Installing: /home/moayyed/agri_bot1/install/interface_pkg/lib/libinterface_pkg__rosidl_typesupport_fastrtps_c.so
-- Set runtime path of "/home/moayyed/agri_bot1/install/interface_pkg/lib/libinterface_pkg__rosidl_typesupport_fastrtps_c.so" to ""
-- Up-to-date: /home/moayyed/agri_bot1/install/interface_pkg/include/interface_pkg/interface_pkg
-- Up-to-date: /home/moayyed/agri_bot1/install/interface_pkg/include/interface_pkg/interface_pkg/msg
-- Up-to-date: /home/moayyed/agri_bot1/install/interface_pkg/include/interface_pkg/interface_pkg/msg/detail
-- Installing: /home/moayyed/agri_bot1/install/interface_pkg/include/interface_pkg/interface_pkg/msg/detail/detection__rosidl_typesupport_introspection_c.h
-- Installing: /home/moayyed/agri_bot1/install/interface_pkg/include/interface_pkg/interface_pkg/msg/detail/point2_d__type_support.c
-- Installing: /home/moayyed/agri_bot1/install/interface_pkg/include/interface_pkg/interface_pkg/msg/detail/point2_d__rosidl_typesupport_introspection_c.h
-- Installing: /home/moayyed/agri_bot1/install/interface_pkg/include/interface_pkg/interface_pkg/msg/detail/detection__type_support.c
-- Up-to-date: /home/moayyed/agri_bot1/install/interface_pkg/include/interface_pkg/interface_pkg/msg/rosidl_typesupport_introspection_c__visibility_control.h
-- Installing: /home/moayyed/agri_bot1/install/interface_pkg/lib/libinterface_pkg__rosidl_typesupport_introspection_c.so
-- Set runtime path of "/home/moayyed/agri_bot1/install/interface_pkg/lib/libinterface_pkg__rosidl_typesupport_introspection_c.so" to ""
-- Installing: /home/moayyed/agri_bot1/install/interface_pkg/lib/libinterface_pkg__rosidl_typesupport_c.so
-- Set runtime path of "/home/moayyed/agri_bot1/install/interface_pkg/lib/libinterface_pkg__rosidl_typesupport_c.so" to ""
-- Up-to-date: /home/moayyed/agri_bot1/install/interface_pkg/include/interface_pkg/interface_pkg
-- Up-to-date: /home/moayyed/agri_bot1/install/interface_pkg/include/interface_pkg/interface_pkg/msg
-- Up-to-date: /home/moayyed/agri_bot1/install/interface_pkg/include/interface_pkg/interface_pkg/msg/detail
-- Installing: /home/moayyed/agri_bot1/install/interface_pkg/include/interface_pkg/interface_pkg/msg/detail/point2_d__traits.hpp
-- Installing: /home/moayyed/agri_bot1/install/interface_pkg/include/interface_pkg/interface_pkg/msg/detail/point2_d__builder.hpp
-- Installing: /home/moayyed/agri_bot1/install/interface_pkg/include/interface_pkg/interface_pkg/msg/detail/point2_d__struct.hpp
-- Installing: /home/moayyed/agri_bot1/install/interface_pkg/include/interface_pkg/interface_pkg/msg/detail/detection__struct.hpp
-- Installing: /home/moayyed/agri_bot1/install/interface_pkg/include/interface_pkg/interface_pkg/msg/detail/detection__builder.hpp
-- Installing: /home/moayyed/agri_bot1/install/interface_pkg/include/interface_pkg/interface_pkg/msg/detail/detection__traits.hpp
-- Installing: /home/moayyed/agri_bot1/install/interface_pkg/include/interface_pkg/interface_pkg/msg/detection.hpp
-- Installing: /home/moayyed/agri_bot1/install/interface_pkg/include/interface_pkg/interface_pkg/msg/point2_d.hpp
-- Up-to-date: /home/moayyed/agri_bot1/install/interface_pkg/include/interface_pkg/interface_pkg
-- Up-to-date: /home/moayyed/agri_bot1/install/interface_pkg/include/interface_pkg/interface_pkg/msg
-- Up-to-date: /home/moayyed/agri_bot1/install/interface_pkg/include/interface_pkg/interface_pkg/msg/detail
-- Installing: /home/moayyed/agri_bot1/install/interface_pkg/include/interface_pkg/interface_pkg/msg/detail/point2_d__rosidl_typesupport_fastrtps_cpp.hpp
-- Up-to-date: /home/moayyed/agri_bot1/install/interface_pkg/include/interface_pkg/interface_pkg/msg/detail/dds_fastrtps
-- Installing: /home/moayyed/agri_bot1/install/interface_pkg/include/interface_pkg/interface_pkg/msg/detail/detection__rosidl_typesupport_fastrtps_cpp.hpp
-- Up-to-date: /home/moayyed/agri_bot1/install/interface_pkg/include/interface_pkg/interface_pkg/msg/rosidl_typesupport_fastrtps_cpp__visibility_control.h
-- Installing: /home/moayyed/agri_bot1/install/interface_pkg/lib/libinterface_pkg__rosidl_typesupport_fastrtps_cpp.so
-- Set runtime path of "/home/moayyed/agri_bot1/install/interface_pkg/lib/libinterface_pkg__rosidl_typesupport_fastrtps_cpp.so" to ""
-- Up-to-date: /home/moayyed/agri_bot1/install/interface_pkg/include/interface_pkg/interface_pkg
-- Up-to-date: /home/moayyed/agri_bot1/install/interface_pkg/include/interface_pkg/interface_pkg/msg
-- Up-to-date: /home/moayyed/agri_bot1/install/interface_pkg/include/interface_pkg/interface_pkg/msg/detail
-- Installing: /home/moayyed/agri_bot1/install/interface_pkg/include/interface_pkg/interface_pkg/msg/detail/detection__rosidl_typesupport_introspection_cpp.hpp
-- Installing: /home/moayyed/agri_bot1/install/interface_pkg/include/interface_pkg/interface_pkg/msg/detail/point2_d__rosidl_typesupport_introspection_cpp.hpp
-- Installing: /home/moayyed/agri_bot1/install/interface_pkg/include/interface_pkg/interface_pkg/msg/detail/point2_d__type_support.cpp
-- Installing: /home/moayyed/agri_bot1/install/interface_pkg/include/interface_pkg/interface_pkg/msg/detail/detection__type_support.cpp
-- Installing: /home/moayyed/agri_bot1/install/interface_pkg/lib/libinterface_pkg__rosidl_typesupport_introspection_cpp.so
-- Set runtime path of "/home/moayyed/agri_bot1/install/interface_pkg/lib/libinterface_pkg__rosidl_typesupport_introspection_cpp.so" to ""
-- Installing: /home/moayyed/agri_bot1/install/interface_pkg/lib/libinterface_pkg__rosidl_typesupport_cpp.so
-- Set runtime path of "/home/moayyed/agri_bot1/install/interface_pkg/lib/libinterface_pkg__rosidl_typesupport_cpp.so" to ""
-- Up-to-date: /home/moayyed/agri_bot1/install/interface_pkg/share/interface_pkg/environment/pythonpath.sh
-- Installing: /home/moayyed/agri_bot1/install/interface_pkg/share/interface_pkg/environment/pythonpath.dsv
-- Up-to-date: /home/moayyed/agri_bot1/install/interface_pkg/local/lib/python3.10/dist-packages/interface_pkg-0.0.0-py3.10.egg-info
-- Installing: /home/moayyed/agri_bot1/install/interface_pkg/local/lib/python3.10/dist-packages/interface_pkg-0.0.0-py3.10.egg-info/SOURCES.txt
-- Installing: /home/moayyed/agri_bot1/install/interface_pkg/local/lib/python3.10/dist-packages/interface_pkg-0.0.0-py3.10.egg-info/top_level.txt
-- Installing: /home/moayyed/agri_bot1/install/interface_pkg/local/lib/python3.10/dist-packages/interface_pkg-0.0.0-py3.10.egg-info/dependency_links.txt
-- Installing: /home/moayyed/agri_bot1/install/interface_pkg/local/lib/python3.10/dist-packages/interface_pkg-0.0.0-py3.10.egg-info/PKG-INFO
-- Up-to-date: /home/moayyed/agri_bot1/install/interface_pkg/local/lib/python3.10/dist-packages/interface_pkg
-- Installing: /home/moayyed/agri_bot1/install/interface_pkg/local/lib/python3.10/dist-packages/interface_pkg/libinterface_pkg__rosidl_generator_py.so
-- Installing: /home/moayyed/agri_bot1/install/interface_pkg/local/lib/python3.10/dist-packages/interface_pkg/_interface_pkg_s.ep.rosidl_typesupport_c.c
-- Installing: /home/moayyed/agri_bot1/install/interface_pkg/local/lib/python3.10/dist-packages/interface_pkg/interface_pkg_s__rosidl_typesupport_c.cpython-310-x86_64-linux-gnu.so
-- Installing: /home/moayyed/agri_bot1/install/interface_pkg/local/lib/python3.10/dist-packages/interface_pkg/interface_pkg_s__rosidl_typesupport_introspection_c.cpython-310-x86_64-linux-gnu.so
-- Installing: /home/moayyed/agri_bot1/install/interface_pkg/local/lib/python3.10/dist-packages/interface_pkg/interface_pkg_s__rosidl_typesupport_fastrtps_c.cpython-310-x86_64-linux-gnu.so
-- Up-to-date: /home/moayyed/agri_bot1/install/interface_pkg/local/lib/python3.10/dist-packages/interface_pkg/msg
-- Installing: /home/moayyed/agri_bot1/install/interface_pkg/local/lib/python3.10/dist-packages/interface_pkg/msg/_detection_s.c
-- Installing: /home/moayyed/agri_bot1/install/interface_pkg/local/lib/python3.10/dist-packages/interface_pkg/msg/_point2_d.py
-- Installing: /home/moayyed/agri_bot1/install/interface_pkg/local/lib/python3.10/dist-packages/interface_pkg/msg/_point2_d_s.c
-- Installing: /home/moayyed/agri_bot1/install/interface_pkg/local/lib/python3.10/dist-packages/interface_pkg/msg/_detection.py
-- Installing: /home/moayyed/agri_bot1/install/interface_pkg/local/lib/python3.10/dist-packages/interface_pkg/msg/__init__.py
-- Installing: /home/moayyed/agri_bot1/install/interface_pkg/local/lib/python3.10/dist-packages/interface_pkg/_interface_pkg_s.ep.rosidl_typesupport_introspection_c.c
-- Installing: /home/moayyed/agri_bot1/install/interface_pkg/local/lib/python3.10/dist-packages/interface_pkg/_interface_pkg_s.ep.rosidl_typesupport_fastrtps_c.c
-- Installing: /home/moayyed/agri_bot1/install/interface_pkg/local/lib/python3.10/dist-packages/interface_pkg/__init__.py
Listing '/home/moayyed/agri_bot1/install/interface_pkg/local/lib/python3.10/dist-packages/interface_pkg'...
Compiling '/home/moayyed/agri_bot1/install/interface_pkg/local/lib/python3.10/dist-packages/interface_pkg/__init__.py'...
Listing '/home/moayyed/agri_bot1/install/interface_pkg/local/lib/python3.10/dist-packages/interface_pkg/msg'...
Compiling '/home/moayyed/agri_bot1/install/interface_pkg/local/lib/python3.10/dist-packages/interface_pkg/msg/__init__.py'...
Compiling '/home/moayyed/agri_bot1/install/interface_pkg/local/lib/python3.10/dist-packages/interface_pkg/msg/_detection.py'...
Compiling '/home/moayyed/agri_bot1/install/interface_pkg/local/lib/python3.10/dist-packages/interface_pkg/msg/_point2_d.py'...
-- Installing: /home/moayyed/agri_bot1/install/interface_pkg/local/lib/python3.10/dist-packages/interface_pkg/interface_pkg_s__rosidl_typesupport_fastrtps_c.cpython-310-x86_64-linux-gnu.so
-- Set runtime path of "/home/moayyed/agri_bot1/install/interface_pkg/local/lib/python3.10/dist-packages/interface_pkg/interface_pkg_s__rosidl_typesupport_fastrtps_c.cpython-310-x86_64-linux-gnu.so" to ""
-- Installing: /home/moayyed/agri_bot1/install/interface_pkg/local/lib/python3.10/dist-packages/interface_pkg/interface_pkg_s__rosidl_typesupport_introspection_c.cpython-310-x86_64-linux-gnu.so
-- Set runtime path of "/home/moayyed/agri_bot1/install/interface_pkg/local/lib/python3.10/dist-packages/interface_pkg/interface_pkg_s__rosidl_typesupport_introspection_c.cpython-310-x86_64-linux-gnu.so" to ""
-- Installing: /home/moayyed/agri_bot1/install/interface_pkg/local/lib/python3.10/dist-packages/interface_pkg/interface_pkg_s__rosidl_typesupport_c.cpython-310-x86_64-linux-gnu.so
-- Set runtime path of "/home/moayyed/agri_bot1/install/interface_pkg/local/lib/python3.10/dist-packages/interface_pkg/interface_pkg_s__rosidl_typesupport_c.cpython-310-x86_64-linux-gnu.so" to ""
-- Installing: /home/moayyed/agri_bot1/install/interface_pkg/lib/libinterface_pkg__rosidl_generator_py.so
-- Set runtime path of "/home/moayyed/agri_bot1/install/interface_pkg/lib/libinterface_pkg__rosidl_generator_py.so" to ""
-- Installing: /home/moayyed/agri_bot1/install/interface_pkg/share/interface_pkg/msg/Detection.idl
-- Installing: /home/moayyed/agri_bot1/install/interface_pkg/share/interface_pkg/msg/Point2D.idl
-- Installing: /home/moayyed/agri_bot1/install/interface_pkg/share/interface_pkg/msg/Detection.msg
-- Installing: /home/moayyed/agri_bot1/install/interface_pkg/share/interface_pkg/msg/Point2D.msg
-- Up-to-date: /home/moayyed/agri_bot1/install/interface_pkg/share/ament_index/resource_index/package_run_dependencies/interface_pkg
-- Up-to-date: /home/moayyed/agri_bot1/install/interface_pkg/share/ament_index/resource_index/parent_prefix_path/interface_pkg
-- Up-to-date: /home/moayyed/agri_bot1/install/interface_pkg/share/interface_pkg/environment/ament_prefix_path.sh
-- Installing: /home/moayyed/agri_bot1/install/interface_pkg/share/interface_pkg/environment/ament_prefix_path.dsv
-- Up-to-date: /home/moayyed/agri_bot1/install/interface_pkg/share/interface_pkg/environment/path.sh
-- Installing: /home/moayyed/agri_bot1/install/interface_pkg/share/interface_pkg/environment/path.dsv
-- Up-to-date: /home/moayyed/agri_bot1/install/interface_pkg/share/interface_pkg/local_setup.bash
-- Up-to-date: /home/moayyed/agri_bot1/install/interface_pkg/share/interface_pkg/local_setup.sh
-- Up-to-date: /home/moayyed/agri_bot1/install/interface_pkg/share/interface_pkg/local_setup.zsh
-- Installing: /home/moayyed/agri_bot1/install/interface_pkg/share/interface_pkg/local_setup.dsv
-- Installing: /home/moayyed/agri_bot1/install/interface_pkg/share/interface_pkg/package.dsv
-- Up-to-date: /home/moayyed/agri_bot1/install/interface_pkg/share/ament_index/resource_index/packages/interface_pkg
-- Up-to-date: /home/moayyed/agri_bot1/install/interface_pkg/share/interface_pkg/cmake/export_interface_pkg__rosidl_generator_cExport.cmake
-- Up-to-date: /home/moayyed/agri_bot1/install/interface_pkg/share/interface_pkg/cmake/export_interface_pkg__rosidl_generator_cExport-noconfig.cmake
-- Up-to-date: /home/moayyed/agri_bot1/install/interface_pkg/share/interface_pkg/cmake/export_interface_pkg__rosidl_typesupport_fastrtps_cExport.cmake
-- Up-to-date: /home/moayyed/agri_bot1/install/interface_pkg/share/interface_pkg/cmake/export_interface_pkg__rosidl_typesupport_fastrtps_cExport-noconfig.cmake
-- Up-to-date: /home/moayyed/agri_bot1/install/interface_pkg/share/interface_pkg/cmake/interface_pkg__rosidl_typesupport_introspection_cExport.cmake
-- Up-to-date: /home/moayyed/agri_bot1/install/interface_pkg/share/interface_pkg/cmake/interface_pkg__rosidl_typesupport_introspection_cExport-noconfig.cmake
-- Up-to-date: /home/moayyed/agri_bot1/install/interface_pkg/share/interface_pkg/cmake/interface_pkg__rosidl_typesupport_cExport.cmake
-- Up-to-date: /home/moayyed/agri_bot1/install/interface_pkg/share/interface_pkg/cmake/interface_pkg__rosidl_typesupport_cExport-noconfig.cmake
-- Up-to-date: /home/moayyed/agri_bot1/install/interface_pkg/share/interface_pkg/cmake/export_interface_pkg__rosidl_generator_cppExport.cmake
-- Up-to-date: /home/moayyed/agri_bot1/install/interface_pkg/share/interface_pkg/cmake/export_interface_pkg__rosidl_typesupport_fastrtps_cppExport.cmake
-- Up-to-date: /home/moayyed/agri_bot1/install/interface_pkg/share/interface_pkg/cmake/export_interface_pkg__rosidl_typesupport_fastrtps_cppExport-noconfig.cmake
-- Up-to-date: /home/moayyed/agri_bot1/install/interface_pkg/share/interface_pkg/cmake/interface_pkg__rosidl_typesupport_introspection_cppExport.cmake
-- Up-to-date: /home/moayyed/agri_bot1/install/interface_pkg/share/interface_pkg/cmake/interface_pkg__rosidl_typesupport_introspection_cppExport-noconfig.cmake
-- Up-to-date: /home/moayyed/agri_bot1/install/interface_pkg/share/interface_pkg/cmake/interface_pkg__rosidl_typesupport_cppExport.cmake
-- Up-to-date: /home/moayyed/agri_bot1/install/interface_pkg/share/interface_pkg/cmake/interface_pkg__rosidl_typesupport_cppExport-noconfig.cmake
-- Up-to-date: /home/moayyed/agri_bot1/install/interface_pkg/share/interface_pkg/cmake/export_interface_pkg__rosidl_generator_pyExport.cmake
-- Up-to-date: /home/moayyed/agri_bot1/install/interface_pkg/share/interface_pkg/cmake/export_interface_pkg__rosidl_generator_pyExport-noconfig.cmake
-- Installing: /home/moayyed/agri_bot1/install/interface_pkg/share/interface_pkg/cmake/rosidl_cmake-extras.cmake
-- Up-to-date: /home/moayyed/agri_bot1/install/interface_pkg/share/interface_pkg/cmake/ament_cmake_export_include_directories-extras.cmake
-- Up-to-date: /home/moayyed/agri_bot1/install/interface_pkg/share/interface_pkg/cmake/ament_cmake_export_libraries-extras.cmake
-- Up-to-date: /home/moayyed/agri_bot1/install/interface_pkg/share/interface_pkg/cmake/ament_cmake_export_targets-extras.cmake
-- Up-to-date: /home/moayyed/agri_bot1/install/interface_pkg/share/interface_pkg/cmake/rosidl_cmake_export_typesupport_targets-extras.cmake
-- Up-to-date: /home/moayyed/agri_bot1/install/interface_pkg/share/interface_pkg/cmake/ament_cmake_export_dependencies-extras.cmake
-- Up-to-date: /home/moayyed/agri_bot1/install/interface_pkg/share/interface_pkg/cmake/rosidl_cmake_export_typesupport_libraries-extras.cmake
-- Up-to-date: /home/moayyed/agri_bot1/install/interface_pkg/share/interface_pkg/cmake/interface_pkgConfig.cmake
-- Up-to-date: /home/moayyed/agri_bot1/install/interface_pkg/share/interface_pkg/cmake/interface_pkgConfig-version.cmake
-- Up-to-date: /home/moayyed/agri_bot1/install/interface_pkg/share/interface_pkg/package.xml
