[0.081s] Invoking command in '/home/moayyed/agri_bot1/build/interface_pkg': CMAKE_PREFIX_PATH=${CMAKE_PREFIX_PATH}:/home/moayyed/agri_bot1/install/sensors_pkg:/home/moayyed/ros_ws/install/my_py_pkg:/opt/ros/humble /usr/bin/cmake --build /home/moayyed/agri_bot1/build/interface_pkg -- -j3 -l3
[0.109s] -- Found ament_cmake: 1.3.5 (/opt/ros/humble/share/ament_cmake/cmake)
[0.243s] -- Found rosidl_default_generators: 1.2.0 (/opt/ros/humble/share/rosidl_default_generators/cmake)
[0.244s] -- Using all available rosidl_typesupport_c: rosidl_typesupport_fastrtps_c;rosidl_typesupport_introspection_c
[0.247s] -- Found rosidl_adapter: 3.1.5 (/opt/ros/humble/share/rosidl_adapter/cmake)
[0.275s] -- Using all available rosidl_typesupport_cpp: rosidl_typesupport_fastrtps_cpp;rosidl_typesupport_introspection_cpp
[0.520s] -- Found ament_cmake_ros: 0.10.0 (/opt/ros/humble/share/ament_cmake_ros/cmake)
[0.683s] -- Using all available rosidl_typesupport_c: rosidl_typesupport_fastrtps_c;rosidl_typesupport_introspection_c
[0.906s] -- Using all available rosidl_typesupport_cpp: rosidl_typesupport_fastrtps_cpp;rosidl_typesupport_introspection_cpp
[0.927s] -- Found python_cmake_module: 0.10.0 (/opt/ros/humble/share/python_cmake_module/cmake)
[0.950s] -- Using PYTHON_EXECUTABLE: /usr/bin/python3
[0.950s] -- Using PYTHON_INCLUDE_DIRS: /usr/include/python3.10
[0.950s] -- Using PYTHON_LIBRARIES: /usr/lib/x86_64-linux-gnu/libpython3.10.so
[0.966s] -- Configuring done
[1.001s] -- Generating done
[1.005s] -- Build files have been written to: /home/moayyed/agri_bot1/build/interface_pkg
[1.033s] [  2%] [34m[1mGenerating C code for ROS interfaces[0m
[1.046s] [  5%] [34m[1mGenerating C++ code for ROS interfaces[0m
[1.058s] [  5%] Built target ament_cmake_python_copy_interface_pkg
[1.315s] running egg_info
[1.316s] writing interface_pkg.egg-info/PKG-INFO
[1.316s] writing dependency_links to interface_pkg.egg-info/dependency_links.txt
[1.317s] writing top-level names to interface_pkg.egg-info/top_level.txt
[1.319s] reading manifest file 'interface_pkg.egg-info/SOURCES.txt'
[1.319s] writing manifest file 'interface_pkg.egg-info/SOURCES.txt'
[1.349s] [  5%] Built target ament_cmake_python_build_interface_pkg_egg
[1.368s] [  5%] Built target interface_pkg__cpp
[1.368s] [35m[1mConsolidate compiler generated dependencies of target interface_pkg__rosidl_generator_c[0m
[1.383s] [ 10%] [34m[1mGenerating C++ type support for eProsima Fast-RTPS[0m
[1.384s] [ 10%] [34m[1mGenerating C++ type support dispatch for ROS interfaces[0m
[1.384s] [ 12%] [32mBuilding C object CMakeFiles/interface_pkg__rosidl_generator_c.dir/rosidl_generator_c/interface_pkg/msg/detail/detection__functions.c.o[0m
[1.433s] [ 15%] [32mBuilding C object CMakeFiles/interface_pkg__rosidl_generator_c.dir/rosidl_generator_c/interface_pkg/msg/detail/point2_d__functions.c.o[0m
[1.484s] [ 17%] [32m[1mLinking C shared library libinterface_pkg__rosidl_generator_c.so[0m
[1.526s] [ 17%] Built target interface_pkg__rosidl_generator_c
[1.541s] [ 20%] [34m[1mGenerating C++ introspection for ROS interfaces[0m
[1.601s] [35m[1mConsolidate compiler generated dependencies of target interface_pkg__rosidl_typesupport_cpp[0m
[1.617s] [ 23%] [32mBuilding CXX object CMakeFiles/interface_pkg__rosidl_typesupport_cpp.dir/rosidl_typesupport_cpp/interface_pkg/msg/detection__type_support.cpp.o[0m
[1.654s] [35m[1mConsolidate compiler generated dependencies of target interface_pkg__rosidl_typesupport_fastrtps_cpp[0m
[1.671s] [ 25%] [32mBuilding CXX object CMakeFiles/interface_pkg__rosidl_typesupport_fastrtps_cpp.dir/rosidl_typesupport_fastrtps_cpp/interface_pkg/msg/detail/dds_fastrtps/detection__type_support.cpp.o[0m
[1.784s] [35m[1mConsolidate compiler generated dependencies of target interface_pkg__rosidl_typesupport_introspection_cpp[0m
[1.801s] [ 28%] [32mBuilding CXX object CMakeFiles/interface_pkg__rosidl_typesupport_introspection_cpp.dir/rosidl_typesupport_introspection_cpp/interface_pkg/msg/detail/detection__type_support.cpp.o[0m
[1.882s] [ 30%] [32mBuilding CXX object CMakeFiles/interface_pkg__rosidl_typesupport_cpp.dir/rosidl_typesupport_cpp/interface_pkg/msg/point2_d__type_support.cpp.o[0m
[2.049s] [ 33%] [32mBuilding CXX object CMakeFiles/interface_pkg__rosidl_typesupport_fastrtps_cpp.dir/rosidl_typesupport_fastrtps_cpp/interface_pkg/msg/detail/dds_fastrtps/point2_d__type_support.cpp.o[0m
[2.143s] [ 35%] [32m[1mLinking CXX shared library libinterface_pkg__rosidl_typesupport_cpp.so[0m
[2.148s] [ 38%] [32mBuilding CXX object CMakeFiles/interface_pkg__rosidl_typesupport_introspection_cpp.dir/rosidl_typesupport_introspection_cpp/interface_pkg/msg/detail/point2_d__type_support.cpp.o[0m
[2.191s] [ 38%] Built target interface_pkg__rosidl_typesupport_cpp
[2.204s] [ 41%] [34m[1mGenerating C type support for eProsima Fast-RTPS[0m
[2.416s] [ 43%] [32m[1mLinking CXX shared library libinterface_pkg__rosidl_typesupport_fastrtps_cpp.so[0m
[2.473s] [35m[1mConsolidate compiler generated dependencies of target interface_pkg__rosidl_typesupport_fastrtps_c[0m
[2.491s] [ 46%] [32mBuilding CXX object CMakeFiles/interface_pkg__rosidl_typesupport_fastrtps_c.dir/rosidl_typesupport_fastrtps_c/interface_pkg/msg/detail/detection__type_support_c.cpp.o[0m
[2.501s] [ 46%] Built target interface_pkg__rosidl_typesupport_fastrtps_cpp
[2.515s] [ 48%] [34m[1mGenerating C introspection for ROS interfaces[0m
[2.519s] [ 51%] [32m[1mLinking CXX shared library libinterface_pkg__rosidl_typesupport_introspection_cpp.so[0m
[2.589s] [ 51%] Built target interface_pkg__rosidl_typesupport_introspection_cpp
[2.603s] [ 53%] [34m[1mGenerating C type support dispatch for ROS interfaces[0m
[2.769s] [35m[1mConsolidate compiler generated dependencies of target interface_pkg__rosidl_typesupport_introspection_c[0m
[2.785s] [ 56%] [32mBuilding C object CMakeFiles/interface_pkg__rosidl_typesupport_introspection_c.dir/rosidl_typesupport_introspection_c/interface_pkg/msg/detail/detection__type_support.c.o[0m
[2.819s] [ 58%] [32mBuilding CXX object CMakeFiles/interface_pkg__rosidl_typesupport_fastrtps_c.dir/rosidl_typesupport_fastrtps_c/interface_pkg/msg/detail/point2_d__type_support_c.cpp.o[0m
[2.823s] [35m[1mConsolidate compiler generated dependencies of target interface_pkg__rosidl_typesupport_c[0m
[2.824s] [ 61%] [32mBuilding C object CMakeFiles/interface_pkg__rosidl_typesupport_introspection_c.dir/rosidl_typesupport_introspection_c/interface_pkg/msg/detail/point2_d__type_support.c.o[0m
[2.840s] [ 64%] [32mBuilding CXX object CMakeFiles/interface_pkg__rosidl_typesupport_c.dir/rosidl_typesupport_c/interface_pkg/msg/detection__type_support.cpp.o[0m
[2.865s] [ 66%] [32m[1mLinking C shared library libinterface_pkg__rosidl_typesupport_introspection_c.so[0m
[2.877s] [ 69%] [32mBuilding CXX object CMakeFiles/interface_pkg__rosidl_typesupport_c.dir/rosidl_typesupport_c/interface_pkg/msg/point2_d__type_support.cpp.o[0m
[2.904s] [ 69%] Built target interface_pkg__rosidl_typesupport_introspection_c
[2.913s] [ 71%] [32m[1mLinking CXX shared library libinterface_pkg__rosidl_typesupport_c.so[0m
[2.966s] [ 71%] Built target interface_pkg__rosidl_typesupport_c
[3.125s] [ 74%] [32m[1mLinking CXX shared library libinterface_pkg__rosidl_typesupport_fastrtps_c.so[0m
[3.205s] [ 74%] Built target interface_pkg__rosidl_typesupport_fastrtps_c
[3.231s] [ 74%] Built target interface_pkg
[3.261s] [ 76%] [34m[1mGenerating Python code for ROS interfaces[0m
[3.591s] [ 76%] Built target interface_pkg__py
[3.604s] [35m[1mConsolidate compiler generated dependencies of target interface_pkg__rosidl_generator_py[0m
[3.621s] [ 82%] [32mBuilding C object CMakeFiles/interface_pkg__rosidl_generator_py.dir/rosidl_generator_py/interface_pkg/msg/_detection_s.c.o[0m
[3.621s] [ 82%] [32mBuilding C object CMakeFiles/interface_pkg__rosidl_generator_py.dir/rosidl_generator_py/interface_pkg/msg/_point2_d_s.c.o[0m
[3.727s] [ 84%] [32m[1mLinking C shared library rosidl_generator_py/interface_pkg/libinterface_pkg__rosidl_generator_py.so[0m
[3.776s] [ 84%] Built target interface_pkg__rosidl_generator_py
[3.790s] [35m[1mConsolidate compiler generated dependencies of target interface_pkg__rosidl_typesupport_fastrtps_c__pyext[0m
[3.790s] [35m[1mConsolidate compiler generated dependencies of target interface_pkg__rosidl_typesupport_introspection_c__pyext[0m
[3.790s] [35m[1mConsolidate compiler generated dependencies of target interface_pkg__rosidl_typesupport_c__pyext[0m
[3.808s] [ 87%] [32mBuilding C object CMakeFiles/interface_pkg__rosidl_typesupport_introspection_c__pyext.dir/rosidl_generator_py/interface_pkg/_interface_pkg_s.ep.rosidl_typesupport_introspection_c.c.o[0m
[3.808s] [ 89%] [32mBuilding C object CMakeFiles/interface_pkg__rosidl_typesupport_fastrtps_c__pyext.dir/rosidl_generator_py/interface_pkg/_interface_pkg_s.ep.rosidl_typesupport_fastrtps_c.c.o[0m
[3.808s] [ 92%] [32mBuilding C object CMakeFiles/interface_pkg__rosidl_typesupport_c__pyext.dir/rosidl_generator_py/interface_pkg/_interface_pkg_s.ep.rosidl_typesupport_c.c.o[0m
[3.906s] [ 94%] [32m[1mLinking C shared library rosidl_generator_py/interface_pkg/interface_pkg_s__rosidl_typesupport_introspection_c.cpython-310-x86_64-linux-gnu.so[0m
[3.909s] [ 97%] [32m[1mLinking C shared library rosidl_generator_py/interface_pkg/interface_pkg_s__rosidl_typesupport_c.cpython-310-x86_64-linux-gnu.so[0m
[3.910s] [100%] [32m[1mLinking C shared library rosidl_generator_py/interface_pkg/interface_pkg_s__rosidl_typesupport_fastrtps_c.cpython-310-x86_64-linux-gnu.so[0m
[3.951s] [100%] Built target interface_pkg__rosidl_typesupport_introspection_c__pyext
[3.951s] [100%] Built target interface_pkg__rosidl_typesupport_c__pyext
[3.952s] [100%] Built target interface_pkg__rosidl_typesupport_fastrtps_c__pyext
[3.966s] Invoked command in '/home/moayyed/agri_bot1/build/interface_pkg' returned '0': CMAKE_PREFIX_PATH=${CMAKE_PREFIX_PATH}:/home/moayyed/agri_bot1/install/sensors_pkg:/home/moayyed/ros_ws/install/my_py_pkg:/opt/ros/humble /usr/bin/cmake --build /home/moayyed/agri_bot1/build/interface_pkg -- -j3 -l3
[4.159s] Invoking command in '/home/moayyed/agri_bot1/build/interface_pkg': CMAKE_PREFIX_PATH=${CMAKE_PREFIX_PATH}:/home/moayyed/agri_bot1/install/sensors_pkg:/home/moayyed/ros_ws/install/my_py_pkg:/opt/ros/humble /usr/bin/cmake --install /home/moayyed/agri_bot1/build/interface_pkg
[4.170s] -- Install configuration: ""
[4.170s] -- Installing: /home/moayyed/agri_bot1/install/interface_pkg/share/ament_index/resource_index/rosidl_interfaces/interface_pkg
[4.170s] -- Up-to-date: /home/moayyed/agri_bot1/install/interface_pkg/include/interface_pkg/interface_pkg
[4.170s] -- Up-to-date: /home/moayyed/agri_bot1/install/interface_pkg/include/interface_pkg/interface_pkg/msg
[4.170s] -- Up-to-date: /home/moayyed/agri_bot1/install/interface_pkg/include/interface_pkg/interface_pkg/msg/detail
[4.170s] -- Installing: /home/moayyed/agri_bot1/install/interface_pkg/include/interface_pkg/interface_pkg/msg/detail/detection__functions.c
[4.170s] -- Installing: /home/moayyed/agri_bot1/install/interface_pkg/include/interface_pkg/interface_pkg/msg/detail/detection__type_support.h
[4.170s] -- Installing: /home/moayyed/agri_bot1/install/interface_pkg/include/interface_pkg/interface_pkg/msg/detail/point2_d__functions.h
[4.171s] -- Installing: /home/moayyed/agri_bot1/install/interface_pkg/include/interface_pkg/interface_pkg/msg/detail/point2_d__struct.h
[4.171s] -- Installing: /home/moayyed/agri_bot1/install/interface_pkg/include/interface_pkg/interface_pkg/msg/detail/point2_d__type_support.h
[4.171s] -- Installing: /home/moayyed/agri_bot1/install/interface_pkg/include/interface_pkg/interface_pkg/msg/detail/point2_d__functions.c
[4.171s] -- Installing: /home/moayyed/agri_bot1/install/interface_pkg/include/interface_pkg/interface_pkg/msg/detail/detection__struct.h
[4.171s] -- Installing: /home/moayyed/agri_bot1/install/interface_pkg/include/interface_pkg/interface_pkg/msg/detail/detection__functions.h
[4.171s] -- Installing: /home/moayyed/agri_bot1/install/interface_pkg/include/interface_pkg/interface_pkg/msg/point2_d.h
[4.172s] -- Installing: /home/moayyed/agri_bot1/install/interface_pkg/include/interface_pkg/interface_pkg/msg/detection.h
[4.172s] -- Up-to-date: /home/moayyed/agri_bot1/install/interface_pkg/include/interface_pkg/interface_pkg/msg/rosidl_generator_c__visibility_control.h
[4.172s] -- Up-to-date: /home/moayyed/agri_bot1/install/interface_pkg/share/interface_pkg/environment/library_path.sh
[4.172s] -- Installing: /home/moayyed/agri_bot1/install/interface_pkg/share/interface_pkg/environment/library_path.dsv
[4.172s] -- Installing: /home/moayyed/agri_bot1/install/interface_pkg/lib/libinterface_pkg__rosidl_generator_c.so
[4.172s] -- Set runtime path of "/home/moayyed/agri_bot1/install/interface_pkg/lib/libinterface_pkg__rosidl_generator_c.so" to ""
[4.172s] -- Up-to-date: /home/moayyed/agri_bot1/install/interface_pkg/include/interface_pkg/interface_pkg
[4.172s] -- Up-to-date: /home/moayyed/agri_bot1/install/interface_pkg/include/interface_pkg/interface_pkg/msg
[4.173s] -- Up-to-date: /home/moayyed/agri_bot1/install/interface_pkg/include/interface_pkg/interface_pkg/msg/detail
[4.173s] -- Installing: /home/moayyed/agri_bot1/install/interface_pkg/include/interface_pkg/interface_pkg/msg/detail/detection__rosidl_typesupport_fastrtps_c.h
[4.173s] -- Installing: /home/moayyed/agri_bot1/install/interface_pkg/include/interface_pkg/interface_pkg/msg/detail/point2_d__rosidl_typesupport_fastrtps_c.h
[4.173s] -- Up-to-date: /home/moayyed/agri_bot1/install/interface_pkg/include/interface_pkg/interface_pkg/msg/rosidl_typesupport_fastrtps_c__visibility_control.h
[4.173s] -- Installing: /home/moayyed/agri_bot1/install/interface_pkg/lib/libinterface_pkg__rosidl_typesupport_fastrtps_c.so
[4.173s] -- Set runtime path of "/home/moayyed/agri_bot1/install/interface_pkg/lib/libinterface_pkg__rosidl_typesupport_fastrtps_c.so" to ""
[4.173s] -- Up-to-date: /home/moayyed/agri_bot1/install/interface_pkg/include/interface_pkg/interface_pkg
[4.174s] -- Up-to-date: /home/moayyed/agri_bot1/install/interface_pkg/include/interface_pkg/interface_pkg/msg
[4.174s] -- Up-to-date: /home/moayyed/agri_bot1/install/interface_pkg/include/interface_pkg/interface_pkg/msg/detail
[4.174s] -- Installing: /home/moayyed/agri_bot1/install/interface_pkg/include/interface_pkg/interface_pkg/msg/detail/detection__rosidl_typesupport_introspection_c.h
[4.174s] -- Installing: /home/moayyed/agri_bot1/install/interface_pkg/include/interface_pkg/interface_pkg/msg/detail/point2_d__type_support.c
[4.174s] -- Installing: /home/moayyed/agri_bot1/install/interface_pkg/include/interface_pkg/interface_pkg/msg/detail/point2_d__rosidl_typesupport_introspection_c.h
[4.175s] -- Installing: /home/moayyed/agri_bot1/install/interface_pkg/include/interface_pkg/interface_pkg/msg/detail/detection__type_support.c
[4.175s] -- Up-to-date: /home/moayyed/agri_bot1/install/interface_pkg/include/interface_pkg/interface_pkg/msg/rosidl_typesupport_introspection_c__visibility_control.h
[4.175s] -- Installing: /home/moayyed/agri_bot1/install/interface_pkg/lib/libinterface_pkg__rosidl_typesupport_introspection_c.so
[4.175s] -- Set runtime path of "/home/moayyed/agri_bot1/install/interface_pkg/lib/libinterface_pkg__rosidl_typesupport_introspection_c.so" to ""
[4.175s] -- Installing: /home/moayyed/agri_bot1/install/interface_pkg/lib/libinterface_pkg__rosidl_typesupport_c.so
[4.176s] -- Set runtime path of "/home/moayyed/agri_bot1/install/interface_pkg/lib/libinterface_pkg__rosidl_typesupport_c.so" to ""
[4.176s] -- Up-to-date: /home/moayyed/agri_bot1/install/interface_pkg/include/interface_pkg/interface_pkg
[4.176s] -- Up-to-date: /home/moayyed/agri_bot1/install/interface_pkg/include/interface_pkg/interface_pkg/msg
[4.176s] -- Up-to-date: /home/moayyed/agri_bot1/install/interface_pkg/include/interface_pkg/interface_pkg/msg/detail
[4.176s] -- Installing: /home/moayyed/agri_bot1/install/interface_pkg/include/interface_pkg/interface_pkg/msg/detail/point2_d__traits.hpp
[4.176s] -- Installing: /home/moayyed/agri_bot1/install/interface_pkg/include/interface_pkg/interface_pkg/msg/detail/point2_d__builder.hpp
[4.176s] -- Installing: /home/moayyed/agri_bot1/install/interface_pkg/include/interface_pkg/interface_pkg/msg/detail/point2_d__struct.hpp
[4.177s] -- Installing: /home/moayyed/agri_bot1/install/interface_pkg/include/interface_pkg/interface_pkg/msg/detail/detection__struct.hpp
[4.177s] -- Installing: /home/moayyed/agri_bot1/install/interface_pkg/include/interface_pkg/interface_pkg/msg/detail/detection__builder.hpp
[4.177s] -- Installing: /home/moayyed/agri_bot1/install/interface_pkg/include/interface_pkg/interface_pkg/msg/detail/detection__traits.hpp
[4.177s] -- Installing: /home/moayyed/agri_bot1/install/interface_pkg/include/interface_pkg/interface_pkg/msg/detection.hpp
[4.177s] -- Installing: /home/moayyed/agri_bot1/install/interface_pkg/include/interface_pkg/interface_pkg/msg/point2_d.hpp
[4.177s] -- Up-to-date: /home/moayyed/agri_bot1/install/interface_pkg/include/interface_pkg/interface_pkg
[4.178s] -- Up-to-date: /home/moayyed/agri_bot1/install/interface_pkg/include/interface_pkg/interface_pkg/msg
[4.178s] -- Up-to-date: /home/moayyed/agri_bot1/install/interface_pkg/include/interface_pkg/interface_pkg/msg/detail
[4.178s] -- Installing: /home/moayyed/agri_bot1/install/interface_pkg/include/interface_pkg/interface_pkg/msg/detail/point2_d__rosidl_typesupport_fastrtps_cpp.hpp
[4.178s] -- Up-to-date: /home/moayyed/agri_bot1/install/interface_pkg/include/interface_pkg/interface_pkg/msg/detail/dds_fastrtps
[4.178s] -- Installing: /home/moayyed/agri_bot1/install/interface_pkg/include/interface_pkg/interface_pkg/msg/detail/detection__rosidl_typesupport_fastrtps_cpp.hpp
[4.178s] -- Up-to-date: /home/moayyed/agri_bot1/install/interface_pkg/include/interface_pkg/interface_pkg/msg/rosidl_typesupport_fastrtps_cpp__visibility_control.h
[4.179s] -- Installing: /home/moayyed/agri_bot1/install/interface_pkg/lib/libinterface_pkg__rosidl_typesupport_fastrtps_cpp.so
[4.179s] -- Set runtime path of "/home/moayyed/agri_bot1/install/interface_pkg/lib/libinterface_pkg__rosidl_typesupport_fastrtps_cpp.so" to ""
[4.179s] -- Up-to-date: /home/moayyed/agri_bot1/install/interface_pkg/include/interface_pkg/interface_pkg
[4.179s] -- Up-to-date: /home/moayyed/agri_bot1/install/interface_pkg/include/interface_pkg/interface_pkg/msg
[4.179s] -- Up-to-date: /home/moayyed/agri_bot1/install/interface_pkg/include/interface_pkg/interface_pkg/msg/detail
[4.179s] -- Installing: /home/moayyed/agri_bot1/install/interface_pkg/include/interface_pkg/interface_pkg/msg/detail/detection__rosidl_typesupport_introspection_cpp.hpp
[4.179s] -- Installing: /home/moayyed/agri_bot1/install/interface_pkg/include/interface_pkg/interface_pkg/msg/detail/point2_d__rosidl_typesupport_introspection_cpp.hpp
[4.179s] -- Installing: /home/moayyed/agri_bot1/install/interface_pkg/include/interface_pkg/interface_pkg/msg/detail/point2_d__type_support.cpp
[4.180s] -- Installing: /home/moayyed/agri_bot1/install/interface_pkg/include/interface_pkg/interface_pkg/msg/detail/detection__type_support.cpp
[4.180s] -- Installing: /home/moayyed/agri_bot1/install/interface_pkg/lib/libinterface_pkg__rosidl_typesupport_introspection_cpp.so
[4.180s] -- Set runtime path of "/home/moayyed/agri_bot1/install/interface_pkg/lib/libinterface_pkg__rosidl_typesupport_introspection_cpp.so" to ""
[4.180s] -- Installing: /home/moayyed/agri_bot1/install/interface_pkg/lib/libinterface_pkg__rosidl_typesupport_cpp.so
[4.180s] -- Set runtime path of "/home/moayyed/agri_bot1/install/interface_pkg/lib/libinterface_pkg__rosidl_typesupport_cpp.so" to ""
[4.180s] -- Up-to-date: /home/moayyed/agri_bot1/install/interface_pkg/share/interface_pkg/environment/pythonpath.sh
[4.180s] -- Installing: /home/moayyed/agri_bot1/install/interface_pkg/share/interface_pkg/environment/pythonpath.dsv
[4.181s] -- Up-to-date: /home/moayyed/agri_bot1/install/interface_pkg/local/lib/python3.10/dist-packages/interface_pkg-0.0.0-py3.10.egg-info
[4.181s] -- Installing: /home/moayyed/agri_bot1/install/interface_pkg/local/lib/python3.10/dist-packages/interface_pkg-0.0.0-py3.10.egg-info/SOURCES.txt
[4.181s] -- Installing: /home/moayyed/agri_bot1/install/interface_pkg/local/lib/python3.10/dist-packages/interface_pkg-0.0.0-py3.10.egg-info/top_level.txt
[4.181s] -- Installing: /home/moayyed/agri_bot1/install/interface_pkg/local/lib/python3.10/dist-packages/interface_pkg-0.0.0-py3.10.egg-info/dependency_links.txt
[4.181s] -- Installing: /home/moayyed/agri_bot1/install/interface_pkg/local/lib/python3.10/dist-packages/interface_pkg-0.0.0-py3.10.egg-info/PKG-INFO
[4.181s] -- Up-to-date: /home/moayyed/agri_bot1/install/interface_pkg/local/lib/python3.10/dist-packages/interface_pkg
[4.181s] -- Installing: /home/moayyed/agri_bot1/install/interface_pkg/local/lib/python3.10/dist-packages/interface_pkg/libinterface_pkg__rosidl_generator_py.so
[4.182s] -- Installing: /home/moayyed/agri_bot1/install/interface_pkg/local/lib/python3.10/dist-packages/interface_pkg/_interface_pkg_s.ep.rosidl_typesupport_c.c
[4.182s] -- Installing: /home/moayyed/agri_bot1/install/interface_pkg/local/lib/python3.10/dist-packages/interface_pkg/interface_pkg_s__rosidl_typesupport_c.cpython-310-x86_64-linux-gnu.so
[4.182s] -- Installing: /home/moayyed/agri_bot1/install/interface_pkg/local/lib/python3.10/dist-packages/interface_pkg/interface_pkg_s__rosidl_typesupport_introspection_c.cpython-310-x86_64-linux-gnu.so
[4.183s] -- Installing: /home/moayyed/agri_bot1/install/interface_pkg/local/lib/python3.10/dist-packages/interface_pkg/interface_pkg_s__rosidl_typesupport_fastrtps_c.cpython-310-x86_64-linux-gnu.so
[4.183s] -- Up-to-date: /home/moayyed/agri_bot1/install/interface_pkg/local/lib/python3.10/dist-packages/interface_pkg/msg
[4.183s] -- Installing: /home/moayyed/agri_bot1/install/interface_pkg/local/lib/python3.10/dist-packages/interface_pkg/msg/_detection_s.c
[4.183s] -- Installing: /home/moayyed/agri_bot1/install/interface_pkg/local/lib/python3.10/dist-packages/interface_pkg/msg/_point2_d.py
[4.183s] -- Installing: /home/moayyed/agri_bot1/install/interface_pkg/local/lib/python3.10/dist-packages/interface_pkg/msg/_point2_d_s.c
[4.183s] -- Installing: /home/moayyed/agri_bot1/install/interface_pkg/local/lib/python3.10/dist-packages/interface_pkg/msg/_detection.py
[4.184s] -- Installing: /home/moayyed/agri_bot1/install/interface_pkg/local/lib/python3.10/dist-packages/interface_pkg/msg/__init__.py
[4.184s] -- Installing: /home/moayyed/agri_bot1/install/interface_pkg/local/lib/python3.10/dist-packages/interface_pkg/_interface_pkg_s.ep.rosidl_typesupport_introspection_c.c
[4.184s] -- Installing: /home/moayyed/agri_bot1/install/interface_pkg/local/lib/python3.10/dist-packages/interface_pkg/_interface_pkg_s.ep.rosidl_typesupport_fastrtps_c.c
[4.184s] -- Installing: /home/moayyed/agri_bot1/install/interface_pkg/local/lib/python3.10/dist-packages/interface_pkg/__init__.py
[4.218s] Listing '/home/moayyed/agri_bot1/install/interface_pkg/local/lib/python3.10/dist-packages/interface_pkg'...
[4.218s] Compiling '/home/moayyed/agri_bot1/install/interface_pkg/local/lib/python3.10/dist-packages/interface_pkg/__init__.py'...
[4.218s] Listing '/home/moayyed/agri_bot1/install/interface_pkg/local/lib/python3.10/dist-packages/interface_pkg/msg'...
[4.218s] Compiling '/home/moayyed/agri_bot1/install/interface_pkg/local/lib/python3.10/dist-packages/interface_pkg/msg/__init__.py'...
[4.218s] Compiling '/home/moayyed/agri_bot1/install/interface_pkg/local/lib/python3.10/dist-packages/interface_pkg/msg/_detection.py'...
[4.218s] Compiling '/home/moayyed/agri_bot1/install/interface_pkg/local/lib/python3.10/dist-packages/interface_pkg/msg/_point2_d.py'...
[4.221s] -- Installing: /home/moayyed/agri_bot1/install/interface_pkg/local/lib/python3.10/dist-packages/interface_pkg/interface_pkg_s__rosidl_typesupport_fastrtps_c.cpython-310-x86_64-linux-gnu.so
[4.222s] -- Set runtime path of "/home/moayyed/agri_bot1/install/interface_pkg/local/lib/python3.10/dist-packages/interface_pkg/interface_pkg_s__rosidl_typesupport_fastrtps_c.cpython-310-x86_64-linux-gnu.so" to ""
[4.222s] -- Installing: /home/moayyed/agri_bot1/install/interface_pkg/local/lib/python3.10/dist-packages/interface_pkg/interface_pkg_s__rosidl_typesupport_introspection_c.cpython-310-x86_64-linux-gnu.so
[4.223s] -- Set runtime path of "/home/moayyed/agri_bot1/install/interface_pkg/local/lib/python3.10/dist-packages/interface_pkg/interface_pkg_s__rosidl_typesupport_introspection_c.cpython-310-x86_64-linux-gnu.so" to ""
[4.223s] -- Installing: /home/moayyed/agri_bot1/install/interface_pkg/local/lib/python3.10/dist-packages/interface_pkg/interface_pkg_s__rosidl_typesupport_c.cpython-310-x86_64-linux-gnu.so
[4.224s] -- Set runtime path of "/home/moayyed/agri_bot1/install/interface_pkg/local/lib/python3.10/dist-packages/interface_pkg/interface_pkg_s__rosidl_typesupport_c.cpython-310-x86_64-linux-gnu.so" to ""
[4.224s] -- Installing: /home/moayyed/agri_bot1/install/interface_pkg/lib/libinterface_pkg__rosidl_generator_py.so
[4.224s] -- Set runtime path of "/home/moayyed/agri_bot1/install/interface_pkg/lib/libinterface_pkg__rosidl_generator_py.so" to ""
[4.224s] -- Installing: /home/moayyed/agri_bot1/install/interface_pkg/share/interface_pkg/msg/Detection.idl
[4.224s] -- Installing: /home/moayyed/agri_bot1/install/interface_pkg/share/interface_pkg/msg/Point2D.idl
[4.225s] -- Installing: /home/moayyed/agri_bot1/install/interface_pkg/share/interface_pkg/msg/Detection.msg
[4.225s] -- Installing: /home/moayyed/agri_bot1/install/interface_pkg/share/interface_pkg/msg/Point2D.msg
[4.225s] -- Up-to-date: /home/moayyed/agri_bot1/install/interface_pkg/share/ament_index/resource_index/package_run_dependencies/interface_pkg
[4.225s] -- Up-to-date: /home/moayyed/agri_bot1/install/interface_pkg/share/ament_index/resource_index/parent_prefix_path/interface_pkg
[4.225s] -- Up-to-date: /home/moayyed/agri_bot1/install/interface_pkg/share/interface_pkg/environment/ament_prefix_path.sh
[4.225s] -- Installing: /home/moayyed/agri_bot1/install/interface_pkg/share/interface_pkg/environment/ament_prefix_path.dsv
[4.226s] -- Up-to-date: /home/moayyed/agri_bot1/install/interface_pkg/share/interface_pkg/environment/path.sh
[4.226s] -- Installing: /home/moayyed/agri_bot1/install/interface_pkg/share/interface_pkg/environment/path.dsv
[4.226s] -- Up-to-date: /home/moayyed/agri_bot1/install/interface_pkg/share/interface_pkg/local_setup.bash
[4.226s] -- Up-to-date: /home/moayyed/agri_bot1/install/interface_pkg/share/interface_pkg/local_setup.sh
[4.226s] -- Up-to-date: /home/moayyed/agri_bot1/install/interface_pkg/share/interface_pkg/local_setup.zsh
[4.226s] -- Installing: /home/moayyed/agri_bot1/install/interface_pkg/share/interface_pkg/local_setup.dsv
[4.226s] -- Installing: /home/moayyed/agri_bot1/install/interface_pkg/share/interface_pkg/package.dsv
[4.226s] -- Up-to-date: /home/moayyed/agri_bot1/install/interface_pkg/share/ament_index/resource_index/packages/interface_pkg
[4.227s] -- Up-to-date: /home/moayyed/agri_bot1/install/interface_pkg/share/interface_pkg/cmake/export_interface_pkg__rosidl_generator_cExport.cmake
[4.227s] -- Up-to-date: /home/moayyed/agri_bot1/install/interface_pkg/share/interface_pkg/cmake/export_interface_pkg__rosidl_generator_cExport-noconfig.cmake
[4.227s] -- Up-to-date: /home/moayyed/agri_bot1/install/interface_pkg/share/interface_pkg/cmake/export_interface_pkg__rosidl_typesupport_fastrtps_cExport.cmake
[4.227s] -- Up-to-date: /home/moayyed/agri_bot1/install/interface_pkg/share/interface_pkg/cmake/export_interface_pkg__rosidl_typesupport_fastrtps_cExport-noconfig.cmake
[4.227s] -- Up-to-date: /home/moayyed/agri_bot1/install/interface_pkg/share/interface_pkg/cmake/interface_pkg__rosidl_typesupport_introspection_cExport.cmake
[4.227s] -- Up-to-date: /home/moayyed/agri_bot1/install/interface_pkg/share/interface_pkg/cmake/interface_pkg__rosidl_typesupport_introspection_cExport-noconfig.cmake
[4.227s] -- Up-to-date: /home/moayyed/agri_bot1/install/interface_pkg/share/interface_pkg/cmake/interface_pkg__rosidl_typesupport_cExport.cmake
[4.227s] -- Up-to-date: /home/moayyed/agri_bot1/install/interface_pkg/share/interface_pkg/cmake/interface_pkg__rosidl_typesupport_cExport-noconfig.cmake
[4.228s] -- Up-to-date: /home/moayyed/agri_bot1/install/interface_pkg/share/interface_pkg/cmake/export_interface_pkg__rosidl_generator_cppExport.cmake
[4.228s] -- Up-to-date: /home/moayyed/agri_bot1/install/interface_pkg/share/interface_pkg/cmake/export_interface_pkg__rosidl_typesupport_fastrtps_cppExport.cmake
[4.228s] -- Up-to-date: /home/moayyed/agri_bot1/install/interface_pkg/share/interface_pkg/cmake/export_interface_pkg__rosidl_typesupport_fastrtps_cppExport-noconfig.cmake
[4.228s] -- Up-to-date: /home/moayyed/agri_bot1/install/interface_pkg/share/interface_pkg/cmake/interface_pkg__rosidl_typesupport_introspection_cppExport.cmake
[4.228s] -- Up-to-date: /home/moayyed/agri_bot1/install/interface_pkg/share/interface_pkg/cmake/interface_pkg__rosidl_typesupport_introspection_cppExport-noconfig.cmake
[4.228s] -- Up-to-date: /home/moayyed/agri_bot1/install/interface_pkg/share/interface_pkg/cmake/interface_pkg__rosidl_typesupport_cppExport.cmake
[4.229s] -- Up-to-date: /home/moayyed/agri_bot1/install/interface_pkg/share/interface_pkg/cmake/interface_pkg__rosidl_typesupport_cppExport-noconfig.cmake
[4.229s] -- Up-to-date: /home/moayyed/agri_bot1/install/interface_pkg/share/interface_pkg/cmake/export_interface_pkg__rosidl_generator_pyExport.cmake
[4.229s] -- Up-to-date: /home/moayyed/agri_bot1/install/interface_pkg/share/interface_pkg/cmake/export_interface_pkg__rosidl_generator_pyExport-noconfig.cmake
[4.229s] -- Installing: /home/moayyed/agri_bot1/install/interface_pkg/share/interface_pkg/cmake/rosidl_cmake-extras.cmake
[4.229s] -- Up-to-date: /home/moayyed/agri_bot1/install/interface_pkg/share/interface_pkg/cmake/ament_cmake_export_include_directories-extras.cmake
[4.229s] -- Up-to-date: /home/moayyed/agri_bot1/install/interface_pkg/share/interface_pkg/cmake/ament_cmake_export_libraries-extras.cmake
[4.229s] -- Up-to-date: /home/moayyed/agri_bot1/install/interface_pkg/share/interface_pkg/cmake/ament_cmake_export_targets-extras.cmake
[4.229s] -- Up-to-date: /home/moayyed/agri_bot1/install/interface_pkg/share/interface_pkg/cmake/rosidl_cmake_export_typesupport_targets-extras.cmake
[4.229s] -- Up-to-date: /home/moayyed/agri_bot1/install/interface_pkg/share/interface_pkg/cmake/ament_cmake_export_dependencies-extras.cmake
[4.229s] -- Up-to-date: /home/moayyed/agri_bot1/install/interface_pkg/share/interface_pkg/cmake/rosidl_cmake_export_typesupport_libraries-extras.cmake
[4.229s] -- Up-to-date: /home/moayyed/agri_bot1/install/interface_pkg/share/interface_pkg/cmake/interface_pkgConfig.cmake
[4.229s] -- Up-to-date: /home/moayyed/agri_bot1/install/interface_pkg/share/interface_pkg/cmake/interface_pkgConfig-version.cmake
[4.229s] -- Up-to-date: /home/moayyed/agri_bot1/install/interface_pkg/share/interface_pkg/package.xml
[4.231s] Invoked command in '/home/moayyed/agri_bot1/build/interface_pkg' returned '0': CMAKE_PREFIX_PATH=${CMAKE_PREFIX_PATH}:/home/moayyed/agri_bot1/install/sensors_pkg:/home/moayyed/ros_ws/install/my_py_pkg:/opt/ros/humble /usr/bin/cmake --install /home/moayyed/agri_bot1/build/interface_pkg
