[1.493s] Invoking command in '/home/moayyed/agri_bot1/src/AI_pkg': PYTHONPATH=/home/moayyed/agri_bot1/build/AI_pkg/prefix_override:/home/moayyed/agri_bot1/install/AI_pkg/lib/python3.10/site-packages:${PYTHONPATH} /usr/bin/python3 setup.py egg_info --egg-base ../../build/AI_pkg build --build-base /home/moayyed/agri_bot1/build/AI_pkg/build install --record /home/moayyed/agri_bot1/build/AI_pkg/install.log --single-version-externally-managed
[1.762s] running egg_info
[1.762s] writing ../../build/AI_pkg/AI_pkg.egg-info/PKG-INFO
[1.763s] writing dependency_links to ../../build/AI_pkg/AI_pkg.egg-info/dependency_links.txt
[1.763s] writing entry points to ../../build/AI_pkg/AI_pkg.egg-info/entry_points.txt
[1.763s] writing requirements to ../../build/AI_pkg/AI_pkg.egg-info/requires.txt
[1.763s] writing top-level names to ../../build/AI_pkg/AI_pkg.egg-info/top_level.txt
[1.765s] reading manifest file '../../build/AI_pkg/AI_pkg.egg-info/SOURCES.txt'
[1.766s] writing manifest file '../../build/AI_pkg/AI_pkg.egg-info/SOURCES.txt'
[1.766s] running build
[1.766s] running build_py
[1.766s] running install
[1.767s] running install_lib
[1.768s] running install_data
[1.768s] running install_egg_info
[1.770s] removing '/home/moayyed/agri_bot1/install/AI_pkg/lib/python3.10/site-packages/AI_pkg-0.0.0-py3.10.egg-info' (and everything under it)
[1.770s] Copying ../../build/AI_pkg/AI_pkg.egg-info to /home/moayyed/agri_bot1/install/AI_pkg/lib/python3.10/site-packages/AI_pkg-0.0.0-py3.10.egg-info
[1.771s] running install_scripts
[1.789s] Installing detection_model script to /home/moayyed/agri_bot1/install/AI_pkg/lib/AI_pkg
[1.790s] writing list of installed files to '/home/moayyed/agri_bot1/build/AI_pkg/install.log'
[1.844s] Invoked command in '/home/moayyed/agri_bot1/src/AI_pkg' returned '0': PYTHONPATH=/home/moayyed/agri_bot1/build/AI_pkg/prefix_override:/home/moayyed/agri_bot1/install/AI_pkg/lib/python3.10/site-packages:${PYTHONPATH} /usr/bin/python3 setup.py egg_info --egg-base ../../build/AI_pkg build --build-base /home/moayyed/agri_bot1/build/AI_pkg/build install --record /home/moayyed/agri_bot1/build/AI_pkg/install.log --single-version-externally-managed
