[0.942s] DEBUG:colcon:Command line arguments: ['/usr/bin/colcon', 'build']
[0.942s] DEBUG:colcon:Parsed command line arguments: Namespace(log_base=None, log_level=None, verb_name='build', build_base='build', install_base='install', merge_install=False, symlink_install=False, test_result_base=None, continue_on_error=False, executor='parallel', parallel_workers=3, event_handlers=None, ignore_user_meta=False, metas=['./colcon.meta'], base_paths=['.'], packages_ignore=None, packages_ignore_regex=None, paths=None, packages_up_to=None, packages_up_to_regex=None, packages_above=None, packages_above_and_dependencies=None, packages_above_depth=None, packages_select_by_dep=None, packages_skip_by_dep=None, packages_skip_up_to=None, packages_select_build_failed=False, packages_skip_build_finished=False, packages_select_test_failures=False, packages_skip_test_passed=False, packages_select=None, packages_skip=None, packages_select_regex=None, packages_skip_regex=None, packages_start=None, packages_end=None, allow_overriding=[], cmake_args=None, cmake_target=None, cmake_target_skip_unavailable=False, cmake_clean_cache=False, cmake_clean_first=False, cmake_force_configure=False, ament_cmake_args=None, catkin_cmake_args=None, catkin_skip_building_tests=False, verb_parser=<colcon_defaults.argument_parser.defaults.DefaultArgumentsDecorator object at 0x7fbc72881f30>, verb_extension=<colcon_core.verb.build.BuildVerb object at 0x7fbc72881a20>, main=<bound method BuildVerb.main of <colcon_core.verb.build.BuildVerb object at 0x7fbc72881a20>>)
[0.984s] Level 1:colcon.colcon_core.package_discovery:discover_packages(colcon_meta) check parameters
[0.985s] Level 1:colcon.colcon_core.package_discovery:discover_packages(recursive) check parameters
[0.985s] Level 1:colcon.colcon_core.package_discovery:discover_packages(ignore) check parameters
[0.985s] Level 1:colcon.colcon_core.package_discovery:discover_packages(path) check parameters
[0.985s] Level 1:colcon.colcon_core.package_discovery:discover_packages(colcon_meta) discover
[0.985s] Level 1:colcon.colcon_core.package_discovery:discover_packages(recursive) discover
[0.985s] INFO:colcon.colcon_core.package_discovery:Crawling recursively for packages in '/home/moayyed/agri_bot1'
[0.985s] Level 1:colcon.colcon_core.package_identification:_identify(.) by extensions ['ignore', 'ignore_ament_install']
[0.985s] Level 1:colcon.colcon_core.package_identification:_identify(.) by extension 'ignore'
[0.985s] Level 1:colcon.colcon_core.package_identification:_identify(.) by extension 'ignore_ament_install'
[0.985s] Level 1:colcon.colcon_core.package_identification:_identify(.) by extensions ['colcon_pkg']
[0.985s] Level 1:colcon.colcon_core.package_identification:_identify(.) by extension 'colcon_pkg'
[0.985s] Level 1:colcon.colcon_core.package_identification:_identify(.) by extensions ['colcon_meta']
[0.985s] Level 1:colcon.colcon_core.package_identification:_identify(.) by extension 'colcon_meta'
[0.985s] Level 1:colcon.colcon_core.package_identification:_identify(.) by extensions ['ros']
[0.985s] Level 1:colcon.colcon_core.package_identification:_identify(.) by extension 'ros'
[0.994s] Level 1:colcon.colcon_core.package_identification:_identify(.) by extensions ['cmake', 'python']
[0.994s] Level 1:colcon.colcon_core.package_identification:_identify(.) by extension 'cmake'
[0.994s] Level 1:colcon.colcon_core.package_identification:_identify(.) by extension 'python'
[0.994s] Level 1:colcon.colcon_core.package_identification:_identify(.) by extensions ['python_setup_py']
[0.994s] Level 1:colcon.colcon_core.package_identification:_identify(.) by extension 'python_setup_py'
[0.995s] Level 1:colcon.colcon_core.package_identification:_identify(build) by extensions ['ignore', 'ignore_ament_install']
[0.995s] Level 1:colcon.colcon_core.package_identification:_identify(build) by extension 'ignore'
[0.995s] Level 1:colcon.colcon_core.package_identification:_identify(build) ignored
[0.995s] Level 1:colcon.colcon_core.package_identification:_identify(install) by extensions ['ignore', 'ignore_ament_install']
[0.995s] Level 1:colcon.colcon_core.package_identification:_identify(install) by extension 'ignore'
[0.995s] Level 1:colcon.colcon_core.package_identification:_identify(install) ignored
[0.995s] Level 1:colcon.colcon_core.package_identification:_identify(log) by extensions ['ignore', 'ignore_ament_install']
[0.995s] Level 1:colcon.colcon_core.package_identification:_identify(log) by extension 'ignore'
[0.995s] Level 1:colcon.colcon_core.package_identification:_identify(log) ignored
[0.995s] Level 1:colcon.colcon_core.package_identification:_identify(src) by extensions ['ignore', 'ignore_ament_install']
[0.995s] Level 1:colcon.colcon_core.package_identification:_identify(src) by extension 'ignore'
[0.995s] Level 1:colcon.colcon_core.package_identification:_identify(src) by extension 'ignore_ament_install'
[0.995s] Level 1:colcon.colcon_core.package_identification:_identify(src) by extensions ['colcon_pkg']
[0.995s] Level 1:colcon.colcon_core.package_identification:_identify(src) by extension 'colcon_pkg'
[0.995s] Level 1:colcon.colcon_core.package_identification:_identify(src) by extensions ['colcon_meta']
[0.996s] Level 1:colcon.colcon_core.package_identification:_identify(src) by extension 'colcon_meta'
[0.996s] Level 1:colcon.colcon_core.package_identification:_identify(src) by extensions ['ros']
[0.996s] Level 1:colcon.colcon_core.package_identification:_identify(src) by extension 'ros'
[0.996s] Level 1:colcon.colcon_core.package_identification:_identify(src) by extensions ['cmake', 'python']
[0.996s] Level 1:colcon.colcon_core.package_identification:_identify(src) by extension 'cmake'
[0.996s] Level 1:colcon.colcon_core.package_identification:_identify(src) by extension 'python'
[0.996s] Level 1:colcon.colcon_core.package_identification:_identify(src) by extensions ['python_setup_py']
[0.996s] Level 1:colcon.colcon_core.package_identification:_identify(src) by extension 'python_setup_py'
[0.996s] Level 1:colcon.colcon_core.package_identification:_identify(src/sensors_pkg) by extensions ['ignore', 'ignore_ament_install']
[0.996s] Level 1:colcon.colcon_core.package_identification:_identify(src/sensors_pkg) by extension 'ignore'
[0.996s] Level 1:colcon.colcon_core.package_identification:_identify(src/sensors_pkg) by extension 'ignore_ament_install'
[0.996s] Level 1:colcon.colcon_core.package_identification:_identify(src/sensors_pkg) by extensions ['colcon_pkg']
[0.996s] Level 1:colcon.colcon_core.package_identification:_identify(src/sensors_pkg) by extension 'colcon_pkg'
[0.996s] Level 1:colcon.colcon_core.package_identification:_identify(src/sensors_pkg) by extensions ['colcon_meta']
[0.996s] Level 1:colcon.colcon_core.package_identification:_identify(src/sensors_pkg) by extension 'colcon_meta'
[0.996s] Level 1:colcon.colcon_core.package_identification:_identify(src/sensors_pkg) by extensions ['ros']
[0.996s] Level 1:colcon.colcon_core.package_identification:_identify(src/sensors_pkg) by extension 'ros'
[0.998s] DEBUG:colcon.colcon_core.package_identification:Package 'src/sensors_pkg' with type 'ros.ament_python' and name 'sensors_pkg'
[0.998s] Level 1:colcon.colcon_core.package_discovery:discover_packages(recursive) using defaults
[0.998s] Level 1:colcon.colcon_core.package_discovery:discover_packages(ignore) discover
[0.998s] Level 1:colcon.colcon_core.package_discovery:discover_packages(ignore) using defaults
[0.998s] Level 1:colcon.colcon_core.package_discovery:discover_packages(path) discover
[0.998s] Level 1:colcon.colcon_core.package_discovery:discover_packages(path) using defaults
[1.081s] Level 1:colcon.colcon_core.package_discovery:discover_packages(prefix_path) check parameters
[1.081s] Level 1:colcon.colcon_core.package_discovery:discover_packages(prefix_path) discover
[1.108s] DEBUG:colcon.colcon_installed_package_information.package_discovery:Found 3 installed packages in /home/moayyed/ros_ws/install
[1.122s] DEBUG:colcon.colcon_installed_package_information.package_discovery:Found 278 installed packages in /opt/ros/humble
[1.123s] Level 1:colcon.colcon_core.package_discovery:discover_packages(prefix_path) using defaults
[1.207s] Level 5:colcon.colcon_core.verb:set package 'sensors_pkg' build argument 'cmake_args' from command line to 'None'
[1.207s] Level 5:colcon.colcon_core.verb:set package 'sensors_pkg' build argument 'cmake_target' from command line to 'None'
[1.207s] Level 5:colcon.colcon_core.verb:set package 'sensors_pkg' build argument 'cmake_target_skip_unavailable' from command line to 'False'
[1.207s] Level 5:colcon.colcon_core.verb:set package 'sensors_pkg' build argument 'cmake_clean_cache' from command line to 'False'
[1.207s] Level 5:colcon.colcon_core.verb:set package 'sensors_pkg' build argument 'cmake_clean_first' from command line to 'False'
[1.207s] Level 5:colcon.colcon_core.verb:set package 'sensors_pkg' build argument 'cmake_force_configure' from command line to 'False'
[1.207s] Level 5:colcon.colcon_core.verb:set package 'sensors_pkg' build argument 'ament_cmake_args' from command line to 'None'
[1.207s] Level 5:colcon.colcon_core.verb:set package 'sensors_pkg' build argument 'catkin_cmake_args' from command line to 'None'
[1.207s] Level 5:colcon.colcon_core.verb:set package 'sensors_pkg' build argument 'catkin_skip_building_tests' from command line to 'False'
[1.207s] DEBUG:colcon.colcon_core.verb:Building package 'sensors_pkg' with the following arguments: {'ament_cmake_args': None, 'build_base': '/home/moayyed/agri_bot1/build/sensors_pkg', 'catkin_cmake_args': None, 'catkin_skip_building_tests': False, 'cmake_args': None, 'cmake_clean_cache': False, 'cmake_clean_first': False, 'cmake_force_configure': False, 'cmake_target': None, 'cmake_target_skip_unavailable': False, 'install_base': '/home/moayyed/agri_bot1/install/sensors_pkg', 'merge_install': False, 'path': '/home/moayyed/agri_bot1/src/sensors_pkg', 'symlink_install': False, 'test_result_base': None}
[1.221s] INFO:colcon.colcon_core.executor:Executing jobs using 'parallel' executor
[1.234s] DEBUG:colcon.colcon_parallel_executor.executor.parallel:run_until_complete
[1.235s] INFO:colcon.colcon_ros.task.ament_python.build:Building ROS package in '/home/moayyed/agri_bot1/src/sensors_pkg' with build type 'ament_python'
[1.235s] Level 1:colcon.colcon_core.shell:create_environment_hook('sensors_pkg', 'ament_prefix_path')
[1.251s] INFO:colcon.colcon_core.plugin_system:Skipping extension 'colcon_core.shell.bat': Not used on non-Windows systems
[1.251s] INFO:colcon.colcon_core.shell:Creating environment hook '/home/moayyed/agri_bot1/install/sensors_pkg/share/sensors_pkg/hook/ament_prefix_path.ps1'
[1.252s] INFO:colcon.colcon_core.shell:Creating environment descriptor '/home/moayyed/agri_bot1/install/sensors_pkg/share/sensors_pkg/hook/ament_prefix_path.dsv'
[1.253s] INFO:colcon.colcon_core.shell:Creating environment hook '/home/moayyed/agri_bot1/install/sensors_pkg/share/sensors_pkg/hook/ament_prefix_path.sh'
[1.267s] INFO:colcon.colcon_core.shell:Skip shell extension 'powershell' for command environment: Not usable outside of PowerShell
[1.267s] DEBUG:colcon.colcon_core.shell:Skip shell extension 'dsv' for command environment
[1.556s] INFO:colcon.colcon_core.task.python.build:Building Python package in '/home/moayyed/agri_bot1/src/sensors_pkg'
[1.571s] INFO:colcon.colcon_core.shell:Skip shell extension 'powershell' for command environment: Not usable outside of PowerShell
[1.571s] DEBUG:colcon.colcon_core.shell:Skip shell extension 'dsv' for command environment
[1.995s] DEBUG:colcon.colcon_core.event_handler.log_command:Invoking command in '/home/moayyed/agri_bot1/src/sensors_pkg': PYTHONPATH=/home/moayyed/agri_bot1/build/sensors_pkg/prefix_override:/home/moayyed/agri_bot1/install/sensors_pkg/lib/python3.10/site-packages:${PYTHONPATH} /usr/bin/python3 setup.py egg_info --egg-base ../../build/sensors_pkg build --build-base /home/moayyed/agri_bot1/build/sensors_pkg/build install --record /home/moayyed/agri_bot1/build/sensors_pkg/install.log --single-version-externally-managed
[2.270s] DEBUG:colcon.colcon_core.event_handler.log_command:Invoked command in '/home/moayyed/agri_bot1/src/sensors_pkg' returned '0': PYTHONPATH=/home/moayyed/agri_bot1/build/sensors_pkg/prefix_override:/home/moayyed/agri_bot1/install/sensors_pkg/lib/python3.10/site-packages:${PYTHONPATH} /usr/bin/python3 setup.py egg_info --egg-base ../../build/sensors_pkg build --build-base /home/moayyed/agri_bot1/build/sensors_pkg/build install --record /home/moayyed/agri_bot1/build/sensors_pkg/install.log --single-version-externally-managed
[2.296s] Level 1:colcon.colcon_core.environment:checking '/home/moayyed/agri_bot1/install/sensors_pkg' for CMake module files
[2.296s] Level 1:colcon.colcon_core.environment:checking '/home/moayyed/agri_bot1/install/sensors_pkg' for CMake config files
[2.297s] Level 1:colcon.colcon_core.environment:checking '/home/moayyed/agri_bot1/install/sensors_pkg/lib'
[2.297s] Level 1:colcon.colcon_core.environment:checking '/home/moayyed/agri_bot1/install/sensors_pkg/bin'
[2.297s] Level 1:colcon.colcon_core.environment:checking '/home/moayyed/agri_bot1/install/sensors_pkg/lib/pkgconfig/sensors_pkg.pc'
[2.297s] Level 1:colcon.colcon_core.environment:checking '/home/moayyed/agri_bot1/install/sensors_pkg/lib/python3.10/site-packages'
[2.298s] Level 1:colcon.colcon_core.shell:create_environment_hook('sensors_pkg', 'pythonpath')
[2.311s] INFO:colcon.colcon_core.shell:Creating environment hook '/home/moayyed/agri_bot1/install/sensors_pkg/share/sensors_pkg/hook/pythonpath.ps1'
[2.312s] INFO:colcon.colcon_core.shell:Creating environment descriptor '/home/moayyed/agri_bot1/install/sensors_pkg/share/sensors_pkg/hook/pythonpath.dsv'
[2.312s] INFO:colcon.colcon_core.shell:Creating environment hook '/home/moayyed/agri_bot1/install/sensors_pkg/share/sensors_pkg/hook/pythonpath.sh'
[2.312s] Level 1:colcon.colcon_core.environment:checking '/home/moayyed/agri_bot1/install/sensors_pkg/bin'
[2.312s] Level 1:colcon.colcon_core.environment:create_environment_scripts_only(sensors_pkg)
[2.327s] INFO:colcon.colcon_core.shell:Creating package script '/home/moayyed/agri_bot1/install/sensors_pkg/share/sensors_pkg/package.ps1'
[2.328s] INFO:colcon.colcon_core.shell:Creating package descriptor '/home/moayyed/agri_bot1/install/sensors_pkg/share/sensors_pkg/package.dsv'
[2.329s] INFO:colcon.colcon_core.shell:Creating package script '/home/moayyed/agri_bot1/install/sensors_pkg/share/sensors_pkg/package.sh'
[2.330s] INFO:colcon.colcon_core.shell:Creating package script '/home/moayyed/agri_bot1/install/sensors_pkg/share/sensors_pkg/package.bash'
[2.331s] INFO:colcon.colcon_core.shell:Creating package script '/home/moayyed/agri_bot1/install/sensors_pkg/share/sensors_pkg/package.zsh'
[2.333s] Level 1:colcon.colcon_core.environment:create_file_with_runtime_dependencies(/home/moayyed/agri_bot1/install/sensors_pkg/share/colcon-core/packages/sensors_pkg)
[2.333s] DEBUG:colcon.colcon_parallel_executor.executor.parallel:closing loop
[2.333s] DEBUG:colcon.colcon_parallel_executor.executor.parallel:loop closed
[2.333s] DEBUG:colcon.colcon_parallel_executor.executor.parallel:run_until_complete finished with '0'
[2.334s] DEBUG:colcon.colcon_core.event_reactor:joining thread
[2.352s] INFO:colcon.colcon_core.plugin_system:Skipping extension 'colcon_notification.desktop_notification.terminal_notifier': Not used on non-Darwin systems
[2.353s] INFO:colcon.colcon_core.plugin_system:Skipping extension 'colcon_notification.desktop_notification.win32': Not used on non-Windows systems
[2.353s] INFO:colcon.colcon_notification.desktop_notification:Sending desktop notification using 'notify2'
[2.365s] DEBUG:colcon.colcon_core.event_reactor:joined thread
[2.381s] INFO:colcon.colcon_core.shell:Creating prefix script '/home/moayyed/agri_bot1/install/local_setup.ps1'
[2.381s] INFO:colcon.colcon_core.shell:Creating prefix util module '/home/moayyed/agri_bot1/install/_local_setup_util_ps1.py'
[2.383s] INFO:colcon.colcon_core.shell:Creating prefix chain script '/home/moayyed/agri_bot1/install/setup.ps1'
[2.398s] INFO:colcon.colcon_core.shell:Creating prefix script '/home/moayyed/agri_bot1/install/local_setup.sh'
[2.399s] INFO:colcon.colcon_core.shell:Creating prefix util module '/home/moayyed/agri_bot1/install/_local_setup_util_sh.py'
[2.399s] INFO:colcon.colcon_core.shell:Creating prefix chain script '/home/moayyed/agri_bot1/install/setup.sh'
[2.415s] INFO:colcon.colcon_core.shell:Creating prefix script '/home/moayyed/agri_bot1/install/local_setup.bash'
[2.415s] INFO:colcon.colcon_core.shell:Creating prefix chain script '/home/moayyed/agri_bot1/install/setup.bash'
[2.431s] INFO:colcon.colcon_core.shell:Creating prefix script '/home/moayyed/agri_bot1/install/local_setup.zsh'
[2.431s] INFO:colcon.colcon_core.shell:Creating prefix chain script '/home/moayyed/agri_bot1/install/setup.zsh'
