[1.309s] Invoking command in '/home/moayyed/agri_bot1/src/sensors_pkg': PYTHONPATH=/home/moayyed/agri_bot1/build/sensors_pkg/prefix_override:/home/moayyed/agri_bot1/install/sensors_pkg/lib/python3.10/site-packages:${PYTHONPATH} /usr/bin/python3 setup.py egg_info --egg-base ../../build/sensors_pkg build --build-base /home/moayyed/agri_bot1/build/sensors_pkg/build install --record /home/moayyed/agri_bot1/build/sensors_pkg/install.log --single-version-externally-managed
[1.578s] running egg_info
[1.578s] writing ../../build/sensors_pkg/sensors_pkg.egg-info/PKG-INFO
[1.579s] writing dependency_links to ../../build/sensors_pkg/sensors_pkg.egg-info/dependency_links.txt
[1.579s] writing entry points to ../../build/sensors_pkg/sensors_pkg.egg-info/entry_points.txt
[1.579s] writing requirements to ../../build/sensors_pkg/sensors_pkg.egg-info/requires.txt
[1.579s] writing top-level names to ../../build/sensors_pkg/sensors_pkg.egg-info/top_level.txt
[1.582s] reading manifest file '../../build/sensors_pkg/sensors_pkg.egg-info/SOURCES.txt'
[1.583s] writing manifest file '../../build/sensors_pkg/sensors_pkg.egg-info/SOURCES.txt'
[1.583s] running build
[1.583s] running build_py
[1.584s] running install
[1.584s] running install_lib
[1.585s] running install_data
[1.585s] running install_egg_info
[1.587s] removing '/home/moayyed/agri_bot1/install/sensors_pkg/lib/python3.10/site-packages/sensors_pkg-0.0.0-py3.10.egg-info' (and everything under it)
[1.587s] Copying ../../build/sensors_pkg/sensors_pkg.egg-info to /home/moayyed/agri_bot1/install/sensors_pkg/lib/python3.10/site-packages/sensors_pkg-0.0.0-py3.10.egg-info
[1.588s] running install_scripts
[1.606s] Installing live_camera script to /home/moayyed/agri_bot1/install/sensors_pkg/lib/sensors_pkg
[1.607s] writing list of installed files to '/home/moayyed/agri_bot1/build/sensors_pkg/install.log'
[1.640s] Invoked command in '/home/moayyed/agri_bot1/src/sensors_pkg' returned '0': PYTHONPATH=/home/moayyed/agri_bot1/build/sensors_pkg/prefix_override:/home/moayyed/agri_bot1/install/sensors_pkg/lib/python3.10/site-packages:${PYTHONPATH} /usr/bin/python3 setup.py egg_info --egg-base ../../build/sensors_pkg build --build-base /home/moayyed/agri_bot1/build/sensors_pkg/build install --record /home/moayyed/agri_bot1/build/sensors_pkg/install.log --single-version-externally-managed
