[0.955s] DEBUG:colcon:Command line arguments: ['/usr/bin/colcon', 'build', '--packages-select', 'AI_pkg']
[0.955s] DEBUG:colcon:Parsed command line arguments: Namespace(log_base=None, log_level=None, verb_name='build', build_base='build', install_base='install', merge_install=False, symlink_install=False, test_result_base=None, continue_on_error=False, executor='parallel', parallel_workers=3, event_handlers=None, ignore_user_meta=False, metas=['./colcon.meta'], base_paths=['.'], packages_ignore=None, packages_ignore_regex=None, paths=None, packages_up_to=None, packages_up_to_regex=None, packages_above=None, packages_above_and_dependencies=None, packages_above_depth=None, packages_select_by_dep=None, packages_skip_by_dep=None, packages_skip_up_to=None, packages_select_build_failed=False, packages_skip_build_finished=False, packages_select_test_failures=False, packages_skip_test_passed=False, packages_select=['AI_pkg'], packages_skip=None, packages_select_regex=None, packages_skip_regex=None, packages_start=None, packages_end=None, allow_overriding=[], cmake_args=None, cmake_target=None, cmake_target_skip_unavailable=False, cmake_clean_cache=False, cmake_clean_first=False, cmake_force_configure=False, ament_cmake_args=None, catkin_cmake_args=None, catkin_skip_building_tests=False, verb_parser=<colcon_defaults.argument_parser.defaults.DefaultArgumentsDecorator object at 0x7f027f489960>, verb_extension=<colcon_core.verb.build.BuildVerb object at 0x7f027f489450>, main=<bound method BuildVerb.main of <colcon_core.verb.build.BuildVerb object at 0x7f027f489450>>)
[0.996s] Level 1:colcon.colcon_core.package_discovery:discover_packages(colcon_meta) check parameters
[0.996s] Level 1:colcon.colcon_core.package_discovery:discover_packages(recursive) check parameters
[0.996s] Level 1:colcon.colcon_core.package_discovery:discover_packages(ignore) check parameters
[0.996s] Level 1:colcon.colcon_core.package_discovery:discover_packages(path) check parameters
[0.996s] Level 1:colcon.colcon_core.package_discovery:discover_packages(colcon_meta) discover
[0.996s] Level 1:colcon.colcon_core.package_discovery:discover_packages(recursive) discover
[0.996s] INFO:colcon.colcon_core.package_discovery:Crawling recursively for packages in '/home/moayyed/agri_bot1'
[0.997s] Level 1:colcon.colcon_core.package_identification:_identify(.) by extensions ['ignore', 'ignore_ament_install']
[0.997s] Level 1:colcon.colcon_core.package_identification:_identify(.) by extension 'ignore'
[0.997s] Level 1:colcon.colcon_core.package_identification:_identify(.) by extension 'ignore_ament_install'
[0.997s] Level 1:colcon.colcon_core.package_identification:_identify(.) by extensions ['colcon_pkg']
[0.997s] Level 1:colcon.colcon_core.package_identification:_identify(.) by extension 'colcon_pkg'
[0.997s] Level 1:colcon.colcon_core.package_identification:_identify(.) by extensions ['colcon_meta']
[0.997s] Level 1:colcon.colcon_core.package_identification:_identify(.) by extension 'colcon_meta'
[0.997s] Level 1:colcon.colcon_core.package_identification:_identify(.) by extensions ['ros']
[0.997s] Level 1:colcon.colcon_core.package_identification:_identify(.) by extension 'ros'
[1.006s] Level 1:colcon.colcon_core.package_identification:_identify(.) by extensions ['cmake', 'python']
[1.006s] Level 1:colcon.colcon_core.package_identification:_identify(.) by extension 'cmake'
[1.006s] Level 1:colcon.colcon_core.package_identification:_identify(.) by extension 'python'
[1.006s] Level 1:colcon.colcon_core.package_identification:_identify(.) by extensions ['python_setup_py']
[1.006s] Level 1:colcon.colcon_core.package_identification:_identify(.) by extension 'python_setup_py'
[1.006s] Level 1:colcon.colcon_core.package_identification:_identify(build) by extensions ['ignore', 'ignore_ament_install']
[1.006s] Level 1:colcon.colcon_core.package_identification:_identify(build) by extension 'ignore'
[1.006s] Level 1:colcon.colcon_core.package_identification:_identify(build) ignored
[1.007s] Level 1:colcon.colcon_core.package_identification:_identify(install) by extensions ['ignore', 'ignore_ament_install']
[1.007s] Level 1:colcon.colcon_core.package_identification:_identify(install) by extension 'ignore'
[1.007s] Level 1:colcon.colcon_core.package_identification:_identify(install) ignored
[1.007s] Level 1:colcon.colcon_core.package_identification:_identify(log) by extensions ['ignore', 'ignore_ament_install']
[1.007s] Level 1:colcon.colcon_core.package_identification:_identify(log) by extension 'ignore'
[1.007s] Level 1:colcon.colcon_core.package_identification:_identify(log) ignored
[1.007s] Level 1:colcon.colcon_core.package_identification:_identify(src) by extensions ['ignore', 'ignore_ament_install']
[1.007s] Level 1:colcon.colcon_core.package_identification:_identify(src) by extension 'ignore'
[1.007s] Level 1:colcon.colcon_core.package_identification:_identify(src) by extension 'ignore_ament_install'
[1.007s] Level 1:colcon.colcon_core.package_identification:_identify(src) by extensions ['colcon_pkg']
[1.007s] Level 1:colcon.colcon_core.package_identification:_identify(src) by extension 'colcon_pkg'
[1.007s] Level 1:colcon.colcon_core.package_identification:_identify(src) by extensions ['colcon_meta']
[1.007s] Level 1:colcon.colcon_core.package_identification:_identify(src) by extension 'colcon_meta'
[1.007s] Level 1:colcon.colcon_core.package_identification:_identify(src) by extensions ['ros']
[1.007s] Level 1:colcon.colcon_core.package_identification:_identify(src) by extension 'ros'
[1.007s] Level 1:colcon.colcon_core.package_identification:_identify(src) by extensions ['cmake', 'python']
[1.007s] Level 1:colcon.colcon_core.package_identification:_identify(src) by extension 'cmake'
[1.007s] Level 1:colcon.colcon_core.package_identification:_identify(src) by extension 'python'
[1.007s] Level 1:colcon.colcon_core.package_identification:_identify(src) by extensions ['python_setup_py']
[1.007s] Level 1:colcon.colcon_core.package_identification:_identify(src) by extension 'python_setup_py'
[1.007s] Level 1:colcon.colcon_core.package_identification:_identify(src/AI_pkg) by extensions ['ignore', 'ignore_ament_install']
[1.008s] Level 1:colcon.colcon_core.package_identification:_identify(src/AI_pkg) by extension 'ignore'
[1.008s] Level 1:colcon.colcon_core.package_identification:_identify(src/AI_pkg) by extension 'ignore_ament_install'
[1.008s] Level 1:colcon.colcon_core.package_identification:_identify(src/AI_pkg) by extensions ['colcon_pkg']
[1.008s] Level 1:colcon.colcon_core.package_identification:_identify(src/AI_pkg) by extension 'colcon_pkg'
[1.008s] Level 1:colcon.colcon_core.package_identification:_identify(src/AI_pkg) by extensions ['colcon_meta']
[1.008s] Level 1:colcon.colcon_core.package_identification:_identify(src/AI_pkg) by extension 'colcon_meta'
[1.008s] Level 1:colcon.colcon_core.package_identification:_identify(src/AI_pkg) by extensions ['ros']
[1.008s] Level 1:colcon.colcon_core.package_identification:_identify(src/AI_pkg) by extension 'ros'
[1.010s] DEBUG:colcon.colcon_core.package_identification:Package 'src/AI_pkg' with type 'ros.ament_python' and name 'AI_pkg'
[1.010s] Level 1:colcon.colcon_core.package_identification:_identify(src/interface_pkg) by extensions ['ignore', 'ignore_ament_install']
[1.010s] Level 1:colcon.colcon_core.package_identification:_identify(src/interface_pkg) by extension 'ignore'
[1.010s] Level 1:colcon.colcon_core.package_identification:_identify(src/interface_pkg) by extension 'ignore_ament_install'
[1.010s] Level 1:colcon.colcon_core.package_identification:_identify(src/interface_pkg) by extensions ['colcon_pkg']
[1.010s] Level 1:colcon.colcon_core.package_identification:_identify(src/interface_pkg) by extension 'colcon_pkg'
[1.010s] Level 1:colcon.colcon_core.package_identification:_identify(src/interface_pkg) by extensions ['colcon_meta']
[1.011s] Level 1:colcon.colcon_core.package_identification:_identify(src/interface_pkg) by extension 'colcon_meta'
[1.011s] Level 1:colcon.colcon_core.package_identification:_identify(src/interface_pkg) by extensions ['ros']
[1.011s] Level 1:colcon.colcon_core.package_identification:_identify(src/interface_pkg) by extension 'ros'
[1.011s] DEBUG:colcon.colcon_core.package_identification:Package 'src/interface_pkg' with type 'ros.ament_cmake' and name 'interface_pkg'
[1.011s] Level 1:colcon.colcon_core.package_identification:_identify(src/sensors_pkg) by extensions ['ignore', 'ignore_ament_install']
[1.011s] Level 1:colcon.colcon_core.package_identification:_identify(src/sensors_pkg) by extension 'ignore'
[1.011s] Level 1:colcon.colcon_core.package_identification:_identify(src/sensors_pkg) by extension 'ignore_ament_install'
[1.011s] Level 1:colcon.colcon_core.package_identification:_identify(src/sensors_pkg) by extensions ['colcon_pkg']
[1.011s] Level 1:colcon.colcon_core.package_identification:_identify(src/sensors_pkg) by extension 'colcon_pkg'
[1.011s] Level 1:colcon.colcon_core.package_identification:_identify(src/sensors_pkg) by extensions ['colcon_meta']
[1.011s] Level 1:colcon.colcon_core.package_identification:_identify(src/sensors_pkg) by extension 'colcon_meta'
[1.011s] Level 1:colcon.colcon_core.package_identification:_identify(src/sensors_pkg) by extensions ['ros']
[1.011s] Level 1:colcon.colcon_core.package_identification:_identify(src/sensors_pkg) by extension 'ros'
[1.012s] DEBUG:colcon.colcon_core.package_identification:Package 'src/sensors_pkg' with type 'ros.ament_python' and name 'sensors_pkg'
[1.012s] Level 1:colcon.colcon_core.package_discovery:discover_packages(recursive) using defaults
[1.012s] Level 1:colcon.colcon_core.package_discovery:discover_packages(ignore) discover
[1.012s] Level 1:colcon.colcon_core.package_discovery:discover_packages(ignore) using defaults
[1.012s] Level 1:colcon.colcon_core.package_discovery:discover_packages(path) discover
[1.012s] Level 1:colcon.colcon_core.package_discovery:discover_packages(path) using defaults
[1.078s] INFO:colcon.colcon_core.package_selection:Skipping not selected package 'interface_pkg' in 'src/interface_pkg'
[1.078s] INFO:colcon.colcon_core.package_selection:Skipping not selected package 'sensors_pkg' in 'src/sensors_pkg'
[1.105s] Level 1:colcon.colcon_core.package_discovery:discover_packages(prefix_path) check parameters
[1.105s] Level 1:colcon.colcon_core.package_discovery:discover_packages(prefix_path) discover
[1.133s] DEBUG:colcon.colcon_installed_package_information.package_discovery:Found 2 installed packages in /home/moayyed/agri_bot1/install
[1.147s] DEBUG:colcon.colcon_installed_package_information.package_discovery:Found 3 installed packages in /home/moayyed/ros_ws/install
[1.163s] DEBUG:colcon.colcon_installed_package_information.package_discovery:Found 278 installed packages in /opt/ros/humble
[1.164s] Level 1:colcon.colcon_core.package_discovery:discover_packages(prefix_path) using defaults
[1.246s] Level 5:colcon.colcon_core.verb:set package 'AI_pkg' build argument 'cmake_args' from command line to 'None'
[1.246s] Level 5:colcon.colcon_core.verb:set package 'AI_pkg' build argument 'cmake_target' from command line to 'None'
[1.246s] Level 5:colcon.colcon_core.verb:set package 'AI_pkg' build argument 'cmake_target_skip_unavailable' from command line to 'False'
[1.246s] Level 5:colcon.colcon_core.verb:set package 'AI_pkg' build argument 'cmake_clean_cache' from command line to 'False'
[1.246s] Level 5:colcon.colcon_core.verb:set package 'AI_pkg' build argument 'cmake_clean_first' from command line to 'False'
[1.246s] Level 5:colcon.colcon_core.verb:set package 'AI_pkg' build argument 'cmake_force_configure' from command line to 'False'
[1.246s] Level 5:colcon.colcon_core.verb:set package 'AI_pkg' build argument 'ament_cmake_args' from command line to 'None'
[1.246s] Level 5:colcon.colcon_core.verb:set package 'AI_pkg' build argument 'catkin_cmake_args' from command line to 'None'
[1.246s] Level 5:colcon.colcon_core.verb:set package 'AI_pkg' build argument 'catkin_skip_building_tests' from command line to 'False'
[1.246s] DEBUG:colcon.colcon_core.verb:Building package 'AI_pkg' with the following arguments: {'ament_cmake_args': None, 'build_base': '/home/moayyed/agri_bot1/build/AI_pkg', 'catkin_cmake_args': None, 'catkin_skip_building_tests': False, 'cmake_args': None, 'cmake_clean_cache': False, 'cmake_clean_first': False, 'cmake_force_configure': False, 'cmake_target': None, 'cmake_target_skip_unavailable': False, 'install_base': '/home/moayyed/agri_bot1/install/AI_pkg', 'merge_install': False, 'path': '/home/moayyed/agri_bot1/src/AI_pkg', 'symlink_install': False, 'test_result_base': None}
[1.260s] INFO:colcon.colcon_core.executor:Executing jobs using 'parallel' executor
[1.275s] DEBUG:colcon.colcon_parallel_executor.executor.parallel:run_until_complete
[1.275s] INFO:colcon.colcon_ros.task.ament_python.build:Building ROS package in '/home/moayyed/agri_bot1/src/AI_pkg' with build type 'ament_python'
[1.275s] Level 1:colcon.colcon_core.shell:create_environment_hook('AI_pkg', 'ament_prefix_path')
[1.292s] INFO:colcon.colcon_core.plugin_system:Skipping extension 'colcon_core.shell.bat': Not used on non-Windows systems
[1.292s] INFO:colcon.colcon_core.shell:Creating environment hook '/home/moayyed/agri_bot1/install/AI_pkg/share/AI_pkg/hook/ament_prefix_path.ps1'
[1.293s] INFO:colcon.colcon_core.shell:Creating environment descriptor '/home/moayyed/agri_bot1/install/AI_pkg/share/AI_pkg/hook/ament_prefix_path.dsv'
[1.293s] INFO:colcon.colcon_core.shell:Creating environment hook '/home/moayyed/agri_bot1/install/AI_pkg/share/AI_pkg/hook/ament_prefix_path.sh'
[1.309s] INFO:colcon.colcon_core.shell:Skip shell extension 'powershell' for command environment: Not usable outside of PowerShell
[1.309s] DEBUG:colcon.colcon_core.shell:Skip shell extension 'dsv' for command environment
[1.628s] INFO:colcon.colcon_core.task.python.build:Building Python package in '/home/moayyed/agri_bot1/src/AI_pkg'
[1.643s] INFO:colcon.colcon_core.shell:Skip shell extension 'powershell' for command environment: Not usable outside of PowerShell
[1.643s] DEBUG:colcon.colcon_core.shell:Skip shell extension 'dsv' for command environment
[2.025s] DEBUG:colcon.colcon_core.event_handler.log_command:Invoking command in '/home/moayyed/agri_bot1/src/AI_pkg': PYTHONPATH=/home/moayyed/agri_bot1/build/AI_pkg/prefix_override:/home/moayyed/agri_bot1/install/AI_pkg/lib/python3.10/site-packages:${PYTHONPATH} /usr/bin/python3 setup.py egg_info --egg-base ../../build/AI_pkg build --build-base /home/moayyed/agri_bot1/build/AI_pkg/build install --record /home/moayyed/agri_bot1/build/AI_pkg/install.log --single-version-externally-managed
[2.306s] DEBUG:colcon.colcon_core.event_handler.log_command:Invoked command in '/home/moayyed/agri_bot1/src/AI_pkg' returned '0': PYTHONPATH=/home/moayyed/agri_bot1/build/AI_pkg/prefix_override:/home/moayyed/agri_bot1/install/AI_pkg/lib/python3.10/site-packages:${PYTHONPATH} /usr/bin/python3 setup.py egg_info --egg-base ../../build/AI_pkg build --build-base /home/moayyed/agri_bot1/build/AI_pkg/build install --record /home/moayyed/agri_bot1/build/AI_pkg/install.log --single-version-externally-managed
[2.322s] Level 1:colcon.colcon_core.environment:checking '/home/moayyed/agri_bot1/install/AI_pkg' for CMake module files
[2.323s] Level 1:colcon.colcon_core.environment:checking '/home/moayyed/agri_bot1/install/AI_pkg' for CMake config files
[2.323s] Level 1:colcon.colcon_core.environment:checking '/home/moayyed/agri_bot1/install/AI_pkg/lib'
[2.323s] Level 1:colcon.colcon_core.environment:checking '/home/moayyed/agri_bot1/install/AI_pkg/bin'
[2.324s] Level 1:colcon.colcon_core.environment:checking '/home/moayyed/agri_bot1/install/AI_pkg/lib/pkgconfig/AI_pkg.pc'
[2.324s] Level 1:colcon.colcon_core.environment:checking '/home/moayyed/agri_bot1/install/AI_pkg/lib/python3.10/site-packages'
[2.324s] Level 1:colcon.colcon_core.shell:create_environment_hook('AI_pkg', 'pythonpath')
[2.338s] INFO:colcon.colcon_core.shell:Creating environment hook '/home/moayyed/agri_bot1/install/AI_pkg/share/AI_pkg/hook/pythonpath.ps1'
[2.339s] INFO:colcon.colcon_core.shell:Creating environment descriptor '/home/moayyed/agri_bot1/install/AI_pkg/share/AI_pkg/hook/pythonpath.dsv'
[2.339s] INFO:colcon.colcon_core.shell:Creating environment hook '/home/moayyed/agri_bot1/install/AI_pkg/share/AI_pkg/hook/pythonpath.sh'
[2.339s] Level 1:colcon.colcon_core.environment:checking '/home/moayyed/agri_bot1/install/AI_pkg/bin'
[2.339s] Level 1:colcon.colcon_core.environment:create_environment_scripts_only(AI_pkg)
[2.353s] INFO:colcon.colcon_core.shell:Creating package script '/home/moayyed/agri_bot1/install/AI_pkg/share/AI_pkg/package.ps1'
[2.354s] INFO:colcon.colcon_core.shell:Creating package descriptor '/home/moayyed/agri_bot1/install/AI_pkg/share/AI_pkg/package.dsv'
[2.355s] INFO:colcon.colcon_core.shell:Creating package script '/home/moayyed/agri_bot1/install/AI_pkg/share/AI_pkg/package.sh'
[2.355s] INFO:colcon.colcon_core.shell:Creating package script '/home/moayyed/agri_bot1/install/AI_pkg/share/AI_pkg/package.bash'
[2.356s] INFO:colcon.colcon_core.shell:Creating package script '/home/moayyed/agri_bot1/install/AI_pkg/share/AI_pkg/package.zsh'
[2.356s] Level 1:colcon.colcon_core.environment:create_file_with_runtime_dependencies(/home/moayyed/agri_bot1/install/AI_pkg/share/colcon-core/packages/AI_pkg)
[2.357s] DEBUG:colcon.colcon_parallel_executor.executor.parallel:closing loop
[2.357s] DEBUG:colcon.colcon_parallel_executor.executor.parallel:loop closed
[2.358s] DEBUG:colcon.colcon_parallel_executor.executor.parallel:run_until_complete finished with '0'
[2.358s] DEBUG:colcon.colcon_core.event_reactor:joining thread
[2.378s] INFO:colcon.colcon_core.plugin_system:Skipping extension 'colcon_notification.desktop_notification.terminal_notifier': Not used on non-Darwin systems
[2.378s] INFO:colcon.colcon_core.plugin_system:Skipping extension 'colcon_notification.desktop_notification.win32': Not used on non-Windows systems
[2.378s] INFO:colcon.colcon_notification.desktop_notification:Sending desktop notification using 'notify2'
[2.391s] DEBUG:colcon.colcon_core.event_reactor:joined thread
[2.407s] INFO:colcon.colcon_core.shell:Creating prefix script '/home/moayyed/agri_bot1/install/local_setup.ps1'
[2.409s] INFO:colcon.colcon_core.shell:Creating prefix util module '/home/moayyed/agri_bot1/install/_local_setup_util_ps1.py'
[2.410s] INFO:colcon.colcon_core.shell:Creating prefix chain script '/home/moayyed/agri_bot1/install/setup.ps1'
[2.437s] INFO:colcon.colcon_core.shell:Creating prefix script '/home/moayyed/agri_bot1/install/local_setup.sh'
[2.438s] INFO:colcon.colcon_core.shell:Creating prefix util module '/home/moayyed/agri_bot1/install/_local_setup_util_sh.py'
[2.438s] INFO:colcon.colcon_core.shell:Creating prefix chain script '/home/moayyed/agri_bot1/install/setup.sh'
[2.455s] INFO:colcon.colcon_core.shell:Creating prefix script '/home/moayyed/agri_bot1/install/local_setup.bash'
[2.455s] INFO:colcon.colcon_core.shell:Creating prefix chain script '/home/moayyed/agri_bot1/install/setup.bash'
[2.471s] INFO:colcon.colcon_core.shell:Creating prefix script '/home/moayyed/agri_bot1/install/local_setup.zsh'
[2.472s] INFO:colcon.colcon_core.shell:Creating prefix chain script '/home/moayyed/agri_bot1/install/setup.zsh'
