[0.519s] Invoking command in '/home/moayyed/agri_bot1/build/interface_pkg': CMAKE_PREFIX_PATH=${CMAKE_PREFIX_PATH}:/home/moayyed/agri_bot1/install/sensors_pkg:/home/moayyed/ros_ws/install/my_py_pkg:/opt/ros/humble /usr/bin/cmake --build /home/moayyed/agri_bot1/build/interface_pkg -- -j3 -l3
[0.599s] [  3%] Built target interface_pkg__cpp
[0.607s] [ 12%] Built target interface_pkg__rosidl_generator_c
[0.620s] [ 12%] Built target ament_cmake_python_copy_interface_pkg
[0.653s] [ 22%] Built target interface_pkg__rosidl_typesupport_introspection_cpp
[0.658s] [ 32%] Built target interface_pkg__rosidl_typesupport_cpp
[0.678s] [ 41%] Built target interface_pkg__rosidl_typesupport_fastrtps_c
[0.692s] [ 51%] Built target interface_pkg__rosidl_typesupport_introspection_c
[0.710s] [ 61%] Built target interface_pkg__rosidl_typesupport_c
[0.721s] [ 70%] Built target interface_pkg__rosidl_typesupport_fastrtps_cpp
[0.750s] [ 70%] Built target interface_pkg
[0.778s] [ 74%] Built target interface_pkg__py
[0.808s] [ 80%] Built target interface_pkg__rosidl_generator_py
[0.855s] [ 87%] Built target interface_pkg__rosidl_typesupport_fastrtps_c__pyext
[0.882s] [ 93%] Built target interface_pkg__rosidl_typesupport_introspection_c__pyext
[0.893s] [100%] Built target interface_pkg__rosidl_typesupport_c__pyext
[0.956s] running egg_info
[0.956s] writing interface_pkg.egg-info/PKG-INFO
[0.957s] writing dependency_links to interface_pkg.egg-info/dependency_links.txt
[0.957s] writing top-level names to interface_pkg.egg-info/top_level.txt
[0.960s] reading manifest file 'interface_pkg.egg-info/SOURCES.txt'
[0.961s] writing manifest file 'interface_pkg.egg-info/SOURCES.txt'
[0.992s] [100%] Built target ament_cmake_python_build_interface_pkg_egg
[1.008s] Invoked command in '/home/moayyed/agri_bot1/build/interface_pkg' returned '0': CMAKE_PREFIX_PATH=${CMAKE_PREFIX_PATH}:/home/moayyed/agri_bot1/install/sensors_pkg:/home/moayyed/ros_ws/install/my_py_pkg:/opt/ros/humble /usr/bin/cmake --build /home/moayyed/agri_bot1/build/interface_pkg -- -j3 -l3
[1.147s] Invoking command in '/home/moayyed/agri_bot1/build/interface_pkg': CMAKE_PREFIX_PATH=${CMAKE_PREFIX_PATH}:/home/moayyed/agri_bot1/install/sensors_pkg:/home/moayyed/ros_ws/install/my_py_pkg:/opt/ros/humble /usr/bin/cmake --install /home/moayyed/agri_bot1/build/interface_pkg
[1.159s] -- Install configuration: ""
[1.159s] -- Up-to-date: /home/moayyed/agri_bot1/install/interface_pkg/share/ament_index/resource_index/rosidl_interfaces/interface_pkg
[1.159s] -- Up-to-date: /home/moayyed/agri_bot1/install/interface_pkg/include/interface_pkg/interface_pkg
[1.159s] -- Up-to-date: /home/moayyed/agri_bot1/install/interface_pkg/include/interface_pkg/interface_pkg/msg
[1.159s] -- Up-to-date: /home/moayyed/agri_bot1/install/interface_pkg/include/interface_pkg/interface_pkg/msg/detail
[1.159s] -- Up-to-date: /home/moayyed/agri_bot1/install/interface_pkg/include/interface_pkg/interface_pkg/msg/detail/detection__functions.c
[1.159s] -- Up-to-date: /home/moayyed/agri_bot1/install/interface_pkg/include/interface_pkg/interface_pkg/msg/detail/detection__type_support.h
[1.160s] -- Up-to-date: /home/moayyed/agri_bot1/install/interface_pkg/include/interface_pkg/interface_pkg/msg/detail/detection__struct.h
[1.160s] -- Up-to-date: /home/moayyed/agri_bot1/install/interface_pkg/include/interface_pkg/interface_pkg/msg/detail/detection__functions.h
[1.160s] -- Up-to-date: /home/moayyed/agri_bot1/install/interface_pkg/include/interface_pkg/interface_pkg/msg/detection.h
[1.160s] -- Up-to-date: /home/moayyed/agri_bot1/install/interface_pkg/include/interface_pkg/interface_pkg/msg/rosidl_generator_c__visibility_control.h
[1.160s] -- Up-to-date: /home/moayyed/agri_bot1/install/interface_pkg/share/interface_pkg/environment/library_path.sh
[1.160s] -- Up-to-date: /home/moayyed/agri_bot1/install/interface_pkg/share/interface_pkg/environment/library_path.dsv
[1.160s] -- Up-to-date: /home/moayyed/agri_bot1/install/interface_pkg/lib/libinterface_pkg__rosidl_generator_c.so
[1.160s] -- Up-to-date: /home/moayyed/agri_bot1/install/interface_pkg/include/interface_pkg/interface_pkg
[1.160s] -- Up-to-date: /home/moayyed/agri_bot1/install/interface_pkg/include/interface_pkg/interface_pkg/msg
[1.160s] -- Up-to-date: /home/moayyed/agri_bot1/install/interface_pkg/include/interface_pkg/interface_pkg/msg/detail
[1.160s] -- Up-to-date: /home/moayyed/agri_bot1/install/interface_pkg/include/interface_pkg/interface_pkg/msg/detail/detection__rosidl_typesupport_fastrtps_c.h
[1.160s] -- Up-to-date: /home/moayyed/agri_bot1/install/interface_pkg/include/interface_pkg/interface_pkg/msg/rosidl_typesupport_fastrtps_c__visibility_control.h
[1.160s] -- Up-to-date: /home/moayyed/agri_bot1/install/interface_pkg/lib/libinterface_pkg__rosidl_typesupport_fastrtps_c.so
[1.161s] -- Up-to-date: /home/moayyed/agri_bot1/install/interface_pkg/include/interface_pkg/interface_pkg
[1.161s] -- Up-to-date: /home/moayyed/agri_bot1/install/interface_pkg/include/interface_pkg/interface_pkg/msg
[1.161s] -- Up-to-date: /home/moayyed/agri_bot1/install/interface_pkg/include/interface_pkg/interface_pkg/msg/detail
[1.161s] -- Up-to-date: /home/moayyed/agri_bot1/install/interface_pkg/include/interface_pkg/interface_pkg/msg/detail/detection__rosidl_typesupport_introspection_c.h
[1.161s] -- Up-to-date: /home/moayyed/agri_bot1/install/interface_pkg/include/interface_pkg/interface_pkg/msg/detail/detection__type_support.c
[1.161s] -- Up-to-date: /home/moayyed/agri_bot1/install/interface_pkg/include/interface_pkg/interface_pkg/msg/rosidl_typesupport_introspection_c__visibility_control.h
[1.161s] -- Up-to-date: /home/moayyed/agri_bot1/install/interface_pkg/lib/libinterface_pkg__rosidl_typesupport_introspection_c.so
[1.161s] -- Up-to-date: /home/moayyed/agri_bot1/install/interface_pkg/lib/libinterface_pkg__rosidl_typesupport_c.so
[1.162s] -- Up-to-date: /home/moayyed/agri_bot1/install/interface_pkg/include/interface_pkg/interface_pkg
[1.162s] -- Up-to-date: /home/moayyed/agri_bot1/install/interface_pkg/include/interface_pkg/interface_pkg/msg
[1.162s] -- Up-to-date: /home/moayyed/agri_bot1/install/interface_pkg/include/interface_pkg/interface_pkg/msg/detail
[1.162s] -- Up-to-date: /home/moayyed/agri_bot1/install/interface_pkg/include/interface_pkg/interface_pkg/msg/detail/detection__struct.hpp
[1.162s] -- Up-to-date: /home/moayyed/agri_bot1/install/interface_pkg/include/interface_pkg/interface_pkg/msg/detail/detection__builder.hpp
[1.162s] -- Up-to-date: /home/moayyed/agri_bot1/install/interface_pkg/include/interface_pkg/interface_pkg/msg/detail/detection__traits.hpp
[1.162s] -- Up-to-date: /home/moayyed/agri_bot1/install/interface_pkg/include/interface_pkg/interface_pkg/msg/detection.hpp
[1.162s] -- Up-to-date: /home/moayyed/agri_bot1/install/interface_pkg/include/interface_pkg/interface_pkg
[1.162s] -- Up-to-date: /home/moayyed/agri_bot1/install/interface_pkg/include/interface_pkg/interface_pkg/msg
[1.162s] -- Up-to-date: /home/moayyed/agri_bot1/install/interface_pkg/include/interface_pkg/interface_pkg/msg/detail
[1.162s] -- Up-to-date: /home/moayyed/agri_bot1/install/interface_pkg/include/interface_pkg/interface_pkg/msg/detail/dds_fastrtps
[1.162s] -- Up-to-date: /home/moayyed/agri_bot1/install/interface_pkg/include/interface_pkg/interface_pkg/msg/detail/detection__rosidl_typesupport_fastrtps_cpp.hpp
[1.163s] -- Up-to-date: /home/moayyed/agri_bot1/install/interface_pkg/include/interface_pkg/interface_pkg/msg/rosidl_typesupport_fastrtps_cpp__visibility_control.h
[1.163s] -- Up-to-date: /home/moayyed/agri_bot1/install/interface_pkg/lib/libinterface_pkg__rosidl_typesupport_fastrtps_cpp.so
[1.163s] -- Up-to-date: /home/moayyed/agri_bot1/install/interface_pkg/include/interface_pkg/interface_pkg
[1.163s] -- Up-to-date: /home/moayyed/agri_bot1/install/interface_pkg/include/interface_pkg/interface_pkg/msg
[1.163s] -- Up-to-date: /home/moayyed/agri_bot1/install/interface_pkg/include/interface_pkg/interface_pkg/msg/detail
[1.163s] -- Up-to-date: /home/moayyed/agri_bot1/install/interface_pkg/include/interface_pkg/interface_pkg/msg/detail/detection__rosidl_typesupport_introspection_cpp.hpp
[1.163s] -- Up-to-date: /home/moayyed/agri_bot1/install/interface_pkg/include/interface_pkg/interface_pkg/msg/detail/detection__type_support.cpp
[1.163s] -- Up-to-date: /home/moayyed/agri_bot1/install/interface_pkg/lib/libinterface_pkg__rosidl_typesupport_introspection_cpp.so
[1.163s] -- Up-to-date: /home/moayyed/agri_bot1/install/interface_pkg/lib/libinterface_pkg__rosidl_typesupport_cpp.so
[1.164s] -- Up-to-date: /home/moayyed/agri_bot1/install/interface_pkg/share/interface_pkg/environment/pythonpath.sh
[1.164s] -- Up-to-date: /home/moayyed/agri_bot1/install/interface_pkg/share/interface_pkg/environment/pythonpath.dsv
[1.164s] -- Up-to-date: /home/moayyed/agri_bot1/install/interface_pkg/local/lib/python3.10/dist-packages/interface_pkg-0.0.0-py3.10.egg-info
[1.164s] -- Installing: /home/moayyed/agri_bot1/install/interface_pkg/local/lib/python3.10/dist-packages/interface_pkg-0.0.0-py3.10.egg-info/SOURCES.txt
[1.164s] -- Installing: /home/moayyed/agri_bot1/install/interface_pkg/local/lib/python3.10/dist-packages/interface_pkg-0.0.0-py3.10.egg-info/top_level.txt
[1.164s] -- Installing: /home/moayyed/agri_bot1/install/interface_pkg/local/lib/python3.10/dist-packages/interface_pkg-0.0.0-py3.10.egg-info/dependency_links.txt
[1.164s] -- Installing: /home/moayyed/agri_bot1/install/interface_pkg/local/lib/python3.10/dist-packages/interface_pkg-0.0.0-py3.10.egg-info/PKG-INFO
[1.166s] -- Up-to-date: /home/moayyed/agri_bot1/install/interface_pkg/local/lib/python3.10/dist-packages/interface_pkg
[1.166s] -- Up-to-date: /home/moayyed/agri_bot1/install/interface_pkg/local/lib/python3.10/dist-packages/interface_pkg/libinterface_pkg__rosidl_generator_py.so
[1.166s] -- Up-to-date: /home/moayyed/agri_bot1/install/interface_pkg/local/lib/python3.10/dist-packages/interface_pkg/_interface_pkg_s.ep.rosidl_typesupport_c.c
[1.166s] -- Up-to-date: /home/moayyed/agri_bot1/install/interface_pkg/local/lib/python3.10/dist-packages/interface_pkg/interface_pkg_s__rosidl_typesupport_c.cpython-310-x86_64-linux-gnu.so
[1.166s] -- Up-to-date: /home/moayyed/agri_bot1/install/interface_pkg/local/lib/python3.10/dist-packages/interface_pkg/interface_pkg_s__rosidl_typesupport_introspection_c.cpython-310-x86_64-linux-gnu.so
[1.167s] -- Up-to-date: /home/moayyed/agri_bot1/install/interface_pkg/local/lib/python3.10/dist-packages/interface_pkg/interface_pkg_s__rosidl_typesupport_fastrtps_c.cpython-310-x86_64-linux-gnu.so
[1.167s] -- Up-to-date: /home/moayyed/agri_bot1/install/interface_pkg/local/lib/python3.10/dist-packages/interface_pkg/msg
[1.167s] -- Up-to-date: /home/moayyed/agri_bot1/install/interface_pkg/local/lib/python3.10/dist-packages/interface_pkg/msg/_detection_s.c
[1.167s] -- Up-to-date: /home/moayyed/agri_bot1/install/interface_pkg/local/lib/python3.10/dist-packages/interface_pkg/msg/_detection.py
[1.167s] -- Up-to-date: /home/moayyed/agri_bot1/install/interface_pkg/local/lib/python3.10/dist-packages/interface_pkg/msg/__init__.py
[1.167s] -- Up-to-date: /home/moayyed/agri_bot1/install/interface_pkg/local/lib/python3.10/dist-packages/interface_pkg/_interface_pkg_s.ep.rosidl_typesupport_introspection_c.c
[1.167s] -- Up-to-date: /home/moayyed/agri_bot1/install/interface_pkg/local/lib/python3.10/dist-packages/interface_pkg/_interface_pkg_s.ep.rosidl_typesupport_fastrtps_c.c
[1.167s] -- Up-to-date: /home/moayyed/agri_bot1/install/interface_pkg/local/lib/python3.10/dist-packages/interface_pkg/__init__.py
[1.199s] Listing '/home/moayyed/agri_bot1/install/interface_pkg/local/lib/python3.10/dist-packages/interface_pkg'...
[1.199s] Listing '/home/moayyed/agri_bot1/install/interface_pkg/local/lib/python3.10/dist-packages/interface_pkg/msg'...
[1.203s] -- Up-to-date: /home/moayyed/agri_bot1/install/interface_pkg/local/lib/python3.10/dist-packages/interface_pkg/interface_pkg_s__rosidl_typesupport_fastrtps_c.cpython-310-x86_64-linux-gnu.so
[1.204s] -- Up-to-date: /home/moayyed/agri_bot1/install/interface_pkg/local/lib/python3.10/dist-packages/interface_pkg/interface_pkg_s__rosidl_typesupport_introspection_c.cpython-310-x86_64-linux-gnu.so
[1.204s] -- Up-to-date: /home/moayyed/agri_bot1/install/interface_pkg/local/lib/python3.10/dist-packages/interface_pkg/interface_pkg_s__rosidl_typesupport_c.cpython-310-x86_64-linux-gnu.so
[1.205s] -- Up-to-date: /home/moayyed/agri_bot1/install/interface_pkg/lib/libinterface_pkg__rosidl_generator_py.so
[1.205s] -- Up-to-date: /home/moayyed/agri_bot1/install/interface_pkg/share/interface_pkg/msg/Detection.idl
[1.206s] -- Up-to-date: /home/moayyed/agri_bot1/install/interface_pkg/share/interface_pkg/msg/Detection.msg
[1.206s] -- Up-to-date: /home/moayyed/agri_bot1/install/interface_pkg/share/ament_index/resource_index/package_run_dependencies/interface_pkg
[1.206s] -- Up-to-date: /home/moayyed/agri_bot1/install/interface_pkg/share/ament_index/resource_index/parent_prefix_path/interface_pkg
[1.206s] -- Up-to-date: /home/moayyed/agri_bot1/install/interface_pkg/share/interface_pkg/environment/ament_prefix_path.sh
[1.207s] -- Up-to-date: /home/moayyed/agri_bot1/install/interface_pkg/share/interface_pkg/environment/ament_prefix_path.dsv
[1.207s] -- Up-to-date: /home/moayyed/agri_bot1/install/interface_pkg/share/interface_pkg/environment/path.sh
[1.207s] -- Up-to-date: /home/moayyed/agri_bot1/install/interface_pkg/share/interface_pkg/environment/path.dsv
[1.208s] -- Up-to-date: /home/moayyed/agri_bot1/install/interface_pkg/share/interface_pkg/local_setup.bash
[1.208s] -- Up-to-date: /home/moayyed/agri_bot1/install/interface_pkg/share/interface_pkg/local_setup.sh
[1.208s] -- Up-to-date: /home/moayyed/agri_bot1/install/interface_pkg/share/interface_pkg/local_setup.zsh
[1.208s] -- Up-to-date: /home/moayyed/agri_bot1/install/interface_pkg/share/interface_pkg/local_setup.dsv
[1.208s] -- Installing: /home/moayyed/agri_bot1/install/interface_pkg/share/interface_pkg/package.dsv
[1.209s] -- Up-to-date: /home/moayyed/agri_bot1/install/interface_pkg/share/ament_index/resource_index/packages/interface_pkg
[1.209s] -- Up-to-date: /home/moayyed/agri_bot1/install/interface_pkg/share/interface_pkg/cmake/export_interface_pkg__rosidl_generator_cExport.cmake
[1.209s] -- Up-to-date: /home/moayyed/agri_bot1/install/interface_pkg/share/interface_pkg/cmake/export_interface_pkg__rosidl_generator_cExport-noconfig.cmake
[1.209s] -- Up-to-date: /home/moayyed/agri_bot1/install/interface_pkg/share/interface_pkg/cmake/export_interface_pkg__rosidl_typesupport_fastrtps_cExport.cmake
[1.210s] -- Up-to-date: /home/moayyed/agri_bot1/install/interface_pkg/share/interface_pkg/cmake/export_interface_pkg__rosidl_typesupport_fastrtps_cExport-noconfig.cmake
[1.210s] -- Up-to-date: /home/moayyed/agri_bot1/install/interface_pkg/share/interface_pkg/cmake/interface_pkg__rosidl_typesupport_introspection_cExport.cmake
[1.210s] -- Up-to-date: /home/moayyed/agri_bot1/install/interface_pkg/share/interface_pkg/cmake/interface_pkg__rosidl_typesupport_introspection_cExport-noconfig.cmake
[1.211s] -- Up-to-date: /home/moayyed/agri_bot1/install/interface_pkg/share/interface_pkg/cmake/interface_pkg__rosidl_typesupport_cExport.cmake
[1.211s] -- Up-to-date: /home/moayyed/agri_bot1/install/interface_pkg/share/interface_pkg/cmake/interface_pkg__rosidl_typesupport_cExport-noconfig.cmake
[1.211s] -- Up-to-date: /home/moayyed/agri_bot1/install/interface_pkg/share/interface_pkg/cmake/export_interface_pkg__rosidl_generator_cppExport.cmake
[1.211s] -- Up-to-date: /home/moayyed/agri_bot1/install/interface_pkg/share/interface_pkg/cmake/export_interface_pkg__rosidl_typesupport_fastrtps_cppExport.cmake
[1.212s] -- Up-to-date: /home/moayyed/agri_bot1/install/interface_pkg/share/interface_pkg/cmake/export_interface_pkg__rosidl_typesupport_fastrtps_cppExport-noconfig.cmake
[1.212s] -- Up-to-date: /home/moayyed/agri_bot1/install/interface_pkg/share/interface_pkg/cmake/interface_pkg__rosidl_typesupport_introspection_cppExport.cmake
[1.212s] -- Up-to-date: /home/moayyed/agri_bot1/install/interface_pkg/share/interface_pkg/cmake/interface_pkg__rosidl_typesupport_introspection_cppExport-noconfig.cmake
[1.212s] -- Up-to-date: /home/moayyed/agri_bot1/install/interface_pkg/share/interface_pkg/cmake/interface_pkg__rosidl_typesupport_cppExport.cmake
[1.212s] -- Up-to-date: /home/moayyed/agri_bot1/install/interface_pkg/share/interface_pkg/cmake/interface_pkg__rosidl_typesupport_cppExport-noconfig.cmake
[1.213s] -- Up-to-date: /home/moayyed/agri_bot1/install/interface_pkg/share/interface_pkg/cmake/export_interface_pkg__rosidl_generator_pyExport.cmake
[1.213s] -- Up-to-date: /home/moayyed/agri_bot1/install/interface_pkg/share/interface_pkg/cmake/export_interface_pkg__rosidl_generator_pyExport-noconfig.cmake
[1.213s] -- Up-to-date: /home/moayyed/agri_bot1/install/interface_pkg/share/interface_pkg/cmake/rosidl_cmake-extras.cmake
[1.213s] -- Up-to-date: /home/moayyed/agri_bot1/install/interface_pkg/share/interface_pkg/cmake/ament_cmake_export_include_directories-extras.cmake
[1.213s] -- Up-to-date: /home/moayyed/agri_bot1/install/interface_pkg/share/interface_pkg/cmake/ament_cmake_export_libraries-extras.cmake
[1.214s] -- Up-to-date: /home/moayyed/agri_bot1/install/interface_pkg/share/interface_pkg/cmake/ament_cmake_export_targets-extras.cmake
[1.214s] -- Up-to-date: /home/moayyed/agri_bot1/install/interface_pkg/share/interface_pkg/cmake/rosidl_cmake_export_typesupport_targets-extras.cmake
[1.214s] -- Up-to-date: /home/moayyed/agri_bot1/install/interface_pkg/share/interface_pkg/cmake/ament_cmake_export_dependencies-extras.cmake
[1.214s] -- Up-to-date: /home/moayyed/agri_bot1/install/interface_pkg/share/interface_pkg/cmake/rosidl_cmake_export_typesupport_libraries-extras.cmake
[1.214s] -- Up-to-date: /home/moayyed/agri_bot1/install/interface_pkg/share/interface_pkg/cmake/interface_pkgConfig.cmake
[1.215s] -- Up-to-date: /home/moayyed/agri_bot1/install/interface_pkg/share/interface_pkg/cmake/interface_pkgConfig-version.cmake
[1.216s] -- Up-to-date: /home/moayyed/agri_bot1/install/interface_pkg/share/interface_pkg/package.xml
[1.222s] Invoked command in '/home/moayyed/agri_bot1/build/interface_pkg' returned '0': CMAKE_PREFIX_PATH=${CMAKE_PREFIX_PATH}:/home/moayyed/agri_bot1/install/sensors_pkg:/home/moayyed/ros_ws/install/my_py_pkg:/opt/ros/humble /usr/bin/cmake --install /home/moayyed/agri_bot1/build/interface_pkg
