[0.501s] Invoking command in '/home/moayyed/agri_bot1/build/interface_pkg': CMAKE_PREFIX_PATH=${CMAKE_PREFIX_PATH}:/home/moayyed/agri_bot1/install/sensors_pkg:/home/moayyed/ros_ws/install/my_py_pkg:/opt/ros/humble /usr/bin/cmake --build /home/moayyed/agri_bot1/build/interface_pkg -- -j3 -l3
[0.552s] [35m[1mConsolidate compiler generated dependencies of target interface_pkg__rosidl_generator_c[0m
[0.571s] [  3%] Built target interface_pkg__cpp
[0.577s] [ 12%] Built target interface_pkg__rosidl_generator_c
[0.594s] [35m[1mConsolidate compiler generated dependencies of target interface_pkg__rosidl_typesupport_introspection_cpp[0m
[0.595s] [ 12%] Built target ament_cmake_python_copy_interface_pkg
[0.606s] [35m[1mConsolidate compiler generated dependencies of target interface_pkg__rosidl_typesupport_cpp[0m
[0.620s] [35m[1mConsolidate compiler generated dependencies of target interface_pkg__rosidl_typesupport_fastrtps_c[0m
[0.620s] [ 22%] Built target interface_pkg__rosidl_typesupport_introspection_cpp
[0.639s] [35m[1mConsolidate compiler generated dependencies of target interface_pkg__rosidl_typesupport_introspection_c[0m
[0.640s] [ 32%] Built target interface_pkg__rosidl_typesupport_cpp
[0.650s] [ 41%] Built target interface_pkg__rosidl_typesupport_fastrtps_c
[0.660s] [35m[1mConsolidate compiler generated dependencies of target interface_pkg__rosidl_typesupport_c[0m
[0.674s] [35m[1mConsolidate compiler generated dependencies of target interface_pkg__rosidl_typesupport_fastrtps_cpp[0m
[0.675s] [ 51%] Built target interface_pkg__rosidl_typesupport_introspection_c
[0.682s] [ 61%] Built target interface_pkg__rosidl_typesupport_c
[0.693s] [ 70%] Built target interface_pkg__rosidl_typesupport_fastrtps_cpp
[0.723s] [ 70%] Built target interface_pkg
[0.757s] [ 74%] Built target interface_pkg__py
[0.774s] [35m[1mConsolidate compiler generated dependencies of target interface_pkg__rosidl_generator_py[0m
[0.790s] [ 80%] Built target interface_pkg__rosidl_generator_py
[0.818s] [35m[1mConsolidate compiler generated dependencies of target interface_pkg__rosidl_typesupport_fastrtps_c__pyext[0m
[0.829s] [35m[1mConsolidate compiler generated dependencies of target interface_pkg__rosidl_typesupport_introspection_c__pyext[0m
[0.854s] [ 87%] Built target interface_pkg__rosidl_typesupport_fastrtps_c__pyext
[0.861s] [ 93%] Built target interface_pkg__rosidl_typesupport_introspection_c__pyext
[0.871s] [35m[1mConsolidate compiler generated dependencies of target interface_pkg__rosidl_typesupport_c__pyext[0m
[0.888s] [100%] Built target interface_pkg__rosidl_typesupport_c__pyext
[0.942s] running egg_info
[0.943s] writing interface_pkg.egg-info/PKG-INFO
[0.944s] writing dependency_links to interface_pkg.egg-info/dependency_links.txt
[0.944s] writing top-level names to interface_pkg.egg-info/top_level.txt
[0.947s] reading manifest file 'interface_pkg.egg-info/SOURCES.txt'
[0.948s] writing manifest file 'interface_pkg.egg-info/SOURCES.txt'
[0.977s] [100%] Built target ament_cmake_python_build_interface_pkg_egg
[0.993s] Invoked command in '/home/moayyed/agri_bot1/build/interface_pkg' returned '0': CMAKE_PREFIX_PATH=${CMAKE_PREFIX_PATH}:/home/moayyed/agri_bot1/install/sensors_pkg:/home/moayyed/ros_ws/install/my_py_pkg:/opt/ros/humble /usr/bin/cmake --build /home/moayyed/agri_bot1/build/interface_pkg -- -j3 -l3
[1.132s] Invoking command in '/home/moayyed/agri_bot1/build/interface_pkg': CMAKE_PREFIX_PATH=${CMAKE_PREFIX_PATH}:/home/moayyed/agri_bot1/install/sensors_pkg:/home/moayyed/ros_ws/install/my_py_pkg:/opt/ros/humble /usr/bin/cmake --install /home/moayyed/agri_bot1/build/interface_pkg
[1.145s] -- Install configuration: ""
[1.145s] -- Up-to-date: /home/moayyed/agri_bot1/install/interface_pkg/share/ament_index/resource_index/rosidl_interfaces/interface_pkg
[1.145s] -- Up-to-date: /home/moayyed/agri_bot1/install/interface_pkg/include/interface_pkg/interface_pkg
[1.145s] -- Up-to-date: /home/moayyed/agri_bot1/install/interface_pkg/include/interface_pkg/interface_pkg/msg
[1.145s] -- Up-to-date: /home/moayyed/agri_bot1/install/interface_pkg/include/interface_pkg/interface_pkg/msg/detail
[1.145s] -- Up-to-date: /home/moayyed/agri_bot1/install/interface_pkg/include/interface_pkg/interface_pkg/msg/detail/detection__functions.c
[1.145s] -- Up-to-date: /home/moayyed/agri_bot1/install/interface_pkg/include/interface_pkg/interface_pkg/msg/detail/detection__type_support.h
[1.146s] -- Up-to-date: /home/moayyed/agri_bot1/install/interface_pkg/include/interface_pkg/interface_pkg/msg/detail/detection__struct.h
[1.146s] -- Up-to-date: /home/moayyed/agri_bot1/install/interface_pkg/include/interface_pkg/interface_pkg/msg/detail/detection__functions.h
[1.146s] -- Up-to-date: /home/moayyed/agri_bot1/install/interface_pkg/include/interface_pkg/interface_pkg/msg/detection.h
[1.146s] -- Up-to-date: /home/moayyed/agri_bot1/install/interface_pkg/include/interface_pkg/interface_pkg/msg/rosidl_generator_c__visibility_control.h
[1.146s] -- Up-to-date: /home/moayyed/agri_bot1/install/interface_pkg/share/interface_pkg/environment/library_path.sh
[1.146s] -- Up-to-date: /home/moayyed/agri_bot1/install/interface_pkg/share/interface_pkg/environment/library_path.dsv
[1.146s] -- Up-to-date: /home/moayyed/agri_bot1/install/interface_pkg/lib/libinterface_pkg__rosidl_generator_c.so
[1.146s] -- Up-to-date: /home/moayyed/agri_bot1/install/interface_pkg/include/interface_pkg/interface_pkg
[1.146s] -- Up-to-date: /home/moayyed/agri_bot1/install/interface_pkg/include/interface_pkg/interface_pkg/msg
[1.146s] -- Up-to-date: /home/moayyed/agri_bot1/install/interface_pkg/include/interface_pkg/interface_pkg/msg/detail
[1.146s] -- Up-to-date: /home/moayyed/agri_bot1/install/interface_pkg/include/interface_pkg/interface_pkg/msg/detail/detection__rosidl_typesupport_fastrtps_c.h
[1.147s] -- Up-to-date: /home/moayyed/agri_bot1/install/interface_pkg/include/interface_pkg/interface_pkg/msg/rosidl_typesupport_fastrtps_c__visibility_control.h
[1.147s] -- Up-to-date: /home/moayyed/agri_bot1/install/interface_pkg/lib/libinterface_pkg__rosidl_typesupport_fastrtps_c.so
[1.147s] -- Up-to-date: /home/moayyed/agri_bot1/install/interface_pkg/include/interface_pkg/interface_pkg
[1.147s] -- Up-to-date: /home/moayyed/agri_bot1/install/interface_pkg/include/interface_pkg/interface_pkg/msg
[1.147s] -- Up-to-date: /home/moayyed/agri_bot1/install/interface_pkg/include/interface_pkg/interface_pkg/msg/detail
[1.147s] -- Up-to-date: /home/moayyed/agri_bot1/install/interface_pkg/include/interface_pkg/interface_pkg/msg/detail/detection__rosidl_typesupport_introspection_c.h
[1.147s] -- Up-to-date: /home/moayyed/agri_bot1/install/interface_pkg/include/interface_pkg/interface_pkg/msg/detail/detection__type_support.c
[1.147s] -- Up-to-date: /home/moayyed/agri_bot1/install/interface_pkg/include/interface_pkg/interface_pkg/msg/rosidl_typesupport_introspection_c__visibility_control.h
[1.147s] -- Up-to-date: /home/moayyed/agri_bot1/install/interface_pkg/lib/libinterface_pkg__rosidl_typesupport_introspection_c.so
[1.147s] -- Up-to-date: /home/moayyed/agri_bot1/install/interface_pkg/lib/libinterface_pkg__rosidl_typesupport_c.so
[1.147s] -- Up-to-date: /home/moayyed/agri_bot1/install/interface_pkg/include/interface_pkg/interface_pkg
[1.148s] -- Up-to-date: /home/moayyed/agri_bot1/install/interface_pkg/include/interface_pkg/interface_pkg/msg
[1.148s] -- Up-to-date: /home/moayyed/agri_bot1/install/interface_pkg/include/interface_pkg/interface_pkg/msg/detail
[1.148s] -- Up-to-date: /home/moayyed/agri_bot1/install/interface_pkg/include/interface_pkg/interface_pkg/msg/detail/detection__struct.hpp
[1.148s] -- Up-to-date: /home/moayyed/agri_bot1/install/interface_pkg/include/interface_pkg/interface_pkg/msg/detail/detection__builder.hpp
[1.148s] -- Up-to-date: /home/moayyed/agri_bot1/install/interface_pkg/include/interface_pkg/interface_pkg/msg/detail/detection__traits.hpp
[1.148s] -- Up-to-date: /home/moayyed/agri_bot1/install/interface_pkg/include/interface_pkg/interface_pkg/msg/detection.hpp
[1.148s] -- Up-to-date: /home/moayyed/agri_bot1/install/interface_pkg/include/interface_pkg/interface_pkg
[1.148s] -- Up-to-date: /home/moayyed/agri_bot1/install/interface_pkg/include/interface_pkg/interface_pkg/msg
[1.148s] -- Up-to-date: /home/moayyed/agri_bot1/install/interface_pkg/include/interface_pkg/interface_pkg/msg/detail
[1.148s] -- Up-to-date: /home/moayyed/agri_bot1/install/interface_pkg/include/interface_pkg/interface_pkg/msg/detail/dds_fastrtps
[1.148s] -- Up-to-date: /home/moayyed/agri_bot1/install/interface_pkg/include/interface_pkg/interface_pkg/msg/detail/detection__rosidl_typesupport_fastrtps_cpp.hpp
[1.149s] -- Up-to-date: /home/moayyed/agri_bot1/install/interface_pkg/include/interface_pkg/interface_pkg/msg/rosidl_typesupport_fastrtps_cpp__visibility_control.h
[1.149s] -- Up-to-date: /home/moayyed/agri_bot1/install/interface_pkg/lib/libinterface_pkg__rosidl_typesupport_fastrtps_cpp.so
[1.149s] -- Up-to-date: /home/moayyed/agri_bot1/install/interface_pkg/include/interface_pkg/interface_pkg
[1.149s] -- Up-to-date: /home/moayyed/agri_bot1/install/interface_pkg/include/interface_pkg/interface_pkg/msg
[1.149s] -- Up-to-date: /home/moayyed/agri_bot1/install/interface_pkg/include/interface_pkg/interface_pkg/msg/detail
[1.149s] -- Up-to-date: /home/moayyed/agri_bot1/install/interface_pkg/include/interface_pkg/interface_pkg/msg/detail/detection__rosidl_typesupport_introspection_cpp.hpp
[1.149s] -- Up-to-date: /home/moayyed/agri_bot1/install/interface_pkg/include/interface_pkg/interface_pkg/msg/detail/detection__type_support.cpp
[1.149s] -- Up-to-date: /home/moayyed/agri_bot1/install/interface_pkg/lib/libinterface_pkg__rosidl_typesupport_introspection_cpp.so
[1.149s] -- Up-to-date: /home/moayyed/agri_bot1/install/interface_pkg/lib/libinterface_pkg__rosidl_typesupport_cpp.so
[1.150s] -- Up-to-date: /home/moayyed/agri_bot1/install/interface_pkg/share/interface_pkg/environment/pythonpath.sh
[1.150s] -- Up-to-date: /home/moayyed/agri_bot1/install/interface_pkg/share/interface_pkg/environment/pythonpath.dsv
[1.150s] -- Up-to-date: /home/moayyed/agri_bot1/install/interface_pkg/local/lib/python3.10/dist-packages/interface_pkg-0.0.0-py3.10.egg-info
[1.150s] -- Installing: /home/moayyed/agri_bot1/install/interface_pkg/local/lib/python3.10/dist-packages/interface_pkg-0.0.0-py3.10.egg-info/SOURCES.txt
[1.150s] -- Installing: /home/moayyed/agri_bot1/install/interface_pkg/local/lib/python3.10/dist-packages/interface_pkg-0.0.0-py3.10.egg-info/top_level.txt
[1.150s] -- Installing: /home/moayyed/agri_bot1/install/interface_pkg/local/lib/python3.10/dist-packages/interface_pkg-0.0.0-py3.10.egg-info/dependency_links.txt
[1.150s] -- Installing: /home/moayyed/agri_bot1/install/interface_pkg/local/lib/python3.10/dist-packages/interface_pkg-0.0.0-py3.10.egg-info/PKG-INFO
[1.150s] -- Up-to-date: /home/moayyed/agri_bot1/install/interface_pkg/local/lib/python3.10/dist-packages/interface_pkg
[1.150s] -- Up-to-date: /home/moayyed/agri_bot1/install/interface_pkg/local/lib/python3.10/dist-packages/interface_pkg/libinterface_pkg__rosidl_generator_py.so
[1.151s] -- Up-to-date: /home/moayyed/agri_bot1/install/interface_pkg/local/lib/python3.10/dist-packages/interface_pkg/_interface_pkg_s.ep.rosidl_typesupport_c.c
[1.151s] -- Up-to-date: /home/moayyed/agri_bot1/install/interface_pkg/local/lib/python3.10/dist-packages/interface_pkg/interface_pkg_s__rosidl_typesupport_c.cpython-310-x86_64-linux-gnu.so
[1.151s] -- Up-to-date: /home/moayyed/agri_bot1/install/interface_pkg/local/lib/python3.10/dist-packages/interface_pkg/interface_pkg_s__rosidl_typesupport_introspection_c.cpython-310-x86_64-linux-gnu.so
[1.151s] -- Up-to-date: /home/moayyed/agri_bot1/install/interface_pkg/local/lib/python3.10/dist-packages/interface_pkg/interface_pkg_s__rosidl_typesupport_fastrtps_c.cpython-310-x86_64-linux-gnu.so
[1.151s] -- Up-to-date: /home/moayyed/agri_bot1/install/interface_pkg/local/lib/python3.10/dist-packages/interface_pkg/msg
[1.151s] -- Up-to-date: /home/moayyed/agri_bot1/install/interface_pkg/local/lib/python3.10/dist-packages/interface_pkg/msg/_detection_s.c
[1.151s] -- Up-to-date: /home/moayyed/agri_bot1/install/interface_pkg/local/lib/python3.10/dist-packages/interface_pkg/msg/_detection.py
[1.152s] -- Up-to-date: /home/moayyed/agri_bot1/install/interface_pkg/local/lib/python3.10/dist-packages/interface_pkg/msg/__init__.py
[1.152s] -- Up-to-date: /home/moayyed/agri_bot1/install/interface_pkg/local/lib/python3.10/dist-packages/interface_pkg/_interface_pkg_s.ep.rosidl_typesupport_introspection_c.c
[1.152s] -- Up-to-date: /home/moayyed/agri_bot1/install/interface_pkg/local/lib/python3.10/dist-packages/interface_pkg/_interface_pkg_s.ep.rosidl_typesupport_fastrtps_c.c
[1.152s] -- Up-to-date: /home/moayyed/agri_bot1/install/interface_pkg/local/lib/python3.10/dist-packages/interface_pkg/__init__.py
[1.183s] Listing '/home/moayyed/agri_bot1/install/interface_pkg/local/lib/python3.10/dist-packages/interface_pkg'...
[1.183s] Listing '/home/moayyed/agri_bot1/install/interface_pkg/local/lib/python3.10/dist-packages/interface_pkg/msg'...
[1.187s] -- Up-to-date: /home/moayyed/agri_bot1/install/interface_pkg/local/lib/python3.10/dist-packages/interface_pkg/interface_pkg_s__rosidl_typesupport_fastrtps_c.cpython-310-x86_64-linux-gnu.so
[1.187s] -- Up-to-date: /home/moayyed/agri_bot1/install/interface_pkg/local/lib/python3.10/dist-packages/interface_pkg/interface_pkg_s__rosidl_typesupport_introspection_c.cpython-310-x86_64-linux-gnu.so
[1.188s] -- Up-to-date: /home/moayyed/agri_bot1/install/interface_pkg/local/lib/python3.10/dist-packages/interface_pkg/interface_pkg_s__rosidl_typesupport_c.cpython-310-x86_64-linux-gnu.so
[1.188s] -- Up-to-date: /home/moayyed/agri_bot1/install/interface_pkg/lib/libinterface_pkg__rosidl_generator_py.so
[1.189s] -- Up-to-date: /home/moayyed/agri_bot1/install/interface_pkg/share/interface_pkg/msg/Detection.idl
[1.189s] -- Up-to-date: /home/moayyed/agri_bot1/install/interface_pkg/share/interface_pkg/msg/Detection.msg
[1.189s] -- Up-to-date: /home/moayyed/agri_bot1/install/interface_pkg/share/ament_index/resource_index/package_run_dependencies/interface_pkg
[1.189s] -- Up-to-date: /home/moayyed/agri_bot1/install/interface_pkg/share/ament_index/resource_index/parent_prefix_path/interface_pkg
[1.189s] -- Up-to-date: /home/moayyed/agri_bot1/install/interface_pkg/share/interface_pkg/environment/ament_prefix_path.sh
[1.189s] -- Up-to-date: /home/moayyed/agri_bot1/install/interface_pkg/share/interface_pkg/environment/ament_prefix_path.dsv
[1.189s] -- Up-to-date: /home/moayyed/agri_bot1/install/interface_pkg/share/interface_pkg/environment/path.sh
[1.189s] -- Up-to-date: /home/moayyed/agri_bot1/install/interface_pkg/share/interface_pkg/environment/path.dsv
[1.189s] -- Up-to-date: /home/moayyed/agri_bot1/install/interface_pkg/share/interface_pkg/local_setup.bash
[1.189s] -- Up-to-date: /home/moayyed/agri_bot1/install/interface_pkg/share/interface_pkg/local_setup.sh
[1.189s] -- Up-to-date: /home/moayyed/agri_bot1/install/interface_pkg/share/interface_pkg/local_setup.zsh
[1.189s] -- Up-to-date: /home/moayyed/agri_bot1/install/interface_pkg/share/interface_pkg/local_setup.dsv
[1.190s] -- Installing: /home/moayyed/agri_bot1/install/interface_pkg/share/interface_pkg/package.dsv
[1.190s] -- Up-to-date: /home/moayyed/agri_bot1/install/interface_pkg/share/ament_index/resource_index/packages/interface_pkg
[1.190s] -- Up-to-date: /home/moayyed/agri_bot1/install/interface_pkg/share/interface_pkg/cmake/export_interface_pkg__rosidl_generator_cExport.cmake
[1.190s] -- Up-to-date: /home/moayyed/agri_bot1/install/interface_pkg/share/interface_pkg/cmake/export_interface_pkg__rosidl_generator_cExport-noconfig.cmake
[1.190s] -- Up-to-date: /home/moayyed/agri_bot1/install/interface_pkg/share/interface_pkg/cmake/export_interface_pkg__rosidl_typesupport_fastrtps_cExport.cmake
[1.190s] -- Up-to-date: /home/moayyed/agri_bot1/install/interface_pkg/share/interface_pkg/cmake/export_interface_pkg__rosidl_typesupport_fastrtps_cExport-noconfig.cmake
[1.190s] -- Up-to-date: /home/moayyed/agri_bot1/install/interface_pkg/share/interface_pkg/cmake/interface_pkg__rosidl_typesupport_introspection_cExport.cmake
[1.190s] -- Up-to-date: /home/moayyed/agri_bot1/install/interface_pkg/share/interface_pkg/cmake/interface_pkg__rosidl_typesupport_introspection_cExport-noconfig.cmake
[1.190s] -- Up-to-date: /home/moayyed/agri_bot1/install/interface_pkg/share/interface_pkg/cmake/interface_pkg__rosidl_typesupport_cExport.cmake
[1.190s] -- Up-to-date: /home/moayyed/agri_bot1/install/interface_pkg/share/interface_pkg/cmake/interface_pkg__rosidl_typesupport_cExport-noconfig.cmake
[1.190s] -- Up-to-date: /home/moayyed/agri_bot1/install/interface_pkg/share/interface_pkg/cmake/export_interface_pkg__rosidl_generator_cppExport.cmake
[1.191s] -- Up-to-date: /home/moayyed/agri_bot1/install/interface_pkg/share/interface_pkg/cmake/export_interface_pkg__rosidl_typesupport_fastrtps_cppExport.cmake
[1.191s] -- Up-to-date: /home/moayyed/agri_bot1/install/interface_pkg/share/interface_pkg/cmake/export_interface_pkg__rosidl_typesupport_fastrtps_cppExport-noconfig.cmake
[1.191s] -- Up-to-date: /home/moayyed/agri_bot1/install/interface_pkg/share/interface_pkg/cmake/interface_pkg__rosidl_typesupport_introspection_cppExport.cmake
[1.191s] -- Up-to-date: /home/moayyed/agri_bot1/install/interface_pkg/share/interface_pkg/cmake/interface_pkg__rosidl_typesupport_introspection_cppExport-noconfig.cmake
[1.191s] -- Up-to-date: /home/moayyed/agri_bot1/install/interface_pkg/share/interface_pkg/cmake/interface_pkg__rosidl_typesupport_cppExport.cmake
[1.191s] -- Up-to-date: /home/moayyed/agri_bot1/install/interface_pkg/share/interface_pkg/cmake/interface_pkg__rosidl_typesupport_cppExport-noconfig.cmake
[1.191s] -- Up-to-date: /home/moayyed/agri_bot1/install/interface_pkg/share/interface_pkg/cmake/export_interface_pkg__rosidl_generator_pyExport.cmake
[1.191s] -- Up-to-date: /home/moayyed/agri_bot1/install/interface_pkg/share/interface_pkg/cmake/export_interface_pkg__rosidl_generator_pyExport-noconfig.cmake
[1.191s] -- Up-to-date: /home/moayyed/agri_bot1/install/interface_pkg/share/interface_pkg/cmake/rosidl_cmake-extras.cmake
[1.191s] -- Up-to-date: /home/moayyed/agri_bot1/install/interface_pkg/share/interface_pkg/cmake/ament_cmake_export_include_directories-extras.cmake
[1.191s] -- Up-to-date: /home/moayyed/agri_bot1/install/interface_pkg/share/interface_pkg/cmake/ament_cmake_export_libraries-extras.cmake
[1.191s] -- Up-to-date: /home/moayyed/agri_bot1/install/interface_pkg/share/interface_pkg/cmake/ament_cmake_export_targets-extras.cmake
[1.191s] -- Up-to-date: /home/moayyed/agri_bot1/install/interface_pkg/share/interface_pkg/cmake/rosidl_cmake_export_typesupport_targets-extras.cmake
[1.192s] -- Up-to-date: /home/moayyed/agri_bot1/install/interface_pkg/share/interface_pkg/cmake/ament_cmake_export_dependencies-extras.cmake
[1.192s] -- Up-to-date: /home/moayyed/agri_bot1/install/interface_pkg/share/interface_pkg/cmake/rosidl_cmake_export_typesupport_libraries-extras.cmake
[1.192s] -- Up-to-date: /home/moayyed/agri_bot1/install/interface_pkg/share/interface_pkg/cmake/interface_pkgConfig.cmake
[1.192s] -- Up-to-date: /home/moayyed/agri_bot1/install/interface_pkg/share/interface_pkg/cmake/interface_pkgConfig-version.cmake
[1.192s] -- Up-to-date: /home/moayyed/agri_bot1/install/interface_pkg/share/interface_pkg/package.xml
[1.200s] Invoked command in '/home/moayyed/agri_bot1/build/interface_pkg' returned '0': CMAKE_PREFIX_PATH=${CMAKE_PREFIX_PATH}:/home/moayyed/agri_bot1/install/sensors_pkg:/home/moayyed/ros_ws/install/my_py_pkg:/opt/ros/humble /usr/bin/cmake --install /home/moayyed/agri_bot1/build/interface_pkg
